[3.085s] Invoking command in '/home/pi/test_ws/build/urdf_wow_monk': PYTHONPATH=/home/pi/test_ws/build/urdf_wow_monk/prefix_override:/home/pi/test_ws/install/urdf_wow_monk/lib/python3.11/site-packages:${PYTHONPATH} /usr/bin/python3 setup.py develop --editable --build-directory /home/pi/test_ws/build/urdf_wow_monk/build --no-deps install_data
[4.165s] running develop
[4.165s] /usr/lib/python3/dist-packages/setuptools/command/easy_install.py:146: EasyInstallDeprecationWarning: easy_install command is deprecated. Use build and pip and other standards-based tools.
[4.165s]   warnings.warn(
[4.254s] /usr/lib/python3/dist-packages/setuptools/command/install.py:34: SetuptoolsDeprecationWarning: setup.py install is deprecated. Use build and pip and other standards-based tools.
[4.254s]   warnings.warn(
[4.750s] running egg_info
[4.810s] writing urdf_wow_monk.egg-info/PKG-INFO
[4.810s] writing dependency_links to urdf_wow_monk.egg-info/dependency_links.txt
[4.813s] writing entry points to urdf_wow_monk.egg-info/entry_points.txt
[4.822s] writing requirements to urdf_wow_monk.egg-info/requires.txt
[4.822s] writing top-level names to urdf_wow_monk.egg-info/top_level.txt
[4.966s] reading manifest file 'urdf_wow_monk.egg-info/SOURCES.txt'
[4.968s] writing manifest file 'urdf_wow_monk.egg-info/SOURCES.txt'
[5.041s] running build_ext
[5.041s] Creating /home/pi/test_ws/install/urdf_wow_monk/lib/python3.11/site-packages/urdf-wow-monk.egg-link (link to .)
[5.042s] Installing state_publisher script to /home/pi/test_ws/install/urdf_wow_monk/lib/urdf_wow_monk
[5.043s] 
[5.043s] Installed /home/pi/test_ws/build/urdf_wow_monk
[5.043s] running install_data
[5.046s] copying launch/demo_launch.py -> /home/pi/test_ws/install/urdf_wow_monk/share/urdf_wow_monk/launch
[5.269s] Invoked command in '/home/pi/test_ws/build/urdf_wow_monk' returned '0': PYTHONPATH=/home/pi/test_ws/build/urdf_wow_monk/prefix_override:/home/pi/test_ws/install/urdf_wow_monk/lib/python3.11/site-packages:${PYTHONPATH} /usr/bin/python3 setup.py develop --editable --build-directory /home/pi/test_ws/build/urdf_wow_monk/build --no-deps install_data
