[5.405s] Invoking command in '/home/pi/test_ws/build/urdf_wow_monk': PYTHONPATH=/home/pi/test_ws/build/urdf_wow_monk/prefix_override:/home/pi/test_ws/install/urdf_wow_monk/lib/python3.11/site-packages:${PYTHONPATH} /usr/bin/python3 setup.py develop --editable --build-directory /home/pi/test_ws/build/urdf_wow_monk/build --no-deps install_data
[6.925s] /usr/lib/python3/dist-packages/setuptools/command/easy_install.py:146: EasyInstallDeprecationWarning: easy_install command is deprecated. Use build and pip and other standards-based tools.
[6.926s]   warnings.warn(
[6.927s] running develop
[7.080s] /usr/lib/python3/dist-packages/setuptools/command/install.py:34: SetuptoolsDeprecationWarning: setup.py install is deprecated. Use build and pip and other standards-based tools.
[7.080s]   warnings.warn(
[8.040s] running egg_info
[8.087s] writing urdf_wow_monk.egg-info/PKG-INFO
[8.087s] writing dependency_links to urdf_wow_monk.egg-info/dependency_links.txt
[8.088s] writing entry points to urdf_wow_monk.egg-info/entry_points.txt
[8.093s] writing requirements to urdf_wow_monk.egg-info/requires.txt
[8.093s] writing top-level names to urdf_wow_monk.egg-info/top_level.txt
[8.227s] reading manifest file 'urdf_wow_monk.egg-info/SOURCES.txt'
[8.240s] writing manifest file 'urdf_wow_monk.egg-info/SOURCES.txt'
[8.389s] running build_ext
[8.390s] Creating /home/pi/test_ws/install/urdf_wow_monk/lib/python3.11/site-packages/urdf-wow-monk.egg-link (link to .)
[8.396s] Installing state_publisher script to /home/pi/test_ws/install/urdf_wow_monk/lib/urdf_wow_monk
[8.399s] 
[8.400s] Installed /home/pi/test_ws/build/urdf_wow_monk
[8.400s] running install_data
[8.984s] Invoked command in '/home/pi/test_ws/build/urdf_wow_monk' returned '0': PYTHONPATH=/home/pi/test_ws/build/urdf_wow_monk/prefix_override:/home/pi/test_ws/install/urdf_wow_monk/lib/python3.11/site-packages:${PYTHONPATH} /usr/bin/python3 setup.py develop --editable --build-directory /home/pi/test_ws/build/urdf_wow_monk/build --no-deps install_data
