[3.175s] Invoking command in '/home/pi/test_ws/build/urdf_wow_monk': PYTHONPATH=/home/pi/test_ws/build/urdf_wow_monk/prefix_override:/home/pi/test_ws/install/urdf_wow_monk/lib/python3.11/site-packages:${PYTHONPATH} /usr/bin/python3 setup.py develop --editable --build-directory /home/pi/test_ws/build/urdf_wow_monk/build --no-deps install_data
[4.683s] running develop
[4.683s] /usr/lib/python3/dist-packages/setuptools/command/easy_install.py:146: EasyInstallDeprecationWarning: easy_install command is deprecated. Use build and pip and other standards-based tools.
[4.683s]   warnings.warn(
[4.894s] /usr/lib/python3/dist-packages/setuptools/command/install.py:34: SetuptoolsDeprecationWarning: setup.py install is deprecated. Use build and pip and other standards-based tools.
[4.894s]   warnings.warn(
[5.826s] running egg_info
[5.918s] writing urdf_wow_monk.egg-info/PKG-INFO
[5.920s] writing dependency_links to urdf_wow_monk.egg-info/dependency_links.txt
[5.923s] writing entry points to urdf_wow_monk.egg-info/entry_points.txt
[5.930s] writing requirements to urdf_wow_monk.egg-info/requires.txt
[5.930s] writing top-level names to urdf_wow_monk.egg-info/top_level.txt
[6.178s] reading manifest file 'urdf_wow_monk.egg-info/SOURCES.txt'
[6.178s] writing manifest file 'urdf_wow_monk.egg-info/SOURCES.txt'
[6.312s] running build_ext
[6.314s] Creating /home/pi/test_ws/install/urdf_wow_monk/lib/python3.11/site-packages/urdf-wow-monk.egg-link (link to .)
[6.317s] Installing state_publisher script to /home/pi/test_ws/install/urdf_wow_monk/lib/urdf_wow_monk
[6.317s] 
[6.317s] Installed /home/pi/test_ws/build/urdf_wow_monk
[6.317s] running install_data
[6.317s] copying launch/demo_launch.py -> /home/pi/test_ws/install/urdf_wow_monk/share/urdf_wow_monk/launch
[6.623s] Invoked command in '/home/pi/test_ws/build/urdf_wow_monk' returned '0': PYTHONPATH=/home/pi/test_ws/build/urdf_wow_monk/prefix_override:/home/pi/test_ws/install/urdf_wow_monk/lib/python3.11/site-packages:${PYTHONPATH} /usr/bin/python3 setup.py develop --editable --build-directory /home/pi/test_ws/build/urdf_wow_monk/build --no-deps install_data
