[2.834s] Invoking command in '/home/pi/test_ws/build/urdf_wow_monk': PYTHONPATH=/home/pi/test_ws/build/urdf_wow_monk/prefix_override:/home/pi/test_ws/install/urdf_wow_monk/lib/python3.11/site-packages:${PYTHONPATH} /usr/bin/python3 setup.py develop --editable --build-directory /home/pi/test_ws/build/urdf_wow_monk/build --no-deps install_data
[3.780s] running develop
[3.780s] /usr/lib/python3/dist-packages/setuptools/command/easy_install.py:146: EasyInstallDeprecationWarning: easy_install command is deprecated. Use build and pip and other standards-based tools.
[3.780s]   warnings.warn(
[3.861s] /usr/lib/python3/dist-packages/setuptools/command/install.py:34: SetuptoolsDeprecationWarning: setup.py install is deprecated. Use build and pip and other standards-based tools.
[3.861s]   warnings.warn(
[4.282s] running egg_info
[4.320s] writing urdf_wow_monk.egg-info/PKG-INFO
[4.320s] writing dependency_links to urdf_wow_monk.egg-info/dependency_links.txt
[4.322s] writing entry points to urdf_wow_monk.egg-info/entry_points.txt
[4.326s] writing requirements to urdf_wow_monk.egg-info/requires.txt
[4.327s] writing top-level names to urdf_wow_monk.egg-info/top_level.txt
[4.403s] reading manifest file 'urdf_wow_monk.egg-info/SOURCES.txt'
[4.403s] writing manifest file 'urdf_wow_monk.egg-info/SOURCES.txt'
[4.449s] running build_ext
[4.449s] Creating /home/pi/test_ws/install/urdf_wow_monk/lib/python3.11/site-packages/urdf-wow-monk.egg-link (link to .)
[4.449s] Installing state_publisher script to /home/pi/test_ws/install/urdf_wow_monk/lib/urdf_wow_monk
[4.449s] 
[4.449s] Installed /home/pi/test_ws/build/urdf_wow_monk
[4.449s] running install_data
[4.618s] Invoked command in '/home/pi/test_ws/build/urdf_wow_monk' returned '0': PYTHONPATH=/home/pi/test_ws/build/urdf_wow_monk/prefix_override:/home/pi/test_ws/install/urdf_wow_monk/lib/python3.11/site-packages:${PYTHONPATH} /usr/bin/python3 setup.py develop --editable --build-directory /home/pi/test_ws/build/urdf_wow_monk/build --no-deps install_data
