running develop
/usr/lib/python3/dist-packages/setuptools/command/easy_install.py:146: EasyInstallDeprecationWarning: easy_install command is deprecated. Use build and pip and other standards-based tools.
  warnings.warn(
/usr/lib/python3/dist-packages/setuptools/command/install.py:34: SetuptoolsDeprecationWarning: setup.py install is deprecated. Use build and pip and other standards-based tools.
  warnings.warn(
running egg_info
creating gps_publisher.egg-info
writing gps_publisher.egg-info/PKG-INFO
writing dependency_links to gps_publisher.egg-info/dependency_links.txt
writing entry points to gps_publisher.egg-info/entry_points.txt
writing requirements to gps_publisher.egg-info/requires.txt
writing top-level names to gps_publisher.egg-info/top_level.txt
writing manifest file 'gps_publisher.egg-info/SOURCES.txt'
reading manifest file 'gps_publisher.egg-info/SOURCES.txt'
writing manifest file 'gps_publisher.egg-info/SOURCES.txt'
running build_ext
Creating /home/pi/test_ws/install/gps_publisher/lib/python3.11/site-packages/gps-publisher.egg-link (link to .)
Installing gps_node script to /home/pi/test_ws/install/gps_publisher/lib/gps_publisher

Installed /home/pi/test_ws/build/gps_publisher
running install_data
creating /home/pi/test_ws/install/gps_publisher/share/ament_index
creating /home/pi/test_ws/install/gps_publisher/share/ament_index/resource_index
creating /home/pi/test_ws/install/gps_publisher/share/ament_index/resource_index/packages
copying resource/gps_publisher -> /home/pi/test_ws/install/gps_publisher/share/ament_index/resource_index/packages
copying package.xml -> /home/pi/test_ws/install/gps_publisher/share/gps_publisher
