[2.760s] Invoking command in '/home/pi/test_ws/build/gps_publisher': PYTHONPATH=/home/pi/test_ws/build/gps_publisher/prefix_override:/home/pi/test_ws/install/gps_publisher/lib/python3.11/site-packages:${PYTHONPATH} /usr/bin/python3 setup.py develop --editable --build-directory /home/pi/test_ws/build/gps_publisher/build --no-deps install_data
[4.619s] running develop
[4.620s] /usr/lib/python3/dist-packages/setuptools/command/easy_install.py:146: EasyInstallDeprecationWarning: easy_install command is deprecated. Use build and pip and other standards-based tools.
[4.620s]   warnings.warn(
[4.712s] /usr/lib/python3/dist-packages/setuptools/command/install.py:34: SetuptoolsDeprecationWarning: setup.py install is deprecated. Use build and pip and other standards-based tools.
[4.712s]   warnings.warn(
[5.185s] running egg_info
[5.186s] creating gps_publisher.egg-info
[5.224s] writing gps_publisher.egg-info/PKG-INFO
[5.224s] writing dependency_links to gps_publisher.egg-info/dependency_links.txt
[5.224s] writing entry points to gps_publisher.egg-info/entry_points.txt
[5.225s] writing requirements to gps_publisher.egg-info/requires.txt
[5.225s] writing top-level names to gps_publisher.egg-info/top_level.txt
[5.225s] writing manifest file 'gps_publisher.egg-info/SOURCES.txt'
[5.302s] reading manifest file 'gps_publisher.egg-info/SOURCES.txt'
[5.303s] writing manifest file 'gps_publisher.egg-info/SOURCES.txt'
[5.347s] running build_ext
[5.347s] Creating /home/pi/test_ws/install/gps_publisher/lib/python3.11/site-packages/gps-publisher.egg-link (link to .)
[5.348s] Installing gps_node script to /home/pi/test_ws/install/gps_publisher/lib/gps_publisher
[5.348s] 
[5.348s] Installed /home/pi/test_ws/build/gps_publisher
[5.348s] running install_data
[5.349s] creating /home/pi/test_ws/install/gps_publisher/share/ament_index
[5.349s] creating /home/pi/test_ws/install/gps_publisher/share/ament_index/resource_index
[5.349s] creating /home/pi/test_ws/install/gps_publisher/share/ament_index/resource_index/packages
[5.349s] copying resource/gps_publisher -> /home/pi/test_ws/install/gps_publisher/share/ament_index/resource_index/packages
[5.349s] copying package.xml -> /home/pi/test_ws/install/gps_publisher/share/gps_publisher
[5.518s] Invoked command in '/home/pi/test_ws/build/gps_publisher' returned '0': PYTHONPATH=/home/pi/test_ws/build/gps_publisher/prefix_override:/home/pi/test_ws/install/gps_publisher/lib/python3.11/site-packages:${PYTHONPATH} /usr/bin/python3 setup.py develop --editable --build-directory /home/pi/test_ws/build/gps_publisher/build --no-deps install_data
