[3.448s] Invoking command in '/home/pi/test_ws/build/urdf_wow_monk': PYTHONPATH=/home/pi/test_ws/build/urdf_wow_monk/prefix_override:/home/pi/test_ws/install/urdf_wow_monk/lib/python3.11/site-packages:${PYTHONPATH} /usr/bin/python3 setup.py develop --editable --build-directory /home/pi/test_ws/build/urdf_wow_monk/build --no-deps install_data
[5.151s] running develop
[5.151s] /usr/lib/python3/dist-packages/setuptools/command/easy_install.py:146: EasyInstallDeprecationWarning: easy_install command is deprecated. Use build and pip and other standards-based tools.
[5.151s]   warnings.warn(
[5.369s] /usr/lib/python3/dist-packages/setuptools/command/install.py:34: SetuptoolsDeprecationWarning: setup.py install is deprecated. Use build and pip and other standards-based tools.
[5.370s]   warnings.warn(
[5.980s] running egg_info
[6.022s] writing urdf_wow_monk.egg-info/PKG-INFO
[6.022s] writing dependency_links to urdf_wow_monk.egg-info/dependency_links.txt
[6.026s] writing entry points to urdf_wow_monk.egg-info/entry_points.txt
[6.027s] writing requirements to urdf_wow_monk.egg-info/requires.txt
[6.029s] writing top-level names to urdf_wow_monk.egg-info/top_level.txt
[6.128s] reading manifest file 'urdf_wow_monk.egg-info/SOURCES.txt'
[6.137s] writing manifest file 'urdf_wow_monk.egg-info/SOURCES.txt'
[6.214s] running build_ext
[6.214s] Creating /home/pi/test_ws/install/urdf_wow_monk/lib/python3.11/site-packages/urdf-wow-monk.egg-link (link to .)
[6.216s] Installing state_publisher script to /home/pi/test_ws/install/urdf_wow_monk/lib/urdf_wow_monk
[6.216s] 
[6.216s] Installed /home/pi/test_ws/build/urdf_wow_monk
[6.217s] running install_data
[6.217s] copying launch/demo_launch.py -> /home/pi/test_ws/install/urdf_wow_monk/share/urdf_wow_monk/launch
[6.221s] copying urdf/wow_monk.urdf.xml -> /home/pi/test_ws/install/urdf_wow_monk/share/urdf_wow_monk
[6.426s] Invoked command in '/home/pi/test_ws/build/urdf_wow_monk' returned '0': PYTHONPATH=/home/pi/test_ws/build/urdf_wow_monk/prefix_override:/home/pi/test_ws/install/urdf_wow_monk/lib/python3.11/site-packages:${PYTHONPATH} /usr/bin/python3 setup.py develop --editable --build-directory /home/pi/test_ws/build/urdf_wow_monk/build --no-deps install_data
