[3.149s] Invoking command in '/home/pi/test_ws/build/urdf_wow_monk': PYTHONPATH=/home/pi/test_ws/build/urdf_wow_monk/prefix_override:/home/pi/test_ws/install/urdf_wow_monk/lib/python3.11/site-packages:${PYTHONPATH} /usr/bin/python3 setup.py develop --editable --build-directory /home/pi/test_ws/build/urdf_wow_monk/build --no-deps install_data
[4.263s] running develop
[4.263s] /usr/lib/python3/dist-packages/setuptools/command/easy_install.py:146: EasyInstallDeprecationWarning: easy_install command is deprecated. Use build and pip and other standards-based tools.
[4.263s]   warnings.warn(
[4.355s] /usr/lib/python3/dist-packages/setuptools/command/install.py:34: SetuptoolsDeprecationWarning: setup.py install is deprecated. Use build and pip and other standards-based tools.
[4.355s]   warnings.warn(
[4.841s] running egg_info
[4.888s] writing urdf_wow_monk.egg-info/PKG-INFO
[4.889s] writing dependency_links to urdf_wow_monk.egg-info/dependency_links.txt
[4.890s] writing entry points to urdf_wow_monk.egg-info/entry_points.txt
[4.890s] writing requirements to urdf_wow_monk.egg-info/requires.txt
[4.891s] writing top-level names to urdf_wow_monk.egg-info/top_level.txt
[4.985s] reading manifest file 'urdf_wow_monk.egg-info/SOURCES.txt'
[4.986s] writing manifest file 'urdf_wow_monk.egg-info/SOURCES.txt'
[5.041s] running build_ext
[5.041s] Creating /home/pi/test_ws/install/urdf_wow_monk/lib/python3.11/site-packages/urdf-wow-monk.egg-link (link to .)
[5.042s] Installing state_publisher script to /home/pi/test_ws/install/urdf_wow_monk/lib/urdf_wow_monk
[5.042s] 
[5.042s] Installed /home/pi/test_ws/build/urdf_wow_monk
[5.042s] running install_data
[5.230s] Invoked command in '/home/pi/test_ws/build/urdf_wow_monk' returned '0': PYTHONPATH=/home/pi/test_ws/build/urdf_wow_monk/prefix_override:/home/pi/test_ws/install/urdf_wow_monk/lib/python3.11/site-packages:${PYTHONPATH} /usr/bin/python3 setup.py develop --editable --build-directory /home/pi/test_ws/build/urdf_wow_monk/build --no-deps install_data
