running develop
running egg_info
creating urdf_wow_monk.egg-info
writing urdf_wow_monk.egg-info/PKG-INFO
writing dependency_links to urdf_wow_monk.egg-info/dependency_links.txt
writing entry points to urdf_wow_monk.egg-info/entry_points.txt
writing requirements to urdf_wow_monk.egg-info/requires.txt
writing top-level names to urdf_wow_monk.egg-info/top_level.txt
writing manifest file 'urdf_wow_monk.egg-info/SOURCES.txt'
reading manifest file 'urdf_wow_monk.egg-info/SOURCES.txt'
writing manifest file 'urdf_wow_monk.egg-info/SOURCES.txt'
running build_ext
Creating /home/pi/test_ws/install/urdf_wow_monk/lib/python3.11/site-packages/urdf-wow-monk.egg-link (link to .)
Installing state_publisher script to /home/pi/test_ws/install/urdf_wow_monk/lib/urdf_wow_monk

Installed /home/pi/test_ws/build/urdf_wow_monk
running install_data
creating /home/pi/test_ws/install/urdf_wow_monk/share/ament_index
creating /home/pi/test_ws/install/urdf_wow_monk/share/ament_index/resource_index
creating /home/pi/test_ws/install/urdf_wow_monk/share/ament_index/resource_index/packages
copying resource/urdf_wow_monk -> /home/pi/test_ws/install/urdf_wow_monk/share/ament_index/resource_index/packages
copying package.xml -> /home/pi/test_ws/install/urdf_wow_monk/share/urdf_wow_monk
creating /home/pi/test_ws/install/urdf_wow_monk/share/urdf_wow_monk/launch
copying launch/demo_launch.py -> /home/pi/test_ws/install/urdf_wow_monk/share/urdf_wow_monk/launch
copying urdf/r2d2.urdf.xml -> /home/pi/test_ws/install/urdf_wow_monk/share/urdf_wow_monk
