[2.740s] Invoking command in '/home/pi/test_ws/build/urdf_wow_monk': PYTHONPATH=/home/pi/test_ws/build/urdf_wow_monk/prefix_override:/home/pi/test_ws/install/urdf_wow_monk/lib/python3.11/site-packages:${PYTHONPATH} /usr/bin/python3 setup.py develop --editable --build-directory /home/pi/test_ws/build/urdf_wow_monk/build --no-deps install_data
[3.681s] running develop
[3.681s] /usr/lib/python3/dist-packages/setuptools/command/easy_install.py:146: EasyInstallDeprecationWarning: easy_install command is deprecated. Use build and pip and other standards-based tools.
[3.681s]   warnings.warn(
[3.761s] /usr/lib/python3/dist-packages/setuptools/command/install.py:34: SetuptoolsDeprecationWarning: setup.py install is deprecated. Use build and pip and other standards-based tools.
[3.761s]   warnings.warn(
[4.174s] running egg_info
[4.212s] writing urdf_wow_monk.egg-info/PKG-INFO
[4.212s] writing dependency_links to urdf_wow_monk.egg-info/dependency_links.txt
[4.213s] writing entry points to urdf_wow_monk.egg-info/entry_points.txt
[4.214s] writing requirements to urdf_wow_monk.egg-info/requires.txt
[4.215s] writing top-level names to urdf_wow_monk.egg-info/top_level.txt
[4.293s] reading manifest file 'urdf_wow_monk.egg-info/SOURCES.txt'
[4.293s] writing manifest file 'urdf_wow_monk.egg-info/SOURCES.txt'
[4.338s] running build_ext
[4.338s] Creating /home/pi/test_ws/install/urdf_wow_monk/lib/python3.11/site-packages/urdf-wow-monk.egg-link (link to .)
[4.339s] Installing state_publisher script to /home/pi/test_ws/install/urdf_wow_monk/lib/urdf_wow_monk
[4.339s] 
[4.339s] Installed /home/pi/test_ws/build/urdf_wow_monk
[4.339s] running install_data
[4.511s] Invoked command in '/home/pi/test_ws/build/urdf_wow_monk' returned '0': PYTHONPATH=/home/pi/test_ws/build/urdf_wow_monk/prefix_override:/home/pi/test_ws/install/urdf_wow_monk/lib/python3.11/site-packages:${PYTHONPATH} /usr/bin/python3 setup.py develop --editable --build-directory /home/pi/test_ws/build/urdf_wow_monk/build --no-deps install_data
