[3.016s] Invoking command in '/home/pi/test_ws/build/urdf_wow_monk': PYTHONPATH=/home/pi/test_ws/build/urdf_wow_monk/prefix_override:/home/pi/test_ws/install/urdf_wow_monk/lib/python3.11/site-packages:${PYTHONPATH} /usr/bin/python3 setup.py develop --editable --build-directory /home/pi/test_ws/build/urdf_wow_monk/build --no-deps install_data
[4.024s] running develop
[4.026s] /usr/lib/python3/dist-packages/setuptools/command/easy_install.py:146: EasyInstallDeprecationWarning: easy_install command is deprecated. Use build and pip and other standards-based tools.
[4.026s]   warnings.warn(
[4.110s] /usr/lib/python3/dist-packages/setuptools/command/install.py:34: SetuptoolsDeprecationWarning: setup.py install is deprecated. Use build and pip and other standards-based tools.
[4.110s]   warnings.warn(
[4.931s] running egg_info
[4.971s] writing urdf_wow_monk.egg-info/PKG-INFO
[4.971s] writing dependency_links to urdf_wow_monk.egg-info/dependency_links.txt
[4.973s] writing entry points to urdf_wow_monk.egg-info/entry_points.txt
[4.977s] writing requirements to urdf_wow_monk.egg-info/requires.txt
[4.978s] writing top-level names to urdf_wow_monk.egg-info/top_level.txt
[5.058s] reading manifest file 'urdf_wow_monk.egg-info/SOURCES.txt'
[5.060s] writing manifest file 'urdf_wow_monk.egg-info/SOURCES.txt'
[5.107s] running build_ext
[5.107s] Creating /home/pi/test_ws/install/urdf_wow_monk/lib/python3.11/site-packages/urdf-wow-monk.egg-link (link to .)
[5.108s] Installing state_publisher script to /home/pi/test_ws/install/urdf_wow_monk/lib/urdf_wow_monk
[5.109s] 
[5.109s] Installed /home/pi/test_ws/build/urdf_wow_monk
[5.109s] running install_data
[5.285s] Invoked command in '/home/pi/test_ws/build/urdf_wow_monk' returned '0': PYTHONPATH=/home/pi/test_ws/build/urdf_wow_monk/prefix_override:/home/pi/test_ws/install/urdf_wow_monk/lib/python3.11/site-packages:${PYTHONPATH} /usr/bin/python3 setup.py develop --editable --build-directory /home/pi/test_ws/build/urdf_wow_monk/build --no-deps install_data
