[3.433s] Invoking command in '/home/pi/test_ws/build/urdf_wow_monk': PYTHONPATH=/home/pi/test_ws/build/urdf_wow_monk/prefix_override:/home/pi/test_ws/install/urdf_wow_monk/lib/python3.11/site-packages:${PYTHONPATH} /usr/bin/python3 setup.py develop --editable --build-directory /home/pi/test_ws/build/urdf_wow_monk/build --no-deps install_data
[4.597s] running develop
[4.598s] /usr/lib/python3/dist-packages/setuptools/command/easy_install.py:146: EasyInstallDeprecationWarning: easy_install command is deprecated. Use build and pip and other standards-based tools.
[4.598s]   warnings.warn(
[4.695s] /usr/lib/python3/dist-packages/setuptools/command/install.py:34: SetuptoolsDeprecationWarning: setup.py install is deprecated. Use build and pip and other standards-based tools.
[4.695s]   warnings.warn(
[5.369s] running egg_info
[5.448s] writing urdf_wow_monk.egg-info/PKG-INFO
[5.448s] writing dependency_links to urdf_wow_monk.egg-info/dependency_links.txt
[5.449s] writing entry points to urdf_wow_monk.egg-info/entry_points.txt
[5.451s] writing requirements to urdf_wow_monk.egg-info/requires.txt
[5.452s] writing top-level names to urdf_wow_monk.egg-info/top_level.txt
[5.615s] reading manifest file 'urdf_wow_monk.egg-info/SOURCES.txt'
[5.616s] writing manifest file 'urdf_wow_monk.egg-info/SOURCES.txt'
[5.706s] running build_ext
[5.706s] Creating /home/pi/test_ws/install/urdf_wow_monk/lib/python3.11/site-packages/urdf-wow-monk.egg-link (link to .)
[5.707s] Installing state_publisher script to /home/pi/test_ws/install/urdf_wow_monk/lib/urdf_wow_monk
[5.707s] 
[5.707s] Installed /home/pi/test_ws/build/urdf_wow_monk
[5.708s] running install_data
[5.709s] copying urdf/wow_monk.urdf.xml -> /home/pi/test_ws/install/urdf_wow_monk/share/urdf_wow_monk
[5.969s] Invoked command in '/home/pi/test_ws/build/urdf_wow_monk' returned '0': PYTHONPATH=/home/pi/test_ws/build/urdf_wow_monk/prefix_override:/home/pi/test_ws/install/urdf_wow_monk/lib/python3.11/site-packages:${PYTHONPATH} /usr/bin/python3 setup.py develop --editable --build-directory /home/pi/test_ws/build/urdf_wow_monk/build --no-deps install_data
