[1.209s] Invoking command in '/home/pi/test_ws/build/gps_publisher': PYTHONPATH=/home/pi/test_ws/build/gps_publisher/prefix_override:/home/pi/test_ws/install/gps_publisher/lib/python3.11/site-packages:${PYTHONPATH} /usr/bin/python3 setup.py develop --editable --build-directory /home/pi/test_ws/build/gps_publisher/build --no-deps install_data
[1.584s] running develop
[1.584s] /usr/lib/python3/dist-packages/setuptools/command/easy_install.py:146: EasyInstallDeprecationWarning: easy_install command is deprecated. Use build and pip and other standards-based tools.
[1.584s]   warnings.warn(
[1.612s] /usr/lib/python3/dist-packages/setuptools/command/install.py:34: SetuptoolsDeprecationWarning: setup.py install is deprecated. Use build and pip and other standards-based tools.
[1.612s]   warnings.warn(
[1.765s] running egg_info
[1.778s] writing gps_publisher.egg-info/PKG-INFO
[1.778s] writing dependency_links to gps_publisher.egg-info/dependency_links.txt
[1.779s] writing entry points to gps_publisher.egg-info/entry_points.txt
[1.781s] writing requirements to gps_publisher.egg-info/requires.txt
[1.782s] writing top-level names to gps_publisher.egg-info/top_level.txt
[1.811s] reading manifest file 'gps_publisher.egg-info/SOURCES.txt'
[1.811s] writing manifest file 'gps_publisher.egg-info/SOURCES.txt'
[1.827s] running build_ext
[1.827s] Creating /home/pi/test_ws/install/gps_publisher/lib/python3.11/site-packages/gps-publisher.egg-link (link to .)
[1.827s] Installing gps_node script to /home/pi/test_ws/install/gps_publisher/lib/gps_publisher
[1.827s] 
[1.827s] Installed /home/pi/test_ws/build/gps_publisher
[1.827s] running install_data
[1.962s] Invoked command in '/home/pi/test_ws/build/gps_publisher' returned '0': PYTHONPATH=/home/pi/test_ws/build/gps_publisher/prefix_override:/home/pi/test_ws/install/gps_publisher/lib/python3.11/site-packages:${PYTHONPATH} /usr/bin/python3 setup.py develop --editable --build-directory /home/pi/test_ws/build/gps_publisher/build --no-deps install_data
