[3.152s] Invoking command in '/home/pi/test_ws/build/urdf_wow_monk': PYTHONPATH=/home/pi/test_ws/build/urdf_wow_monk/prefix_override:/home/pi/test_ws/install/urdf_wow_monk/lib/python3.11/site-packages:${PYTHONPATH} /usr/bin/python3 setup.py develop --editable --build-directory /home/pi/test_ws/build/urdf_wow_monk/build --no-deps install_data
[4.233s] running develop
[4.233s] /usr/lib/python3/dist-packages/setuptools/command/easy_install.py:146: EasyInstallDeprecationWarning: easy_install command is deprecated. Use build and pip and other standards-based tools.
[4.233s]   warnings.warn(
[4.463s] /usr/lib/python3/dist-packages/setuptools/command/install.py:34: SetuptoolsDeprecationWarning: setup.py install is deprecated. Use build and pip and other standards-based tools.
[4.464s]   warnings.warn(
[4.776s] running egg_info
[4.819s] writing urdf_wow_monk.egg-info/PKG-INFO
[4.819s] writing dependency_links to urdf_wow_monk.egg-info/dependency_links.txt
[4.820s] writing entry points to urdf_wow_monk.egg-info/entry_points.txt
[4.822s] writing requirements to urdf_wow_monk.egg-info/requires.txt
[4.823s] writing top-level names to urdf_wow_monk.egg-info/top_level.txt
[4.914s] reading manifest file 'urdf_wow_monk.egg-info/SOURCES.txt'
[4.915s] writing manifest file 'urdf_wow_monk.egg-info/SOURCES.txt'
[4.967s] running build_ext
[4.967s] Creating /home/pi/test_ws/install/urdf_wow_monk/lib/python3.11/site-packages/urdf-wow-monk.egg-link (link to .)
[4.968s] Installing state_publisher script to /home/pi/test_ws/install/urdf_wow_monk/lib/urdf_wow_monk
[4.972s] 
[4.972s] Installed /home/pi/test_ws/build/urdf_wow_monk
[4.972s] running install_data
[4.972s] copying launch/demo_launch.py -> /home/pi/test_ws/install/urdf_wow_monk/share/urdf_wow_monk/launch
[5.283s] Invoked command in '/home/pi/test_ws/build/urdf_wow_monk' returned '0': PYTHONPATH=/home/pi/test_ws/build/urdf_wow_monk/prefix_override:/home/pi/test_ws/install/urdf_wow_monk/lib/python3.11/site-packages:${PYTHONPATH} /usr/bin/python3 setup.py develop --editable --build-directory /home/pi/test_ws/build/urdf_wow_monk/build --no-deps install_data
