[3.179s] Invoking command in '/home/pi/test_ws/build/urdf_wow_monk': PYTHONPATH=/home/pi/test_ws/build/urdf_wow_monk/prefix_override:/home/pi/test_ws/install/urdf_wow_monk/lib/python3.11/site-packages:${PYTHONPATH} /usr/bin/python3 setup.py develop --editable --build-directory /home/pi/test_ws/build/urdf_wow_monk/build --no-deps install_data
[4.310s] running develop
[4.311s] /usr/lib/python3/dist-packages/setuptools/command/easy_install.py:146: EasyInstallDeprecationWarning: easy_install command is deprecated. Use build and pip and other standards-based tools.
[4.311s]   warnings.warn(
[4.407s] /usr/lib/python3/dist-packages/setuptools/command/install.py:34: SetuptoolsDeprecationWarning: setup.py install is deprecated. Use build and pip and other standards-based tools.
[4.407s]   warnings.warn(
[4.884s] running egg_info
[4.929s] writing urdf_wow_monk.egg-info/PKG-INFO
[4.930s] writing dependency_links to urdf_wow_monk.egg-info/dependency_links.txt
[4.932s] writing entry points to urdf_wow_monk.egg-info/entry_points.txt
[4.936s] writing requirements to urdf_wow_monk.egg-info/requires.txt
[4.936s] writing top-level names to urdf_wow_monk.egg-info/top_level.txt
[5.036s] reading manifest file 'urdf_wow_monk.egg-info/SOURCES.txt'
[5.037s] writing manifest file 'urdf_wow_monk.egg-info/SOURCES.txt'
[5.093s] running build_ext
[5.093s] Creating /home/pi/test_ws/install/urdf_wow_monk/lib/python3.11/site-packages/urdf-wow-monk.egg-link (link to .)
[5.094s] Installing state_publisher script to /home/pi/test_ws/install/urdf_wow_monk/lib/urdf_wow_monk
[5.095s] 
[5.095s] Installed /home/pi/test_ws/build/urdf_wow_monk
[5.095s] running install_data
[5.095s] copying urdf/wow_monk.urdf.xml -> /home/pi/test_ws/install/urdf_wow_monk/share/urdf_wow_monk
[5.283s] Invoked command in '/home/pi/test_ws/build/urdf_wow_monk' returned '0': PYTHONPATH=/home/pi/test_ws/build/urdf_wow_monk/prefix_override:/home/pi/test_ws/install/urdf_wow_monk/lib/python3.11/site-packages:${PYTHONPATH} /usr/bin/python3 setup.py develop --editable --build-directory /home/pi/test_ws/build/urdf_wow_monk/build --no-deps install_data
