running develop
/usr/lib/python3/dist-packages/setuptools/command/easy_install.py:146: EasyInstallDeprecationWarning: easy_install command is deprecated. Use build and pip and other standards-based tools.
  warnings.warn(
/usr/lib/python3/dist-packages/setuptools/command/install.py:34: SetuptoolsDeprecationWarning: setup.py install is deprecated. Use build and pip and other standards-based tools.
  warnings.warn(
running egg_info
writing src/nmea_navsat_driver.egg-info/PKG-INFO
writing dependency_links to src/nmea_navsat_driver.egg-info/dependency_links.txt
writing entry points to src/nmea_navsat_driver.egg-info/entry_points.txt
writing requirements to src/nmea_navsat_driver.egg-info/requires.txt
writing top-level names to src/nmea_navsat_driver.egg-info/top_level.txt
reading manifest file 'src/nmea_navsat_driver.egg-info/SOURCES.txt'
writing manifest file 'src/nmea_navsat_driver.egg-info/SOURCES.txt'
running build_ext
Creating /home/pi/test_ws/install/nmea_navsat_driver/lib/python3.11/site-packages/nmea-navsat-driver.egg-link (link to src)
Installing nmea_serial_driver script to /home/pi/test_ws/install/nmea_navsat_driver/lib/nmea_navsat_driver
Installing nmea_socket_driver script to /home/pi/test_ws/install/nmea_navsat_driver/lib/nmea_navsat_driver
Installing nmea_tcpclient_driver script to /home/pi/test_ws/install/nmea_navsat_driver/lib/nmea_navsat_driver
Installing nmea_topic_driver script to /home/pi/test_ws/install/nmea_navsat_driver/lib/nmea_navsat_driver
Installing nmea_topic_serial_reader script to /home/pi/test_ws/install/nmea_navsat_driver/lib/nmea_navsat_driver

Installed /home/pi/test_ws/build/nmea_navsat_driver/src
running install_data
copying config/nmea_serial_driver.yaml -> /home/pi/test_ws/install/nmea_navsat_driver/share/nmea_navsat_driver/config
