[3.365s] Invoking command in '/home/pi/test_ws/build/urdf_wow_monk': PYTHONPATH=/home/pi/test_ws/build/urdf_wow_monk/prefix_override:/home/pi/test_ws/install/urdf_wow_monk/lib/python3.11/site-packages:${PYTHONPATH} /usr/bin/python3 setup.py develop --editable --build-directory /home/pi/test_ws/build/urdf_wow_monk/build --no-deps install_data
[4.465s] /usr/lib/python3/dist-packages/setuptools/command/easy_install.py:146: EasyInstallDeprecationWarning: easy_install command is deprecated. Use build and pip and other standards-based tools.
[4.465s]   warnings.warn(
[4.465s] running develop
[4.553s] /usr/lib/python3/dist-packages/setuptools/command/install.py:34: SetuptoolsDeprecationWarning: setup.py install is deprecated. Use build and pip and other standards-based tools.
[4.555s]   warnings.warn(
[5.014s] running egg_info
[5.054s] writing urdf_wow_monk.egg-info/PKG-INFO
[5.055s] writing dependency_links to urdf_wow_monk.egg-info/dependency_links.txt
[5.056s] writing entry points to urdf_wow_monk.egg-info/entry_points.txt
[5.058s] writing requirements to urdf_wow_monk.egg-info/requires.txt
[5.062s] writing top-level names to urdf_wow_monk.egg-info/top_level.txt
[5.149s] reading manifest file 'urdf_wow_monk.egg-info/SOURCES.txt'
[5.149s] writing manifest file 'urdf_wow_monk.egg-info/SOURCES.txt'
[5.200s] running build_ext
[5.201s] Creating /home/pi/test_ws/install/urdf_wow_monk/lib/python3.11/site-packages/urdf-wow-monk.egg-link (link to .)
[5.202s] Installing state_publisher script to /home/pi/test_ws/install/urdf_wow_monk/lib/urdf_wow_monk
[5.202s] 
[5.202s] Installed /home/pi/test_ws/build/urdf_wow_monk
[5.203s] running install_data
[5.419s] Invoked command in '/home/pi/test_ws/build/urdf_wow_monk' returned '0': PYTHONPATH=/home/pi/test_ws/build/urdf_wow_monk/prefix_override:/home/pi/test_ws/install/urdf_wow_monk/lib/python3.11/site-packages:${PYTHONPATH} /usr/bin/python3 setup.py develop --editable --build-directory /home/pi/test_ws/build/urdf_wow_monk/build --no-deps install_data
