[6.041s] Invoking command in '/home/pi/test_ws/build/ntrip_client': PYTHONPATH=/home/pi/test_ws/build/ntrip_client/prefix_override:/home/pi/test_ws/install/ntrip_client/lib/python3.11/site-packages:${PYTHONPATH} /usr/bin/python3 setup.py develop --editable --build-directory /home/pi/test_ws/build/ntrip_client/build --no-deps install_data
[7.393s] running develop
[7.394s] /usr/lib/python3/dist-packages/setuptools/command/easy_install.py:146: EasyInstallDeprecationWarning: easy_install command is deprecated. Use build and pip and other standards-based tools.
[7.394s]   warnings.warn(
[7.504s] /usr/lib/python3/dist-packages/setuptools/command/install.py:34: SetuptoolsDeprecationWarning: setup.py install is deprecated. Use build and pip and other standards-based tools.
[7.505s]   warnings.warn(
[8.085s] running egg_info
[8.134s] writing src/ntrip_client.egg-info/PKG-INFO
[8.135s] writing dependency_links to src/ntrip_client.egg-info/dependency_links.txt
[8.136s] writing requirements to src/ntrip_client.egg-info/requires.txt
[8.140s] writing top-level names to src/ntrip_client.egg-info/top_level.txt
[8.289s] reading manifest file 'src/ntrip_client.egg-info/SOURCES.txt'
[8.290s] writing manifest file 'src/ntrip_client.egg-info/SOURCES.txt'
[8.349s] running build_ext
[8.349s] Creating /home/pi/test_ws/install/ntrip_client/lib/python3.11/site-packages/ntrip-client.egg-link (link to src)
[8.352s] Installing ntrip_ros.py script to /home/pi/test_ws/install/ntrip_client/lib/ntrip_client
[8.352s] 
[8.352s] Installed /home/pi/test_ws/build/ntrip_client/src
[8.355s] running install_data
[8.355s] copying launch/ntrip_client_launch.py -> /home/pi/test_ws/install/ntrip_client/share/ntrip_client
[8.641s] Invoked command in '/home/pi/test_ws/build/ntrip_client' returned '0': PYTHONPATH=/home/pi/test_ws/build/ntrip_client/prefix_override:/home/pi/test_ws/install/ntrip_client/lib/python3.11/site-packages:${PYTHONPATH} /usr/bin/python3 setup.py develop --editable --build-directory /home/pi/test_ws/build/ntrip_client/build --no-deps install_data
