[6.189s] Invoking command in '/home/pi/test_ws/build/ntrip_client': PYTHONPATH=/home/pi/test_ws/build/ntrip_client/prefix_override:/home/pi/test_ws/install/ntrip_client/lib/python3.11/site-packages:${PYTHONPATH} /usr/bin/python3 setup.py develop --editable --build-directory /home/pi/test_ws/build/ntrip_client/build --no-deps install_data
[7.501s] running develop
[7.501s] /usr/lib/python3/dist-packages/setuptools/command/easy_install.py:146: EasyInstallDeprecationWarning: easy_install command is deprecated. Use build and pip and other standards-based tools.
[7.501s]   warnings.warn(
[7.592s] /usr/lib/python3/dist-packages/setuptools/command/install.py:34: SetuptoolsDeprecationWarning: setup.py install is deprecated. Use build and pip and other standards-based tools.
[7.592s]   warnings.warn(
[8.135s] running egg_info
[8.136s] creating src/ntrip_client.egg-info
[8.180s] writing src/ntrip_client.egg-info/PKG-INFO
[8.180s] writing dependency_links to src/ntrip_client.egg-info/dependency_links.txt
[8.181s] writing requirements to src/ntrip_client.egg-info/requires.txt
[8.181s] writing top-level names to src/ntrip_client.egg-info/top_level.txt
[8.181s] writing manifest file 'src/ntrip_client.egg-info/SOURCES.txt'
[8.316s] reading manifest file 'src/ntrip_client.egg-info/SOURCES.txt'
[8.317s] writing manifest file 'src/ntrip_client.egg-info/SOURCES.txt'
[8.389s] running build_ext
[8.389s] Creating /home/pi/test_ws/install/ntrip_client/lib/python3.11/site-packages/ntrip-client.egg-link (link to src)
[8.394s] Installing ntrip_ros.py script to /home/pi/test_ws/install/ntrip_client/lib/ntrip_client
[8.394s] 
[8.394s] Installed /home/pi/test_ws/build/ntrip_client/src
[8.394s] running install_data
[8.395s] creating /home/pi/test_ws/install/ntrip_client/share/ament_index
[8.395s] creating /home/pi/test_ws/install/ntrip_client/share/ament_index/resource_index
[8.395s] creating /home/pi/test_ws/install/ntrip_client/share/ament_index/resource_index/packages
[8.395s] copying resource/ntrip_client -> /home/pi/test_ws/install/ntrip_client/share/ament_index/resource_index/packages
[8.395s] copying package.xml -> /home/pi/test_ws/install/ntrip_client/share/ntrip_client
[8.396s] copying launch/ntrip_client_launch.py -> /home/pi/test_ws/install/ntrip_client/share/ntrip_client
[8.713s] Invoked command in '/home/pi/test_ws/build/ntrip_client' returned '0': PYTHONPATH=/home/pi/test_ws/build/ntrip_client/prefix_override:/home/pi/test_ws/install/ntrip_client/lib/python3.11/site-packages:${PYTHONPATH} /usr/bin/python3 setup.py develop --editable --build-directory /home/pi/test_ws/build/ntrip_client/build --no-deps install_data
