[6.217s] Invoking command in '/home/pi/test_ws/build/ntrip_client': PYTHONPATH=/home/pi/test_ws/build/ntrip_client/prefix_override:/home/pi/test_ws/install/ntrip_client/lib/python3.11/site-packages:${PYTHONPATH} /usr/bin/python3 setup.py develop --editable --build-directory /home/pi/test_ws/build/ntrip_client/build --no-deps install_data
[7.515s] running develop
[7.516s] /usr/lib/python3/dist-packages/setuptools/command/easy_install.py:146: EasyInstallDeprecationWarning: easy_install command is deprecated. Use build and pip and other standards-based tools.
[7.516s]   warnings.warn(
[7.669s] /usr/lib/python3/dist-packages/setuptools/command/install.py:34: SetuptoolsDeprecationWarning: setup.py install is deprecated. Use build and pip and other standards-based tools.
[7.670s]   warnings.warn(
[8.195s] running egg_info
[8.258s] writing src/ntrip_client.egg-info/PKG-INFO
[8.259s] writing dependency_links to src/ntrip_client.egg-info/dependency_links.txt
[8.262s] writing requirements to src/ntrip_client.egg-info/requires.txt
[8.264s] writing top-level names to src/ntrip_client.egg-info/top_level.txt
[8.446s] reading manifest file 'src/ntrip_client.egg-info/SOURCES.txt'
[8.450s] writing manifest file 'src/ntrip_client.egg-info/SOURCES.txt'
[8.511s] running build_ext
[8.511s] Creating /home/pi/test_ws/install/ntrip_client/lib/python3.11/site-packages/ntrip-client.egg-link (link to src)
[8.513s] Installing ntrip_ros.py script to /home/pi/test_ws/install/ntrip_client/lib/ntrip_client
[8.514s] 
[8.514s] Installed /home/pi/test_ws/build/ntrip_client/src
[8.514s] running install_data
[9.863s] Invoked command in '/home/pi/test_ws/build/ntrip_client' returned '0': PYTHONPATH=/home/pi/test_ws/build/ntrip_client/prefix_override:/home/pi/test_ws/install/ntrip_client/lib/python3.11/site-packages:${PYTHONPATH} /usr/bin/python3 setup.py develop --editable --build-directory /home/pi/test_ws/build/ntrip_client/build --no-deps install_data
