[2.718s] Invoking command in '/home/pi/test_ws/build/gps_publisher': PYTHONPATH=/home/pi/test_ws/build/gps_publisher/prefix_override:/home/pi/test_ws/install/gps_publisher/lib/python3.11/site-packages:${PYTHONPATH} /usr/bin/python3 setup.py develop --editable --build-directory /home/pi/test_ws/build/gps_publisher/build --no-deps install_data
[3.687s] running develop
[3.688s] /usr/lib/python3/dist-packages/setuptools/command/easy_install.py:146: EasyInstallDeprecationWarning: easy_install command is deprecated. Use build and pip and other standards-based tools.
[3.688s]   warnings.warn(
[3.767s] /usr/lib/python3/dist-packages/setuptools/command/install.py:34: SetuptoolsDeprecationWarning: setup.py install is deprecated. Use build and pip and other standards-based tools.
[3.767s]   warnings.warn(
[4.176s] running egg_info
[4.215s] writing gps_publisher.egg-info/PKG-INFO
[4.215s] writing dependency_links to gps_publisher.egg-info/dependency_links.txt
[4.216s] writing entry points to gps_publisher.egg-info/entry_points.txt
[4.217s] writing requirements to gps_publisher.egg-info/requires.txt
[4.218s] writing top-level names to gps_publisher.egg-info/top_level.txt
[4.296s] reading manifest file 'gps_publisher.egg-info/SOURCES.txt'
[4.297s] writing manifest file 'gps_publisher.egg-info/SOURCES.txt'
[4.344s] running build_ext
[4.344s] Creating /home/pi/test_ws/install/gps_publisher/lib/python3.11/site-packages/gps-publisher.egg-link (link to .)
[4.345s] Installing gps_node script to /home/pi/test_ws/install/gps_publisher/lib/gps_publisher
[4.345s] 
[4.345s] Installed /home/pi/test_ws/build/gps_publisher
[4.346s] running install_data
[4.517s] Invoked command in '/home/pi/test_ws/build/gps_publisher' returned '0': PYTHONPATH=/home/pi/test_ws/build/gps_publisher/prefix_override:/home/pi/test_ws/install/gps_publisher/lib/python3.11/site-packages:${PYTHONPATH} /usr/bin/python3 setup.py develop --editable --build-directory /home/pi/test_ws/build/gps_publisher/build --no-deps install_data
