[5.597s] Invoking command in '/home/pi/test_ws/build/gps_publisher': PYTHONPATH=/home/pi/test_ws/build/gps_publisher/prefix_override:/home/pi/test_ws/install/gps_publisher/lib/python3.11/site-packages:${PYTHONPATH} /usr/bin/python3 setup.py develop --editable --build-directory /home/pi/test_ws/build/gps_publisher/build --no-deps install_data
[7.632s] running develop
[7.632s] /usr/lib/python3/dist-packages/setuptools/command/easy_install.py:146: EasyInstallDeprecationWarning: easy_install command is deprecated. Use build and pip and other standards-based tools.
[7.632s]   warnings.warn(
[7.750s] /usr/lib/python3/dist-packages/setuptools/command/install.py:34: SetuptoolsDeprecationWarning: setup.py install is deprecated. Use build and pip and other standards-based tools.
[7.750s]   warnings.warn(
[8.872s] running egg_info
[8.971s] writing gps_publisher.egg-info/PKG-INFO
[8.971s] writing dependency_links to gps_publisher.egg-info/dependency_links.txt
[8.972s] writing entry points to gps_publisher.egg-info/entry_points.txt
[8.972s] writing requirements to gps_publisher.egg-info/requires.txt
[8.972s] writing top-level names to gps_publisher.egg-info/top_level.txt
[9.161s] reading manifest file 'gps_publisher.egg-info/SOURCES.txt'
[9.226s] writing manifest file 'gps_publisher.egg-info/SOURCES.txt'
[9.293s] running build_ext
[9.294s] Creating /home/pi/test_ws/install/gps_publisher/lib/python3.11/site-packages/gps-publisher.egg-link (link to .)
[9.296s] Installing gps_node script to /home/pi/test_ws/install/gps_publisher/lib/gps_publisher
[9.296s] 
[9.296s] Installed /home/pi/test_ws/build/gps_publisher
[9.296s] running install_data
[10.771s] Invoked command in '/home/pi/test_ws/build/gps_publisher' returned '0': PYTHONPATH=/home/pi/test_ws/build/gps_publisher/prefix_override:/home/pi/test_ws/install/gps_publisher/lib/python3.11/site-packages:${PYTHONPATH} /usr/bin/python3 setup.py develop --editable --build-directory /home/pi/test_ws/build/gps_publisher/build --no-deps install_data
