[4.199s] Invoking command in '/home/pi/test_ws/build/ntrip_client': AMENT_PREFIX_PATH=/home/pi/test_ws/install/nmea_msgs:${AMENT_PREFIX_PATH} CMAKE_PREFIX_PATH=/home/pi/test_ws/install/nmea_msgs:${CMAKE_PREFIX_PATH} LD_LIBRARY_PATH=/home/pi/test_ws/install/nmea_msgs/lib:${LD_LIBRARY_PATH} PYTHONPATH=/home/pi/test_ws/build/ntrip_client/prefix_override:/home/pi/test_ws/install/ntrip_client/lib/python3.11/site-packages:/home/pi/test_ws/install/nmea_msgs/lib/python3.11/site-packages:${PYTHONPATH} /usr/bin/python3 setup.py develop --editable --build-directory /home/pi/test_ws/build/ntrip_client/build --no-deps install_data
[5.223s] /usr/lib/python3/dist-packages/setuptools/command/easy_install.py:146: EasyInstallDeprecationWarning: easy_install command is deprecated. Use build and pip and other standards-based tools.
[5.223s]   warnings.warn(
[5.223s] running develop
[5.305s] /usr/lib/python3/dist-packages/setuptools/command/install.py:34: SetuptoolsDeprecationWarning: setup.py install is deprecated. Use build and pip and other standards-based tools.
[5.305s]   warnings.warn(
[5.736s] running egg_info
[5.774s] writing src/ntrip_client.egg-info/PKG-INFO
[5.774s] writing dependency_links to src/ntrip_client.egg-info/dependency_links.txt
[5.776s] writing requirements to src/ntrip_client.egg-info/requires.txt
[5.777s] writing top-level names to src/ntrip_client.egg-info/top_level.txt
[5.892s] reading manifest file 'src/ntrip_client.egg-info/SOURCES.txt'
[5.895s] writing manifest file 'src/ntrip_client.egg-info/SOURCES.txt'
[5.941s] running build_ext
[5.941s] Creating /home/pi/test_ws/install/ntrip_client/lib/python3.11/site-packages/ntrip-client.egg-link (link to src)
[5.941s] Installing ntrip_ros.py script to /home/pi/test_ws/install/ntrip_client/lib/ntrip_client
[5.942s] 
[5.942s] Installed /home/pi/test_ws/build/ntrip_client/src
[5.942s] running install_data
[6.138s] Invoked command in '/home/pi/test_ws/build/ntrip_client' returned '0': AMENT_PREFIX_PATH=/home/pi/test_ws/install/nmea_msgs:${AMENT_PREFIX_PATH} CMAKE_PREFIX_PATH=/home/pi/test_ws/install/nmea_msgs:${CMAKE_PREFIX_PATH} LD_LIBRARY_PATH=/home/pi/test_ws/install/nmea_msgs/lib:${LD_LIBRARY_PATH} PYTHONPATH=/home/pi/test_ws/build/ntrip_client/prefix_override:/home/pi/test_ws/install/ntrip_client/lib/python3.11/site-packages:/home/pi/test_ws/install/nmea_msgs/lib/python3.11/site-packages:${PYTHONPATH} /usr/bin/python3 setup.py develop --editable --build-directory /home/pi/test_ws/build/ntrip_client/build --no-deps install_data
