[1.241s] Invoking command in '/home/pi/test_ws/build/gps_publisher': PYTHONPATH=/home/pi/test_ws/build/gps_publisher/prefix_override:/home/pi/test_ws/install/gps_publisher/lib/python3.11/site-packages: /usr/bin/python3 setup.py develop --editable --build-directory /home/pi/test_ws/build/gps_publisher/build --no-deps install_data
[1.612s] running develop
[1.613s] /usr/lib/python3/dist-packages/setuptools/command/easy_install.py:146: EasyInstallDeprecationWarning: easy_install command is deprecated. Use build and pip and other standards-based tools.
[1.613s]   warnings.warn(
[1.640s] /usr/lib/python3/dist-packages/setuptools/command/install.py:34: SetuptoolsDeprecationWarning: setup.py install is deprecated. Use build and pip and other standards-based tools.
[1.641s]   warnings.warn(
[1.790s] running egg_info
[1.803s] writing gps_publisher.egg-info/PKG-INFO
[1.803s] writing dependency_links to gps_publisher.egg-info/dependency_links.txt
[1.804s] writing entry points to gps_publisher.egg-info/entry_points.txt
[1.806s] writing requirements to gps_publisher.egg-info/requires.txt
[1.807s] writing top-level names to gps_publisher.egg-info/top_level.txt
[1.838s] reading manifest file 'gps_publisher.egg-info/SOURCES.txt'
[1.840s] writing manifest file 'gps_publisher.egg-info/SOURCES.txt'
[1.854s] running build_ext
[1.854s] Creating /home/pi/test_ws/install/gps_publisher/lib/python3.11/site-packages/gps-publisher.egg-link (link to .)
[1.854s] Installing gps_node script to /home/pi/test_ws/install/gps_publisher/lib/gps_publisher
[1.854s] 
[1.854s] Installed /home/pi/test_ws/build/gps_publisher
[1.855s] running install_data
[1.989s] Invoked command in '/home/pi/test_ws/build/gps_publisher' returned '0': PYTHONPATH=/home/pi/test_ws/build/gps_publisher/prefix_override:/home/pi/test_ws/install/gps_publisher/lib/python3.11/site-packages: /usr/bin/python3 setup.py develop --editable --build-directory /home/pi/test_ws/build/gps_publisher/build --no-deps install_data
