[0.551s] DEBUG:colcon:Command line arguments: ['/usr/bin/colcon', 'build', '--symlink-install', '--packages-select', 'nmea_navsat_driver']
[0.551s] DEBUG:colcon:Parsed command line arguments: Namespace(log_base=None, log_level=None, verb_name='build', build_base='build', install_base='install', merge_install=False, symlink_install=True, test_result_base=None, continue_on_error=False, executor='parallel', parallel_workers=4, event_handlers=None, ignore_user_meta=False, metas=['./colcon.meta'], base_paths=['.'], packages_ignore=None, packages_ignore_regex=None, paths=None, packages_up_to=None, packages_up_to_regex=None, packages_above=None, packages_above_and_dependencies=None, packages_above_depth=None, packages_select_by_dep=None, packages_skip_by_dep=None, packages_skip_up_to=None, packages_select_build_failed=False, packages_skip_build_finished=False, packages_select_test_failures=False, packages_skip_test_passed=False, packages_select=['nmea_navsat_driver'], packages_skip=None, packages_select_regex=None, packages_skip_regex=None, packages_start=None, packages_end=None, cmake_args=None, cmake_target=None, cmake_target_skip_unavailable=False, cmake_clean_cache=False, cmake_clean_first=False, cmake_force_configure=False, ament_cmake_args=None, catkin_cmake_args=None, catkin_skip_building_tests=False, verb_parser=<colcon_defaults.argument_parser.defaults.DefaultArgumentsDecorator object at 0x7fff75c7bb90>, verb_extension=<colcon_core.verb.build.BuildVerb object at 0x7fff75bf54d0>, main=<bound method BuildVerb.main of <colcon_core.verb.build.BuildVerb object at 0x7fff75bf54d0>>)
[0.651s] Level 1:colcon.colcon_core.package_discovery:discover_packages(colcon_meta) check parameters
[0.652s] Level 1:colcon.colcon_core.package_discovery:discover_packages(recursive) check parameters
[0.652s] Level 1:colcon.colcon_core.package_discovery:discover_packages(ignore) check parameters
[0.652s] Level 1:colcon.colcon_core.package_discovery:discover_packages(path) check parameters
[0.652s] Level 1:colcon.colcon_core.package_discovery:discover_packages(colcon_meta) discover
[0.652s] Level 1:colcon.colcon_core.package_discovery:discover_packages(recursive) discover
[0.652s] INFO:colcon.colcon_core.package_discovery:Crawling recursively for packages in '/home/pi/test_ws'
[0.652s] Level 1:colcon.colcon_core.package_identification:_identify(.) by extensions ['ignore', 'ignore_ament_install']
[0.652s] Level 1:colcon.colcon_core.package_identification:_identify(.) by extension 'ignore'
[0.652s] Level 1:colcon.colcon_core.package_identification:_identify(.) by extension 'ignore_ament_install'
[0.652s] Level 1:colcon.colcon_core.package_identification:_identify(.) by extensions ['colcon_pkg']
[0.652s] Level 1:colcon.colcon_core.package_identification:_identify(.) by extension 'colcon_pkg'
[0.652s] Level 1:colcon.colcon_core.package_identification:_identify(.) by extensions ['colcon_meta']
[0.652s] Level 1:colcon.colcon_core.package_identification:_identify(.) by extension 'colcon_meta'
[0.652s] Level 1:colcon.colcon_core.package_identification:_identify(.) by extensions ['ros']
[0.652s] Level 1:colcon.colcon_core.package_identification:_identify(.) by extension 'ros'
[0.679s] Level 1:colcon.colcon_core.package_identification:_identify(.) by extensions ['cmake', 'python']
[0.679s] Level 1:colcon.colcon_core.package_identification:_identify(.) by extension 'cmake'
[0.679s] Level 1:colcon.colcon_core.package_identification:_identify(.) by extension 'python'
[0.679s] Level 1:colcon.colcon_core.package_identification:_identify(.) by extensions ['python_setup_py']
[0.679s] Level 1:colcon.colcon_core.package_identification:_identify(.) by extension 'python_setup_py'
[0.679s] Level 1:colcon.colcon_core.package_identification:_identify(build) by extensions ['ignore', 'ignore_ament_install']
[0.679s] Level 1:colcon.colcon_core.package_identification:_identify(build) by extension 'ignore'
[0.680s] Level 1:colcon.colcon_core.package_identification:_identify(build) ignored
[0.680s] Level 1:colcon.colcon_core.package_identification:_identify(install) by extensions ['ignore', 'ignore_ament_install']
[0.680s] Level 1:colcon.colcon_core.package_identification:_identify(install) by extension 'ignore'
[0.680s] Level 1:colcon.colcon_core.package_identification:_identify(install) ignored
[0.680s] Level 1:colcon.colcon_core.package_identification:_identify(log) by extensions ['ignore', 'ignore_ament_install']
[0.680s] Level 1:colcon.colcon_core.package_identification:_identify(log) by extension 'ignore'
[0.680s] Level 1:colcon.colcon_core.package_identification:_identify(log) ignored
[0.680s] Level 1:colcon.colcon_core.package_identification:_identify(src) by extensions ['ignore', 'ignore_ament_install']
[0.680s] Level 1:colcon.colcon_core.package_identification:_identify(src) by extension 'ignore'
[0.680s] Level 1:colcon.colcon_core.package_identification:_identify(src) by extension 'ignore_ament_install'
[0.680s] Level 1:colcon.colcon_core.package_identification:_identify(src) by extensions ['colcon_pkg']
[0.680s] Level 1:colcon.colcon_core.package_identification:_identify(src) by extension 'colcon_pkg'
[0.680s] Level 1:colcon.colcon_core.package_identification:_identify(src) by extensions ['colcon_meta']
[0.680s] Level 1:colcon.colcon_core.package_identification:_identify(src) by extension 'colcon_meta'
[0.680s] Level 1:colcon.colcon_core.package_identification:_identify(src) by extensions ['ros']
[0.680s] Level 1:colcon.colcon_core.package_identification:_identify(src) by extension 'ros'
[0.680s] Level 1:colcon.colcon_core.package_identification:_identify(src) by extensions ['cmake', 'python']
[0.680s] Level 1:colcon.colcon_core.package_identification:_identify(src) by extension 'cmake'
[0.681s] Level 1:colcon.colcon_core.package_identification:_identify(src) by extension 'python'
[0.681s] Level 1:colcon.colcon_core.package_identification:_identify(src) by extensions ['python_setup_py']
[0.681s] Level 1:colcon.colcon_core.package_identification:_identify(src) by extension 'python_setup_py'
[0.681s] Level 1:colcon.colcon_core.package_identification:_identify(src/gps_publisher) by extensions ['ignore', 'ignore_ament_install']
[0.681s] Level 1:colcon.colcon_core.package_identification:_identify(src/gps_publisher) by extension 'ignore'
[0.681s] Level 1:colcon.colcon_core.package_identification:_identify(src/gps_publisher) by extension 'ignore_ament_install'
[0.681s] Level 1:colcon.colcon_core.package_identification:_identify(src/gps_publisher) by extensions ['colcon_pkg']
[0.681s] Level 1:colcon.colcon_core.package_identification:_identify(src/gps_publisher) by extension 'colcon_pkg'
[0.681s] Level 1:colcon.colcon_core.package_identification:_identify(src/gps_publisher) by extensions ['colcon_meta']
[0.681s] Level 1:colcon.colcon_core.package_identification:_identify(src/gps_publisher) by extension 'colcon_meta'
[0.681s] Level 1:colcon.colcon_core.package_identification:_identify(src/gps_publisher) by extensions ['ros']
[0.681s] Level 1:colcon.colcon_core.package_identification:_identify(src/gps_publisher) by extension 'ros'
[0.683s] DEBUG:colcon.colcon_core.package_identification:Package 'src/gps_publisher' with type 'ros.ament_python' and name 'gps_publisher'
[0.684s] Level 1:colcon.colcon_core.package_identification:_identify(src/nmea_msgs) by extensions ['ignore', 'ignore_ament_install']
[0.684s] Level 1:colcon.colcon_core.package_identification:_identify(src/nmea_msgs) by extension 'ignore'
[0.684s] Level 1:colcon.colcon_core.package_identification:_identify(src/nmea_msgs) by extension 'ignore_ament_install'
[0.684s] Level 1:colcon.colcon_core.package_identification:_identify(src/nmea_msgs) by extensions ['colcon_pkg']
[0.684s] Level 1:colcon.colcon_core.package_identification:_identify(src/nmea_msgs) by extension 'colcon_pkg'
[0.684s] Level 1:colcon.colcon_core.package_identification:_identify(src/nmea_msgs) by extensions ['colcon_meta']
[0.684s] Level 1:colcon.colcon_core.package_identification:_identify(src/nmea_msgs) by extension 'colcon_meta'
[0.684s] Level 1:colcon.colcon_core.package_identification:_identify(src/nmea_msgs) by extensions ['ros']
[0.684s] Level 1:colcon.colcon_core.package_identification:_identify(src/nmea_msgs) by extension 'ros'
[0.685s] DEBUG:colcon.colcon_core.package_identification:Package 'src/nmea_msgs' with type 'ros.ament_cmake' and name 'nmea_msgs'
[0.685s] Level 1:colcon.colcon_core.package_identification:_identify(src/nmea_navsat_driver) by extensions ['ignore', 'ignore_ament_install']
[0.685s] Level 1:colcon.colcon_core.package_identification:_identify(src/nmea_navsat_driver) by extension 'ignore'
[0.685s] Level 1:colcon.colcon_core.package_identification:_identify(src/nmea_navsat_driver) by extension 'ignore_ament_install'
[0.685s] Level 1:colcon.colcon_core.package_identification:_identify(src/nmea_navsat_driver) by extensions ['colcon_pkg']
[0.685s] Level 1:colcon.colcon_core.package_identification:_identify(src/nmea_navsat_driver) by extension 'colcon_pkg'
[0.685s] Level 1:colcon.colcon_core.package_identification:_identify(src/nmea_navsat_driver) by extensions ['colcon_meta']
[0.685s] Level 1:colcon.colcon_core.package_identification:_identify(src/nmea_navsat_driver) by extension 'colcon_meta'
[0.685s] Level 1:colcon.colcon_core.package_identification:_identify(src/nmea_navsat_driver) by extensions ['ros']
[0.685s] Level 1:colcon.colcon_core.package_identification:_identify(src/nmea_navsat_driver) by extension 'ros'
[0.686s] DEBUG:colcon.colcon_core.package_identification:Package 'src/nmea_navsat_driver' with type 'ros.ament_python' and name 'nmea_navsat_driver'
[0.686s] Level 1:colcon.colcon_core.package_identification:_identify(src/ublox) by extensions ['ignore', 'ignore_ament_install']
[0.686s] Level 1:colcon.colcon_core.package_identification:_identify(src/ublox) by extension 'ignore'
[0.686s] Level 1:colcon.colcon_core.package_identification:_identify(src/ublox) by extension 'ignore_ament_install'
[0.686s] Level 1:colcon.colcon_core.package_identification:_identify(src/ublox) by extensions ['colcon_pkg']
[0.686s] Level 1:colcon.colcon_core.package_identification:_identify(src/ublox) by extension 'colcon_pkg'
[0.686s] Level 1:colcon.colcon_core.package_identification:_identify(src/ublox) by extensions ['colcon_meta']
[0.686s] Level 1:colcon.colcon_core.package_identification:_identify(src/ublox) by extension 'colcon_meta'
[0.686s] Level 1:colcon.colcon_core.package_identification:_identify(src/ublox) by extensions ['ros']
[0.686s] Level 1:colcon.colcon_core.package_identification:_identify(src/ublox) by extension 'ros'
[0.686s] Level 1:colcon.colcon_core.package_identification:_identify(src/ublox) by extensions ['cmake', 'python']
[0.686s] Level 1:colcon.colcon_core.package_identification:_identify(src/ublox) by extension 'cmake'
[0.686s] Level 1:colcon.colcon_core.package_identification:_identify(src/ublox) by extension 'python'
[0.686s] Level 1:colcon.colcon_core.package_identification:_identify(src/ublox) by extensions ['python_setup_py']
[0.686s] Level 1:colcon.colcon_core.package_identification:_identify(src/ublox) by extension 'python_setup_py'
[0.687s] Level 1:colcon.colcon_core.package_identification:_identify(src/ublox/ublox) by extensions ['ignore', 'ignore_ament_install']
[0.687s] Level 1:colcon.colcon_core.package_identification:_identify(src/ublox/ublox) by extension 'ignore'
[0.687s] Level 1:colcon.colcon_core.package_identification:_identify(src/ublox/ublox) by extension 'ignore_ament_install'
[0.687s] Level 1:colcon.colcon_core.package_identification:_identify(src/ublox/ublox) by extensions ['colcon_pkg']
[0.687s] Level 1:colcon.colcon_core.package_identification:_identify(src/ublox/ublox) by extension 'colcon_pkg'
[0.687s] Level 1:colcon.colcon_core.package_identification:_identify(src/ublox/ublox) by extensions ['colcon_meta']
[0.687s] Level 1:colcon.colcon_core.package_identification:_identify(src/ublox/ublox) by extension 'colcon_meta'
[0.687s] Level 1:colcon.colcon_core.package_identification:_identify(src/ublox/ublox) by extensions ['ros']
[0.687s] Level 1:colcon.colcon_core.package_identification:_identify(src/ublox/ublox) by extension 'ros'
[0.688s] DEBUG:colcon.colcon_core.package_identification:Package 'src/ublox/ublox' with type 'ros.ament_cmake' and name 'ublox'
[0.688s] Level 1:colcon.colcon_core.package_identification:_identify(src/ublox/ublox_gps) by extensions ['ignore', 'ignore_ament_install']
[0.688s] Level 1:colcon.colcon_core.package_identification:_identify(src/ublox/ublox_gps) by extension 'ignore'
[0.688s] Level 1:colcon.colcon_core.package_identification:_identify(src/ublox/ublox_gps) by extension 'ignore_ament_install'
[0.688s] Level 1:colcon.colcon_core.package_identification:_identify(src/ublox/ublox_gps) by extensions ['colcon_pkg']
[0.688s] Level 1:colcon.colcon_core.package_identification:_identify(src/ublox/ublox_gps) by extension 'colcon_pkg'
[0.688s] Level 1:colcon.colcon_core.package_identification:_identify(src/ublox/ublox_gps) by extensions ['colcon_meta']
[0.688s] Level 1:colcon.colcon_core.package_identification:_identify(src/ublox/ublox_gps) by extension 'colcon_meta'
[0.688s] Level 1:colcon.colcon_core.package_identification:_identify(src/ublox/ublox_gps) by extensions ['ros']
[0.688s] Level 1:colcon.colcon_core.package_identification:_identify(src/ublox/ublox_gps) by extension 'ros'
[0.690s] DEBUG:colcon.colcon_core.package_identification:Package 'src/ublox/ublox_gps' with type 'ros.ament_cmake' and name 'ublox_gps'
[0.690s] Level 1:colcon.colcon_core.package_identification:_identify(src/ublox/ublox_msgs) by extensions ['ignore', 'ignore_ament_install']
[0.690s] Level 1:colcon.colcon_core.package_identification:_identify(src/ublox/ublox_msgs) by extension 'ignore'
[0.690s] Level 1:colcon.colcon_core.package_identification:_identify(src/ublox/ublox_msgs) by extension 'ignore_ament_install'
[0.690s] Level 1:colcon.colcon_core.package_identification:_identify(src/ublox/ublox_msgs) by extensions ['colcon_pkg']
[0.690s] Level 1:colcon.colcon_core.package_identification:_identify(src/ublox/ublox_msgs) by extension 'colcon_pkg'
[0.690s] Level 1:colcon.colcon_core.package_identification:_identify(src/ublox/ublox_msgs) by extensions ['colcon_meta']
[0.690s] Level 1:colcon.colcon_core.package_identification:_identify(src/ublox/ublox_msgs) by extension 'colcon_meta'
[0.690s] Level 1:colcon.colcon_core.package_identification:_identify(src/ublox/ublox_msgs) by extensions ['ros']
[0.690s] Level 1:colcon.colcon_core.package_identification:_identify(src/ublox/ublox_msgs) by extension 'ros'
[0.691s] DEBUG:colcon.colcon_core.package_identification:Package 'src/ublox/ublox_msgs' with type 'ros.ament_cmake' and name 'ublox_msgs'
[0.691s] Level 1:colcon.colcon_core.package_identification:_identify(src/ublox/ublox_serialization) by extensions ['ignore', 'ignore_ament_install']
[0.691s] Level 1:colcon.colcon_core.package_identification:_identify(src/ublox/ublox_serialization) by extension 'ignore'
[0.691s] Level 1:colcon.colcon_core.package_identification:_identify(src/ublox/ublox_serialization) by extension 'ignore_ament_install'
[0.691s] Level 1:colcon.colcon_core.package_identification:_identify(src/ublox/ublox_serialization) by extensions ['colcon_pkg']
[0.691s] Level 1:colcon.colcon_core.package_identification:_identify(src/ublox/ublox_serialization) by extension 'colcon_pkg'
[0.691s] Level 1:colcon.colcon_core.package_identification:_identify(src/ublox/ublox_serialization) by extensions ['colcon_meta']
[0.691s] Level 1:colcon.colcon_core.package_identification:_identify(src/ublox/ublox_serialization) by extension 'colcon_meta'
[0.691s] Level 1:colcon.colcon_core.package_identification:_identify(src/ublox/ublox_serialization) by extensions ['ros']
[0.691s] Level 1:colcon.colcon_core.package_identification:_identify(src/ublox/ublox_serialization) by extension 'ros'
[0.692s] DEBUG:colcon.colcon_core.package_identification:Package 'src/ublox/ublox_serialization' with type 'ros.ament_cmake' and name 'ublox_serialization'
[0.692s] Level 1:colcon.colcon_core.package_identification:_identify(src/urdf_wow_monk) by extensions ['ignore', 'ignore_ament_install']
[0.692s] Level 1:colcon.colcon_core.package_identification:_identify(src/urdf_wow_monk) by extension 'ignore'
[0.692s] Level 1:colcon.colcon_core.package_identification:_identify(src/urdf_wow_monk) by extension 'ignore_ament_install'
[0.692s] Level 1:colcon.colcon_core.package_identification:_identify(src/urdf_wow_monk) by extensions ['colcon_pkg']
[0.692s] Level 1:colcon.colcon_core.package_identification:_identify(src/urdf_wow_monk) by extension 'colcon_pkg'
[0.692s] Level 1:colcon.colcon_core.package_identification:_identify(src/urdf_wow_monk) by extensions ['colcon_meta']
[0.692s] Level 1:colcon.colcon_core.package_identification:_identify(src/urdf_wow_monk) by extension 'colcon_meta'
[0.692s] Level 1:colcon.colcon_core.package_identification:_identify(src/urdf_wow_monk) by extensions ['ros']
[0.692s] Level 1:colcon.colcon_core.package_identification:_identify(src/urdf_wow_monk) by extension 'ros'
[0.693s] DEBUG:colcon.colcon_core.package_identification:Package 'src/urdf_wow_monk' with type 'ros.ament_python' and name 'urdf_wow_monk'
[0.693s] Level 1:colcon.colcon_core.package_discovery:discover_packages(recursive) using defaults
[0.693s] Level 1:colcon.colcon_core.package_discovery:discover_packages(ignore) discover
[0.693s] Level 1:colcon.colcon_core.package_discovery:discover_packages(ignore) using defaults
[0.693s] Level 1:colcon.colcon_core.package_discovery:discover_packages(path) discover
[0.693s] Level 1:colcon.colcon_core.package_discovery:discover_packages(path) using defaults
[0.751s] INFO:colcon.colcon_core.package_selection:Skipping not selected package 'gps_publisher' in 'src/gps_publisher'
[0.751s] INFO:colcon.colcon_core.package_selection:Skipping not selected package 'nmea_msgs' in 'src/nmea_msgs'
[0.751s] INFO:colcon.colcon_core.package_selection:Skipping not selected package 'ublox_serialization' in 'src/ublox/ublox_serialization'
[0.751s] INFO:colcon.colcon_core.package_selection:Skipping not selected package 'urdf_wow_monk' in 'src/urdf_wow_monk'
[0.751s] INFO:colcon.colcon_core.package_selection:Skipping not selected package 'ublox_msgs' in 'src/ublox/ublox_msgs'
[0.751s] INFO:colcon.colcon_core.package_selection:Skipping not selected package 'ublox_gps' in 'src/ublox/ublox_gps'
[0.751s] INFO:colcon.colcon_core.package_selection:Skipping not selected package 'ublox' in 'src/ublox/ublox'
[0.752s] Level 5:colcon.colcon_core.verb:set package 'nmea_navsat_driver' build argument 'cmake_args' from command line to 'None'
[0.752s] Level 5:colcon.colcon_core.verb:set package 'nmea_navsat_driver' build argument 'cmake_target' from command line to 'None'
[0.752s] Level 5:colcon.colcon_core.verb:set package 'nmea_navsat_driver' build argument 'cmake_target_skip_unavailable' from command line to 'False'
[0.752s] Level 5:colcon.colcon_core.verb:set package 'nmea_navsat_driver' build argument 'cmake_clean_cache' from command line to 'False'
[0.752s] Level 5:colcon.colcon_core.verb:set package 'nmea_navsat_driver' build argument 'cmake_clean_first' from command line to 'False'
[0.752s] Level 5:colcon.colcon_core.verb:set package 'nmea_navsat_driver' build argument 'cmake_force_configure' from command line to 'False'
[0.752s] Level 5:colcon.colcon_core.verb:set package 'nmea_navsat_driver' build argument 'ament_cmake_args' from command line to 'None'
[0.752s] Level 5:colcon.colcon_core.verb:set package 'nmea_navsat_driver' build argument 'catkin_cmake_args' from command line to 'None'
[0.752s] Level 5:colcon.colcon_core.verb:set package 'nmea_navsat_driver' build argument 'catkin_skip_building_tests' from command line to 'False'
[0.753s] DEBUG:colcon.colcon_core.verb:Building package 'nmea_navsat_driver' with the following arguments: {'ament_cmake_args': None, 'build_base': '/home/pi/test_ws/build/nmea_navsat_driver', 'catkin_cmake_args': None, 'catkin_skip_building_tests': False, 'cmake_args': None, 'cmake_clean_cache': False, 'cmake_clean_first': False, 'cmake_force_configure': False, 'cmake_target': None, 'cmake_target_skip_unavailable': False, 'install_base': '/home/pi/test_ws/install/nmea_navsat_driver', 'merge_install': False, 'path': '/home/pi/test_ws/src/nmea_navsat_driver', 'symlink_install': True, 'test_result_base': None}
[0.753s] INFO:colcon.colcon_core.executor:Executing jobs using 'parallel' executor
[0.755s] DEBUG:colcon.colcon_parallel_executor.executor.parallel:run_until_complete
[0.755s] INFO:colcon.colcon_ros.task.ament_python.build:Building ROS package in '/home/pi/test_ws/src/nmea_navsat_driver' with build type 'ament_python'
[0.755s] Level 1:colcon.colcon_core.shell:create_environment_hook('nmea_navsat_driver', 'ament_prefix_path')
[0.764s] INFO:colcon.colcon_core.plugin_system:Skipping extension 'colcon_core.shell.bat': Not used on non-Windows systems
[0.764s] INFO:colcon.colcon_core.shell:Creating environment descriptor '/home/pi/test_ws/install/nmea_navsat_driver/share/nmea_navsat_driver/hook/ament_prefix_path.dsv'
[0.765s] INFO:colcon.colcon_core.shell:Creating environment hook '/home/pi/test_ws/install/nmea_navsat_driver/share/nmea_navsat_driver/hook/ament_prefix_path.sh'
[0.766s] DEBUG:colcon.colcon_core.shell:Skip shell extension 'dsv' for command environment
[1.912s] INFO:colcon.colcon_core.task.python.build:Building Python package in '/home/pi/test_ws/src/nmea_navsat_driver'
[1.913s] DEBUG:colcon.colcon_core.shell:Skip shell extension 'dsv' for command environment
[3.779s] DEBUG:colcon.colcon_core.event_handler.log_command:Invoking command in '/home/pi/test_ws/build/nmea_navsat_driver': CMAKE_PREFIX_PATH=/home/pi/test_ws/install/nmea_msgs:/home/pi/wow_ws/install/spacenav:/home/pi/wow_ws/install/diagnostics:/home/pi/wow_ws/install/self_test:/home/pi/wow_ws/install/joy:/home/pi/wow_ws/install/sdl2_vendor:/home/pi/wow_ws/install/imu_tools:/home/pi/wow_ws/install/rviz_imu_plugin:/home/pi/wow_ws/install/ntrip_client_node:/home/pi/wow_ws/install/rtcm_msgs:/home/pi/wow_ws/install/robot_localization:/home/pi/wow_ws/install/nmea_msgs:/home/pi/wow_ws/install/joy_linux:/home/pi/wow_ws/install/imu_filter_madgwick:/home/pi/wow_ws/install/imu_complementary_filter:/home/pi/wow_ws/install/gps_umd:/home/pi/wow_ws/install/gpsd_client:/home/pi/wow_ws/install/gps_tools:/home/pi/wow_ws/install/gps_msgs:/home/pi/wow_ws/install/geographic_info:/home/pi/wow_ws/install/geodesy:/home/pi/wow_ws/install/geographic_msgs:/home/pi/wow_ws/install/foxglove_bridge:/home/pi/wow_ws/install/diagnostic_common_diagnostics:/home/pi/wow_ws/install/diagnostic_updater:/home/pi/wow_ws/install/diagnostic_aggregator:/home/pi/test_ws/install/ublox:/home/pi/test_ws/install/ublox_gps:/home/pi/test_ws/install/ublox_msgs:/home/pi/test_ws/install/ublox_serialization:/home/pi/ros2_iron/install/rosbag2:/home/pi/ros2_iron/install/rosbag2_storage_default_plugins:/home/pi/ros2_iron/install/rosbag2_storage_mcap:/home/pi/ros2_iron/install/rosbag2_compression_zstd:/home/pi/ros2_iron/install/mcap_vendor:/home/pi/ros2_iron/install/zstd_vendor:/home/pi/ros2_iron/install/rviz_visual_testing_framework:/home/pi/ros2_iron/install/rviz2:/home/pi/ros2_iron/install/rviz_default_plugins:/home/pi/ros2_iron/install/rviz_common:/home/pi/ros2_iron/install/rosbag2_py:/home/pi/ros2_iron/install/rosbag2_transport:/home/pi/ros2_iron/install/rosbag2_storage_sqlite3:/home/pi/ros2_iron/install/rosbag2_examples_cpp:/home/pi/ros2_iron/install/rosbag2_compression:/home/pi/ros2_iron/install/rosbag2_cpp:/home/pi/ros2_iron/install/rosbag2_storage:/home/pi/ros2_iron/install/image_common:/home/pi/ros2_iron/install/camera_info_manager:/home/pi/ros2_iron/install/camera_calibration_parsers:/home/pi/ros2_iron/install/yaml_cpp_vendor:/home/pi/ros2_iron/install/interactive_markers:/home/pi/ros2_iron/install/common_interfaces:/home/pi/ros2_iron/install/visualization_msgs:/home/pi/ros2_iron/install/dummy_robot_bringup:/home/pi/ros2_iron/install/robot_state_publisher:/home/pi/ros2_iron/install/kdl_parser:/home/pi/ros2_iron/install/urdf:/home/pi/ros2_iron/install/urdfdom:/home/pi/ros2_iron/install/urdf_parser_plugin:/home/pi/ros2_iron/install/urdfdom_headers:/home/pi/ros2_iron/install/turtlesim:/home/pi/ros2_iron/install/trajectory_msgs:/home/pi/ros2_iron/install/topic_statistics_demo:/home/pi/ros2_iron/install/pendulum_control:/home/pi/ros2_iron/install/tlsf_cpp:/home/pi/ros2_iron/install/geometry2:/home/pi/ros2_iron/install/tf2_sensor_msgs:/home/pi/ros2_iron/install/test_tf2:/home/pi/ros2_iron/install/tf2_kdl:/home/pi/ros2_iron/install/tf2_geometry_msgs:/home/pi/ros2_iron/install/tf2_eigen:/home/pi/ros2_iron/install/tf2_bullet:/home/pi/ros2_iron/install/tf2_ros:/home/pi/ros2_iron/install/tf2_py:/home/pi/ros2_iron/install/tf2_msgs:/home/pi/ros2_iron/install/tf2_eigen_kdl:/home/pi/ros2_iron/install/laser_geometry:/home/pi/ros2_iron/install/tf2:/home/pi/ros2_iron/install/test_tracetools:/home/pi/ros2_iron/install/test_msgs:/home/pi/ros2_iron/install/test_communication:/home/pi/ros2_iron/install/stereo_msgs:/home/pi/ros2_iron/install/std_srvs:/home/pi/ros2_iron/install/shape_msgs:/home/pi/ros2_iron/install/quality_of_service_demo_cpp:/home/pi/ros2_iron/install/map_msgs:/home/pi/ros2_iron/install/intra_process_demo:/home/pi/ros2_iron/install/image_transport:/home/pi/ros2_iron/install/image_tools:/home/pi/ros2_iron/install/dummy_sensors:/home/pi/ros2_iron/install/sensor_msgs:/home/pi/ros2_iron/install/ros2cli_common_extensions:/home/pi/ros2_iron/install/dummy_map_server:/home/pi/ros2_iron/install/nav_msgs:/home/pi/ros2_iron/install/logging_demo:/home/pi/ros2_iron/install/lifecycle:/home/pi/ros2_iron/install/diagnostic_msgs:/home/pi/ros2_iron/install/geometry_msgs:/home/pi/ros2_iron/install/examples_rclcpp_wait_set:/home/pi/ros2_iron/install/examples_rclcpp_multithreaded_executor:/home/pi/ros2_iron/install/examples_rclcpp_minimal_subscriber:/home/pi/ros2_iron/install/examples_rclcpp_minimal_publisher:/home/pi/ros2_iron/install/examples_rclcpp_minimal_composition:/home/pi/ros2_iron/install/examples_rclcpp_cbg_executor:/home/pi/ros2_iron/install/demo_nodes_cpp_native:/home/pi/ros2_iron/install/demo_nodes_cpp:/home/pi/ros2_iron/install/composition:/home/pi/ros2_iron/install/actionlib_msgs:/home/pi/ros2_iron/install/std_msgs:/home/pi/ros2_iron/install/rqt_gui_cpp:/home/pi/ros2_iron/install/rosbag2_test_common:/home/pi/ros2_iron/install/ros2lifecycle_test_fixtures:/home/pi/ros2_iron/install/rclcpp_lifecycle:/home/pi/ros2_iron/install/action_tutorials_cpp:/home/pi/ros2_iron/install/rclcpp_components:/home/pi/ros2_iron/install/examples_rclcpp_minimal_action_server:/home/pi/ros2_iron/install/examples_rclcpp_minimal_action_client:/home/pi/ros2_iron/install/rclcpp_action:/home/pi/ros2_iron/install/message_filters:/home/pi/ros2_iron/install/examples_rclcpp_minimal_timer:/home/pi/ros2_iron/install/examples_rclcpp_minimal_service:/home/pi/ros2_iron/install/examples_rclcpp_minimal_client:/home/pi/ros2_iron/install/examples_rclcpp_async_client:/home/pi/ros2_iron/install/rclcpp:/home/pi/ros2_iron/install/libstatistics_collector:/home/pi/ros2_iron/install/statistics_msgs:/home/pi/ros2_iron/install/sros2_cmake:/home/pi/ros2_iron/install/rqt_py_common:/home/pi/ros2_iron/install/ros_testing:/home/pi/ros2_iron/install/rclpy:/home/pi/ros2_iron/install/rosgraph_msgs:/home/pi/ros2_iron/install/rosbag2_interfaces:/home/pi/ros2_iron/install/ros2cli_test_interfaces:/home/pi/ros2_iron/install/rcl_lifecycle:/home/pi/ros2_iron/install/rcl_action:/home/pi/ros2_iron/install/rcl:/home/pi/ros2_iron/install/rmw_implementation:/home/pi/ros2_iron/install/rmw_fastrtps_dynamic_cpp:/home/pi/ros2_iron/install/rmw_fastrtps_cpp:/home/pi/ros2_iron/install/rmw_fastrtps_shared_cpp:/home/pi/ros2_iron/install/rmw_cyclonedds_cpp:/home/pi/ros2_iron/install/rmw_connextddsmicro:/home/pi/ros2_iron/install/rmw_connextdds:/home/pi/ros2_iron/install/rmw_connextdds_common:/home/pi/ros2_iron/install/rmw_dds_common:/home/pi/ros2_iron/install/composition_interfaces:/home/pi/ros2_iron/install/rcl_interfaces:/home/pi/ros2_iron/install/pendulum_msgs:/home/pi/ros2_iron/install/lifecycle_msgs:/home/pi/ros2_iron/install/example_interfaces:/home/pi/ros2_iron/install/action_tutorials_interfaces:/home/pi/ros2_iron/install/rosidl_default_runtime:/home/pi/ros2_iron/install/rosidl_default_generators:/home/pi/ros2_iron/install/action_msgs:/home/pi/ros2_iron/install/unique_identifier_msgs:/home/pi/ros2_iron/install/ament_lint_common:/home/pi/ros2_iron/install/ament_cmake_uncrustify:/home/pi/ros2_iron/install/uncrustify_vendor:/home/pi/ros2_iron/install/type_description_interfaces:/home/pi/ros2_iron/install/tracetools:/home/pi/ros2_iron/install/tlsf:/home/pi/ros2_iron/install/tinyxml_vendor:/home/pi/ros2_iron/install/qt_gui_core:/home/pi/ros2_iron/install/qt_gui_cpp:/home/pi/ros2_iron/install/pluginlib:/home/pi/ros2_iron/install/tinyxml2_vendor:/home/pi/ros2_iron/install/test_security:/home/pi/ros2_iron/install/test_rmw_implementation:/home/pi/ros2_iron/install/test_rclcpp:/home/pi/ros2_iron/install/test_quality_of_service:/home/pi/ros2_iron/install/test_launch_testing:/home/pi/ros2_iron/install/test_interface_files:/home/pi/ros2_iron/install/test_cli_remapping:/home/pi/ros2_iron/install/test_cli:/home/pi/ros2_iron/install/qt_gui_app:/home/pi/ros2_iron/install/qt_gui:/home/pi/ros2_iron/install/tango_icons_vendor:/home/pi/ros2_iron/install/sqlite3_vendor:/home/pi/ros2_iron/install/rcl_logging_spdlog:/home/pi/ros2_iron/install/spdlog_vendor:/home/pi/ros2_iron/install/shared_queues_vendor:/home/pi/ros2_iron/install/service_msgs:/home/pi/ros2_iron/install/rviz_rendering_tests:/home/pi/ros2_iron/install/rviz_rendering:/home/pi/ros2_iron/install/rviz_ogre_vendor:/home/pi/ros2_iron/install/rviz_assimp_vendor:/home/pi/ros2_iron/install/rttest:/home/pi/ros2_iron/install/rti_connext_dds_cmake_module:/home/pi/ros2_iron/install/builtin_interfaces:/home/pi/ros2_iron/install/rosidl_core_runtime:/home/pi/ros2_iron/install/rosidl_core_generators:/home/pi/ros2_iron/install/rosidl_generator_py:/home/pi/ros2_iron/install/rosidl_typesupport_tests:/home/pi/ros2_iron/install/rosidl_typesupport_introspection_tests:/home/pi/ros2_iron/install/rosidl_typesupport_cpp:/home/pi/ros2_iron/install/rosidl_typesupport_introspection_cpp:/home/pi/ros2_iron/install/rosidl_typesupport_c:/home/pi/ros2_iron/install/rosidl_typesupport_introspection_c:/home/pi/ros2_iron/install/rosidl_typesupport_fastrtps_c:/home/pi/ros2_iron/install/rosidl_typesupport_fastrtps_cpp:/home/pi/ros2_iron/install/rosidl_generator_cpp:/home/pi/ros2_iron/install/rosidl_runtime_cpp:/home/pi/ros2_iron/install/rosidl_dynamic_typesupport_fastrtps:/home/pi/ros2_iron/install/rcl_yaml_param_parser:/home/pi/ros2_iron/install/rmw:/home/pi/ros2_iron/install/rosidl_dynamic_typesupport:/home/pi/ros2_iron/install/rosidl_runtime_c:/home/pi/ros2_iron/install/rosidl_generator_c:/home/pi/ros2_iron/install/rosidl_typesupport_interface:/home/pi/ros2_iron/install/rosidl_generator_dds_idl:/home/pi/ros2_iron/install/rosidl_cmake:/home/pi/ros2_iron/install/rosidl_generator_type_description:/home/pi/ros2_iron/install/rosidl_parser:/home/pi/ros2_iron/install/rosidl_generator_tests:/home/pi/ros2_iron/install/rosidl_adapter:/home/pi/ros2_iron/install/rosbag2_tests:/home/pi/ros2_iron/install/rosbag2_test_msgdefs:/home/pi/ros2_iron/install/ros_environment:/home/pi/ros2_iron/install/rmw_implementation_cmake:/home/pi/ros2_iron/install/resource_retriever:/home/pi/ros2_iron/install/class_loader:/home/pi/ros2_iron/install/rcpputils:/home/pi/ros2_iron/install/rcl_logging_noop:/home/pi/ros2_iron/install/rcl_logging_interface:/home/pi/ros2_iron/install/rcutils:/home/pi/ros2_iron/install/qt_gui_py_common:/home/pi/ros2_iron/install/qt_dotgraph:/home/pi/ros2_iron/install/python_qt_binding:/home/pi/ros2_iron/install/python_orocos_kdl_vendor:/home/pi/ros2_iron/install/launch_testing_ament_cmake:/home/pi/ros2_iron/install/python_cmake_module:/home/pi/ros2_iron/install/pybind11_vendor:/home/pi/ros2_iron/install/performance_test_fixture:/home/pi/ros2_iron/install/osrf_testing_tools_cpp:/home/pi/ros2_iron/install/orocos_kdl_vendor:/home/pi/ros2_iron/install/mimick_vendor:/home/pi/ros2_iron/install/libyaml_vendor:/home/pi/ros2_iron/install/libcurl_vendor:/home/pi/ros2_iron/install/keyboard_handler:/home/pi/ros2_iron/install/iceoryx_introspection:/home/pi/ros2_iron/install/cyclonedds:/home/pi/ros2_iron/install/iceoryx_posh:/home/pi/ros2_iron/install/iceoryx_hoofs:/home/pi/ros2_iron/install/iceoryx_binding_c:/home/pi/ros2_iron/install/ament_cmake_ros:/home/pi/ros2_iron/install/ament_cmake_gmock:/home/pi/ros2_iron/install/gmock_vendor:/home/pi/ros2_iron/install/ament_cmake_auto:/home/pi/ros2_iron/install/ament_cmake_gtest:/home/pi/ros2_iron/install/gtest_vendor:/home/pi/ros2_iron/install/ament_cmake_google_benchmark:/home/pi/ros2_iron/install/google_benchmark_vendor:/home/pi/ros2_iron/install/fastrtps:/home/pi/ros2_iron/install/foonathan_memory_vendor:/home/pi/ros2_iron/install/fastrtps_cmake_module:/home/pi/ros2_iron/install/fastcdr:/home/pi/ros2_iron/install/eigen3_cmake_module:/home/pi/ros2_iron/install/console_bridge_vendor:/home/pi/ros2_iron/install/ament_cmake_xmllint:/home/pi/ros2_iron/install/ament_cmake_pyflakes:/home/pi/ros2_iron/install/ament_cmake_pycodestyle:/home/pi/ros2_iron/install/ament_cmake_pep257:/home/pi/ros2_iron/install/ament_cmake_pclint:/home/pi/ros2_iron/install/ament_lint_auto:/home/pi/ros2_iron/install/ament_cmake:/home/pi/ros2_iron/install/ament_cmake_version:/home/pi/ros2_iron/install/ament_cmake_vendor_package:/home/pi/ros2_iron/install/ament_cmake_pytest:/home/pi/ros2_iron/install/ament_cmake_mypy:/home/pi/ros2_iron/install/ament_cmake_lint_cmake:/home/pi/ros2_iron/install/ament_cmake_flake8:/home/pi/ros2_iron/install/ament_cmake_cpplint:/home/pi/ros2_iron/install/ament_cmake_cppcheck:/home/pi/ros2_iron/install/ament_cmake_copyright:/home/pi/ros2_iron/install/ament_cmake_clang_tidy:/home/pi/ros2_iron/install/ament_cmake_clang_format:/home/pi/ros2_iron/install/ament_cmake_test:/home/pi/ros2_iron/install/ament_cmake_target_dependencies:/home/pi/ros2_iron/install/ament_cmake_python:/home/pi/ros2_iron/install/ament_cmake_export_dependencies:/home/pi/ros2_iron/install/ament_cmake_libraries:/home/pi/ros2_iron/install/ament_cmake_include_directories:/home/pi/ros2_iron/install/ament_cmake_gen_version_h:/home/pi/ros2_iron/install/ament_cmake_export_targets:/home/pi/ros2_iron/install/ament_cmake_export_link_flags:/home/pi/ros2_iron/install/ament_cmake_export_interfaces:/home/pi/ros2_iron/install/ament_cmake_export_libraries:/home/pi/ros2_iron/install/ament_cmake_export_include_directories:/home/pi/ros2_iron/install/ament_cmake_export_definitions:/home/pi/ros2_iron/install/ament_cmake_core:/home/pi/ros2_iron/install/ament_index_cpp LD_LIBRARY_PATH=/home/pi/test_ws/install/nmea_msgs/lib:/home/pi/wow_ws/install/spacenav/lib:/home/pi/wow_ws/install/joy/lib:/home/pi/wow_ws/install/sdl2_vendor/lib:/home/pi/wow_ws/install/rviz_imu_plugin/lib:/home/pi/wow_ws/install/ntrip_client_node/lib:/home/pi/wow_ws/install/rtcm_msgs/lib:/home/pi/wow_ws/install/robot_localization/lib:/home/pi/wow_ws/install/nmea_msgs/lib:/home/pi/wow_ws/install/imu_filter_madgwick/lib:/home/pi/wow_ws/install/imu_complementary_filter/lib:/home/pi/wow_ws/install/gpsd_client/lib:/home/pi/wow_ws/install/gps_tools/lib:/home/pi/wow_ws/install/gps_msgs/lib:/home/pi/wow_ws/install/geodesy/lib:/home/pi/wow_ws/install/geographic_msgs/lib:/home/pi/wow_ws/install/foxglove_bridge/lib:/home/pi/wow_ws/install/diagnostic_updater/lib:/home/pi/wow_ws/install/diagnostic_aggregator/lib:/home/pi/test_ws/install/ublox_gps/lib:/home/pi/test_ws/install/ublox_msgs/lib:/home/pi/ros2_iron/install/rosbag2_storage_mcap/lib:/home/pi/ros2_iron/install/rosbag2_compression_zstd/lib:/home/pi/ros2_iron/install/mcap_vendor/lib:/home/pi/ros2_iron/install/rviz_default_plugins/lib:/home/pi/ros2_iron/install/rviz_common/lib:/home/pi/ros2_iron/install/rosbag2_transport/lib:/home/pi/ros2_iron/install/rosbag2_storage_sqlite3/lib:/home/pi/ros2_iron/install/rosbag2_compression/lib:/home/pi/ros2_iron/install/rosbag2_cpp/lib:/home/pi/ros2_iron/install/rosbag2_storage/lib:/home/pi/ros2_iron/install/camera_info_manager/lib:/home/pi/ros2_iron/install/camera_calibration_parsers/lib:/home/pi/ros2_iron/install/interactive_markers/lib:/home/pi/ros2_iron/install/visualization_msgs/lib:/home/pi/ros2_iron/install/robot_state_publisher/lib:/home/pi/ros2_iron/install/kdl_parser/lib:/home/pi/ros2_iron/install/urdf/lib:/home/pi/ros2_iron/install/urdfdom/lib:/home/pi/ros2_iron/install/turtlesim/lib:/home/pi/ros2_iron/install/trajectory_msgs/lib:/home/pi/ros2_iron/install/tf2_ros/lib:/home/pi/ros2_iron/install/tf2_msgs/lib:/home/pi/ros2_iron/install/tf2_eigen_kdl/lib:/home/pi/ros2_iron/install/laser_geometry/lib:/home/pi/ros2_iron/install/tf2/lib:/home/pi/ros2_iron/install/test_msgs/lib:/home/pi/ros2_iron/install/stereo_msgs/lib:/home/pi/ros2_iron/install/std_srvs/lib:/home/pi/ros2_iron/install/shape_msgs/lib:/home/pi/ros2_iron/install/quality_of_service_demo_cpp/lib:/home/pi/ros2_iron/install/map_msgs/lib:/home/pi/ros2_iron/install/image_transport/lib:/home/pi/ros2_iron/install/image_tools/lib:/home/pi/ros2_iron/install/sensor_msgs/lib:/home/pi/ros2_iron/install/nav_msgs/lib:/home/pi/ros2_iron/install/logging_demo/lib:/home/pi/ros2_iron/install/diagnostic_msgs/lib:/home/pi/ros2_iron/install/geometry_msgs/lib:/home/pi/ros2_iron/install/examples_rclcpp_wait_set/lib:/home/pi/ros2_iron/install/examples_rclcpp_minimal_subscriber/lib:/home/pi/ros2_iron/install/examples_rclcpp_minimal_composition/lib:/home/pi/ros2_iron/install/demo_nodes_cpp_native/lib:/home/pi/ros2_iron/install/demo_nodes_cpp/lib:/home/pi/ros2_iron/install/composition/lib:/home/pi/ros2_iron/install/actionlib_msgs/lib:/home/pi/ros2_iron/install/std_msgs/lib:/home/pi/ros2_iron/install/rqt_gui_cpp/lib:/home/pi/ros2_iron/install/rclcpp_lifecycle/lib:/home/pi/ros2_iron/install/action_tutorials_cpp/lib:/home/pi/ros2_iron/install/rclcpp_components/lib:/home/pi/ros2_iron/install/rclcpp_action/lib:/home/pi/ros2_iron/install/message_filters/lib:/home/pi/ros2_iron/install/rclcpp/lib:/home/pi/ros2_iron/install/libstatistics_collector/lib:/home/pi/ros2_iron/install/statistics_msgs/lib:/home/pi/ros2_iron/install/rclpy/lib:/home/pi/ros2_iron/install/rosgraph_msgs/lib:/home/pi/ros2_iron/install/rosbag2_interfaces/lib:/home/pi/ros2_iron/install/ros2cli_test_interfaces/lib:/home/pi/ros2_iron/install/rcl_lifecycle/lib:/home/pi/ros2_iron/install/rcl_action/lib:/home/pi/ros2_iron/install/rcl/lib:/home/pi/ros2_iron/install/rmw_implementation/lib:/home/pi/ros2_iron/install/rmw_fastrtps_dynamic_cpp/lib:/home/pi/ros2_iron/install/rmw_fastrtps_cpp/lib:/home/pi/ros2_iron/install/rmw_fastrtps_shared_cpp/lib:/home/pi/ros2_iron/install/rmw_cyclonedds_cpp/lib:/home/pi/ros2_iron/install/rmw_dds_common/lib:/home/pi/ros2_iron/install/composition_interfaces/lib:/home/pi/ros2_iron/install/rcl_interfaces/lib:/home/pi/ros2_iron/install/pendulum_msgs/lib:/home/pi/ros2_iron/install/lifecycle_msgs/lib:/home/pi/ros2_iron/install/example_interfaces/lib:/home/pi/ros2_iron/install/action_tutorials_interfaces/lib:/home/pi/ros2_iron/install/action_msgs/lib:/home/pi/ros2_iron/install/unique_identifier_msgs/lib:/home/pi/ros2_iron/install/type_description_interfaces/lib:/home/pi/ros2_iron/install/tracetools/lib:/home/pi/ros2_iron/install/qt_gui_cpp/lib:/home/pi/ros2_iron/install/rcl_logging_spdlog/lib:/home/pi/ros2_iron/install/service_msgs/lib:/home/pi/ros2_iron/install/rviz_rendering/lib:/home/pi/ros2_iron/install/rviz_ogre_vendor/opt/rviz_ogre_vendor/lib:/home/pi/ros2_iron/install/rttest/lib:/home/pi/ros2_iron/install/builtin_interfaces/lib:/home/pi/ros2_iron/install/rosidl_typesupport_cpp/lib:/home/pi/ros2_iron/install/rosidl_typesupport_introspection_cpp/lib:/home/pi/ros2_iron/install/rosidl_typesupport_c/lib:/home/pi/ros2_iron/install/rosidl_typesupport_introspection_c/lib:/home/pi/ros2_iron/install/rosidl_typesupport_fastrtps_c/lib:/home/pi/ros2_iron/install/rosidl_typesupport_fastrtps_cpp/lib:/home/pi/ros2_iron/install/rosidl_dynamic_typesupport_fastrtps/lib:/home/pi/ros2_iron/install/rcl_yaml_param_parser/lib:/home/pi/ros2_iron/install/rmw/lib:/home/pi/ros2_iron/install/rosidl_dynamic_typesupport/lib:/home/pi/ros2_iron/install/rosidl_runtime_c/lib:/home/pi/ros2_iron/install/rosbag2_test_msgdefs/lib:/home/pi/ros2_iron/install/resource_retriever/lib:/home/pi/ros2_iron/install/class_loader/lib:/home/pi/ros2_iron/install/rcpputils/lib:/home/pi/ros2_iron/install/rcl_logging_noop/lib:/home/pi/ros2_iron/install/rcl_logging_interface/lib:/home/pi/ros2_iron/install/rcutils/lib:/home/pi/ros2_iron/install/performance_test_fixture/lib:/home/pi/ros2_iron/install/osrf_testing_tools_cpp/lib:/home/pi/ros2_iron/install/mimick_vendor/lib:/home/pi/ros2_iron/install/keyboard_handler/lib:/home/pi/ros2_iron/install/iceoryx_introspection/lib:/home/pi/ros2_iron/install/cyclonedds/lib:/home/pi/ros2_iron/install/iceoryx_posh/lib:/home/pi/ros2_iron/install/iceoryx_hoofs/lib:/home/pi/ros2_iron/install/iceoryx_binding_c/lib:/home/pi/ros2_iron/install/google_benchmark_vendor/lib:/home/pi/ros2_iron/install/fastrtps/lib:/home/pi/ros2_iron/install/fastcdr/lib:/home/pi/ros2_iron/install/ament_index_cpp/lib PYTHONPATH=/home/pi/test_ws/build/nmea_navsat_driver/prefix_override:/home/pi/test_ws/install/nmea_navsat_driver/lib/python3.11/site-packages:/home/pi/test_ws/install/nmea_msgs/lib/python3.11/site-packages:/home/pi/wow_ws/build/ntrip_client/src:/home/pi/wow_ws/install/ntrip_client/lib/python3.11/site-packages:/home/pi/wow_ws/install/rtcm_msgs/lib/python3.11/site-packages:/home/pi/wow_ws/install/robot_localization/lib/python3.11/site-packages:/home/pi/wow_ws/install/nmea_msgs/lib/python3.11/site-packages:/home/pi/wow_ws/install/gps_tools/lib/python3.11/site-packages:/home/pi/wow_ws/install/gps_msgs/lib/python3.11/site-packages:/home/pi/wow_ws/install/geodesy/lib/python3.11/site-packages:/home/pi/wow_ws/install/geographic_msgs/lib/python3.11/site-packages:/home/pi/wow_ws/install/diagnostic_common_diagnostics/lib/python3.11/site-packages:/home/pi/wow_ws/install/diagnostic_updater/lib/python3.11/site-packages:/home/pi/wow_ws/install/diagnostic_aggregator/lib/python3.11/site-packages:/home/pi/wow_ws/build/bno055:/home/pi/wow_ws/install/bno055/lib/python3.11/site-packages:/home/pi/wow_ws/build/ICM20948:/home/pi/wow_ws/install/ICM20948/lib/python3.11/site-packages:/home/pi/test_ws/build/urdf_wow_monk:/home/pi/test_ws/install/urdf_wow_monk/lib/python3.11/site-packages:/home/pi/test_ws/install/ublox_msgs/lib/python3.11/site-packages:/home/pi/test_ws/build/ntrip_client/src:/home/pi/test_ws/install/ntrip_client/lib/python3.11/site-packages:/home/pi/test_ws/build/nmea_navsat_driver/src:/home/pi/test_ws/install/nmea_navsat_driver/lib/python3.11/site-packages:/home/pi/test_ws/build/gps_publisher:/home/pi/test_ws/install/gps_publisher/lib/python3.11/site-packages:/home/pi/ros2_iron/build/rqt_bag_plugins/src:/home/pi/ros2_iron/install/rqt_bag_plugins/lib/python3.11/site-packages:/home/pi/ros2_iron/install/rosbag2_storage_mcap/lib/python3.11/site-packages:/home/pi/ros2_iron/build/rqt_bag/src:/home/pi/ros2_iron/install/rqt_bag/lib/python3.11/site-packages:/home/pi/ros2_iron/build/rosbag2_examples_py:/home/pi/ros2_iron/install/rosbag2_examples_py/lib/python3.11/site-packages:/home/pi/ros2_iron/build/launch_testing_examples:/home/pi/ros2_iron/install/launch_testing_examples/lib/python3.11/site-packages:/home/pi/ros2_iron/build/ros2bag:/home/pi/ros2_iron/install/ros2bag/lib/python3.11/site-packages:/home/pi/ros2_iron/install/rosbag2_py/lib/python3.11/site-packages:/home/pi/ros2_iron/install/rosbag2_storage_sqlite3/lib/python3.11/site-packages:/home/pi/ros2_iron/install/interactive_markers/lib/python3.11/site-packages:/home/pi/ros2_iron/install/visualization_msgs/lib/python3.11/site-packages:/home/pi/ros2_iron/install/turtlesim/lib/python3.11/site-packages:/home/pi/ros2_iron/install/trajectory_msgs/lib/python3.11/site-packages:/home/pi/ros2_iron/build/tracetools_test:/home/pi/ros2_iron/install/tracetools_test/lib/python3.11/site-packages:/home/pi/ros2_iron/build/tracetools_launch:/home/pi/ros2_iron/install/tracetools_launch/lib/python3.11/site-packages:/home/pi/ros2_iron/build/topic_monitor:/home/pi/ros2_iron/install/topic_monitor/lib/python3.11/site-packages:/home/pi/ros2_iron/build/tf2_tools:/home/pi/ros2_iron/install/tf2_tools/lib/python3.11/site-packages:/home/pi/ros2_iron/install/tf2_sensor_msgs/lib/python3.11/site-packages:/home/pi/ros2_iron/install/tf2_kdl/lib/python3.11/site-packages:/home/pi/ros2_iron/install/tf2_geometry_msgs/lib/python3.11/site-packages:/home/pi/ros2_iron/build/examples_tf2_py:/home/pi/ros2_iron/install/examples_tf2_py/lib/python3.11/site-packages:/home/pi/ros2_iron/build/tf2_ros_py:/home/pi/ros2_iron/install/tf2_ros_py/lib/python3.11/site-packages:/home/pi/ros2_iron/install/tf2_py/lib/python3.11/site-packages:/home/pi/ros2_iron/install/tf2_msgs/lib/python3.11/site-packages:/home/pi/ros2_iron/install/laser_geometry/lib/python3.11/site-packages:/home/pi/ros2_iron/install/test_msgs/lib/python3.11/site-packages:/home/pi/ros2_iron/install/stereo_msgs/lib/python3.11/site-packages:/home/pi/ros2_iron/install/std_srvs/lib/python3.11/site-packages:/home/pi/ros2_iron/install/shape_msgs/lib/python3.11/site-packages:/home/pi/ros2_iron/build/examples_rclpy_pointcloud_publisher:/home/pi/ros2_iron/install/examples_rclpy_pointcloud_publisher/lib/python3.11/site-packages:/home/pi/ros2_iron/build/sensor_msgs_py:/home/pi/ros2_iron/install/sensor_msgs_py/lib/python3.11/site-packages:/home/pi/ros2_iron/build/quality_of_service_demo_py:/home/pi/ros2_iron/install/quality_of_service_demo_py/lib/python3.11/site-packages:/home/pi/ros2_iron/install/map_msgs/lib/python3.11/site-packages:/home/pi/ros2_iron/install/sensor_msgs/lib/python3.11/site-packages:/home/pi/ros2_iron/build/rqt_plot/src:/home/pi/ros2_iron/install/rqt_plot/lib/python3.11/site-packages:/home/pi/ros2_iron/build/ros2doctor:/home/pi/ros2_iron/install/ros2doctor/lib/python3.11/site-packages:/home/pi/ros2_iron/install/nav_msgs/lib/python3.11/site-packages:/home/pi/ros2_iron/install/logging_demo/lib/python3.11/site-packages:/home/pi/ros2_iron/build/lifecycle_py:/home/pi/ros2_iron/install/lifecycle_py/lib/python3.11/site-packages:/home/pi/ros2_iron/install/diagnostic_msgs/lib/python3.11/site-packages:/home/pi/ros2_iron/install/geometry_msgs/lib/python3.11/site-packages:/home/pi/ros2_iron/build/examples_rclpy_minimal_subscriber:/home/pi/ros2_iron/install/examples_rclpy_minimal_subscriber/lib/python3.11/site-packages:/home/pi/ros2_iron/build/examples_rclpy_minimal_service:/home/pi/ros2_iron/install/examples_rclpy_minimal_service/lib/python3.11/site-packages:/home/pi/ros2_iron/build/examples_rclpy_minimal_publisher:/home/pi/ros2_iron/install/examples_rclpy_minimal_publisher/lib/python3.11/site-packages:/home/pi/ros2_iron/build/examples_rclpy_minimal_client:/home/pi/ros2_iron/install/examples_rclpy_minimal_client/lib/python3.11/site-packages:/home/pi/ros2_iron/build/examples_rclpy_executors:/home/pi/ros2_iron/install/examples_rclpy_executors/lib/python3.11/site-packages:/home/pi/ros2_iron/build/demo_nodes_py:/home/pi/ros2_iron/install/demo_nodes_py/lib/python3.11/site-packages:/home/pi/ros2_iron/install/actionlib_msgs/lib/python3.11/site-packages:/home/pi/ros2_iron/install/std_msgs/lib/python3.11/site-packages:/home/pi/ros2_iron/build/rqt:/home/pi/ros2_iron/install/rqt/lib/python3.11/site-packages:/home/pi/ros2_iron/install/rosbag2_test_common/lib/python3.11/site-packages:/home/pi/ros2_iron/build/ros2component:/home/pi/ros2_iron/install/ros2component/lib/python3.11/site-packages:/home/pi/ros2_iron/install/message_filters/lib/python3.11/site-packages:/home/pi/ros2_iron/install/statistics_msgs/lib/python3.11/site-packages:/home/pi/ros2_iron/build/sros2:/home/pi/ros2_iron/install/sros2/lib/python3.11/site-packages:/home/pi/ros2_iron/build/rqt_topic/src:/home/pi/ros2_iron/install/rqt_topic/lib/python3.11/site-packages:/home/pi/ros2_iron/build/rqt_srv/src:/home/pi/ros2_iron/install/rqt_srv/lib/python3.11/site-packages:/home/pi/ros2_iron/build/rqt_shell/src:/home/pi/ros2_iron/install/rqt_shell/lib/python3.11/site-packages:/home/pi/ros2_iron/build/rqt_service_caller/src:/home/pi/ros2_iron/install/rqt_service_caller/lib/python3.11/site-packages:/home/pi/ros2_iron/build/rqt_reconfigure/src:/home/pi/ros2_iron/install/rqt_reconfigure/lib/python3.11/site-packages:/home/pi/ros2_iron/build/rqt_py_console/src:/home/pi/ros2_iron/install/rqt_py_console/lib/python3.11/site-packages:/home/pi/ros2_iron/build/rqt_publisher/src:/home/pi/ros2_iron/install/rqt_publisher/lib/python3.11/site-packages:/home/pi/ros2_iron/build/rqt_action/src:/home/pi/ros2_iron/install/rqt_action/lib/python3.11/site-packages:/home/pi/ros2_iron/build/rqt_msg/src:/home/pi/ros2_iron/install/rqt_msg/lib/python3.11/site-packages:/home/pi/ros2_iron/build/rqt_console/src:/home/pi/ros2_iron/install/rqt_console/lib/python3.11/site-packages:/home/pi/ros2_iron/install/rqt_py_common/lib/python3.11/site-packages:/home/pi/ros2_iron/build/rqt_graph/src:/home/pi/ros2_iron/install/rqt_graph/lib/python3.11/site-packages:/home/pi/ros2_iron/build/rqt_gui_py/src:/home/pi/ros2_iron/install/rqt_gui_py/lib/python3.11/site-packages:/home/pi/ros2_iron/build/rqt_gui/src:/home/pi/ros2_iron/install/rqt_gui/lib/python3.11/site-packages:/home/pi/ros2_iron/build/ros2trace:/home/pi/ros2_iron/install/ros2trace/lib/python3.11/site-packages:/home/pi/ros2_iron/build/ros2topic:/home/pi/ros2_iron/install/ros2topic/lib/python3.11/site-packages:/home/pi/ros2_iron/build/ros2test:/home/pi/ros2_iron/install/ros2test/lib/python3.11/site-packages:/home/pi/ros2_iron/build/ros2param:/home/pi/ros2_iron/install/ros2param/lib/python3.11/site-packages:/home/pi/ros2_iron/build/ros2lifecycle:/home/pi/ros2_iron/install/ros2lifecycle/lib/python3.11/site-packages:/home/pi/ros2_iron/build/ros2service:/home/pi/ros2_iron/install/ros2service/lib/python3.11/site-packages:/home/pi/ros2_iron/build/ros2run:/home/pi/ros2_iron/install/ros2run/lib/python3.11/site-packages:/home/pi/ros2_iron/build/ros2launch:/home/pi/ros2_iron/install/ros2launch/lib/python3.11/site-packages:/home/pi/ros2_iron/build/ros2pkg:/home/pi/ros2_iron/install/ros2pkg/lib/python3.11/site-packages:/home/pi/ros2_iron/build/ros2node:/home/pi/ros2_iron/install/ros2node/lib/python3.11/site-packages:/home/pi/ros2_iron/build/ros2multicast:/home/pi/ros2_iron/install/ros2multicast/lib/python3.11/site-packages:/home/pi/ros2_iron/build/ros2interface:/home/pi/ros2_iron/install/ros2interface/lib/python3.11/site-packages:/home/pi/ros2_iron/build/ros2action:/home/pi/ros2_iron/install/ros2action/lib/python3.11/site-packages:/home/pi/ros2_iron/build/ros2cli:/home/pi/ros2_iron/install/ros2cli/lib/python3.11/site-packages:/home/pi/ros2_iron/build/launch_testing_ros:/home/pi/ros2_iron/install/launch_testing_ros/lib/python3.11/site-packages:/home/pi/ros2_iron/build/launch_ros:/home/pi/ros2_iron/install/launch_ros/lib/python3.11/site-packages:/home/pi/ros2_iron/build/examples_rclpy_minimal_action_server:/home/pi/ros2_iron/install/examples_rclpy_minimal_action_server/lib/python3.11/site-packages:/home/pi/ros2_iron/build/examples_rclpy_minimal_action_client:/home/pi/ros2_iron/install/examples_rclpy_minimal_action_client/lib/python3.11/site-packages:/home/pi/ros2_iron/build/examples_rclpy_guard_conditions:/home/pi/ros2_iron/install/examples_rclpy_guard_conditions/lib/python3.11/site-packages:/home/pi/ros2_iron/build/action_tutorials_py:/home/pi/ros2_iron/install/action_tutorials_py/lib/python3.11/site-packages:/home/pi/ros2_iron/install/rclpy/lib/python3.11/site-packages:/home/pi/ros2_iron/install/rosgraph_msgs/lib/python3.11/site-packages:/home/pi/ros2_iron/install/rosbag2_interfaces/lib/python3.11/site-packages:/home/pi/ros2_iron/install/ros2cli_test_interfaces/lib/python3.11/site-packages:/home/pi/ros2_iron/install/rmw_dds_common/lib/python3.11/site-packages:/home/pi/ros2_iron/install/composition_interfaces/lib/python3.11/site-packages:/home/pi/ros2_iron/install/rcl_interfaces/lib/python3.11/site-packages:/home/pi/ros2_iron/install/pendulum_msgs/lib/python3.11/site-packages:/home/pi/ros2_iron/install/lifecycle_msgs/lib/python3.11/site-packages:/home/pi/ros2_iron/install/example_interfaces/lib/python3.11/site-packages:/home/pi/ros2_iron/install/action_tutorials_interfaces/lib/python3.11/site-packages:/home/pi/ros2_iron/install/action_msgs/lib/python3.11/site-packages:/home/pi/ros2_iron/install/unique_identifier_msgs/lib/python3.11/site-packages:/home/pi/ros2_iron/build/ament_uncrustify:/home/pi/ros2_iron/install/ament_uncrustify/lib/python3.11/site-packages:/home/pi/ros2_iron/install/type_description_interfaces/lib/python3.11/site-packages:/home/pi/ros2_iron/build/tracetools_trace:/home/pi/ros2_iron/install/tracetools_trace/lib/python3.11/site-packages:/home/pi/ros2_iron/build/tracetools_read:/home/pi/ros2_iron/install/tracetools_read/lib/python3.11/site-packages:/home/pi/ros2_iron/install/qt_gui_cpp/lib/python3.11/site-packages:/home/pi/ros2_iron/build/test_tracetools_launch:/home/pi/ros2_iron/install/test_tracetools_launch/lib/python3.11/site-packages:/home/pi/ros2_iron/build/test_ros2trace:/home/pi/ros2_iron/install/test_ros2trace/lib/python3.11/site-packages:/home/pi/ros2_iron/build/test_launch_ros:/home/pi/ros2_iron/install/test_launch_ros/lib/python3.11/site-packages:/home/pi/ros2_iron/install/qt_gui/lib/python3.11/site-packages:/home/pi/ros2_iron/install/service_msgs/lib/python3.11/site-packages:/home/pi/ros2_iron/install/builtin_interfaces/lib/python3.11/site-packages:/home/pi/ros2_iron/install/rosidl_generator_py/lib/python3.11/site-packages:/home/pi/ros2_iron/build/rpyutils:/home/pi/ros2_iron/install/rpyutils/lib/python3.11/site-packages:/home/pi/ros2_iron/install/rosidl_typesupport_cpp/lib/python3.11/site-packages:/home/pi/ros2_iron/install/rosidl_typesupport_introspection_cpp/lib/python3.11/site-packages:/home/pi/ros2_iron/install/rosidl_typesupport_c/lib/python3.11/site-packages:/home/pi/ros2_iron/install/rosidl_typesupport_introspection_c/lib/python3.11/site-packages:/home/pi/ros2_iron/install/rosidl_typesupport_fastrtps_c/lib/python3.11/site-packages:/home/pi/ros2_iron/install/rosidl_typesupport_fastrtps_cpp/lib/python3.11/site-packages:/home/pi/ros2_iron/install/rosidl_generator_cpp/lib/python3.11/site-packages:/home/pi/ros2_iron/install/rosidl_generator_c/lib/python3.11/site-packages:/home/pi/ros2_iron/build/rosidl_runtime_py:/home/pi/ros2_iron/install/rosidl_runtime_py/lib/python3.11/site-packages:/home/pi/ros2_iron/install/rosidl_generator_dds_idl/lib/python3.11/site-packages:/home/pi/ros2_iron/install/rosidl_cmake/lib/python3.11/site-packages:/home/pi/ros2_iron/build/rosidl_pycommon:/home/pi/ros2_iron/install/rosidl_pycommon/lib/python3.11/site-packages:/home/pi/ros2_iron/install/rosidl_generator_type_description/lib/python3.11/site-packages:/home/pi/ros2_iron/install/rosidl_parser/lib/python3.11/site-packages:/home/pi/ros2_iron/install/rosidl_adapter/lib/python3.11/site-packages:/home/pi/ros2_iron/build/rosidl_cli:/home/pi/ros2_iron/install/rosidl_cli/lib/python3.11/site-packages:/home/pi/ros2_iron/install/rosbag2_test_msgdefs/lib/python3.11/site-packages:/home/pi/ros2_iron/install/resource_retriever/lib/python3.11/site-packages:/home/pi/ros2_iron/install/rcutils/lib/python3.11/site-packages:/home/pi/ros2_iron/install/qt_gui_py_common/lib/python3.11/site-packages:/home/pi/ros2_iron/install/qt_dotgraph/lib/python3.11/site-packages:/home/pi/ros2_iron/install/python_qt_binding/lib/python3.11/site-packages:/home/pi/ros2_iron/build/launch_pytest:/home/pi/ros2_iron/install/launch_pytest/lib/python3.11/site-packages:/home/pi/ros2_iron/build/launch_testing:/home/pi/ros2_iron/install/launch_testing/lib/python3.11/site-packages:/home/pi/ros2_iron/build/launch_yaml:/home/pi/ros2_iron/install/launch_yaml/lib/python3.11/site-packages:/home/pi/ros2_iron/build/launch_xml:/home/pi/ros2_iron/install/launch_xml/lib/python3.11/site-packages:/home/pi/ros2_iron/build/launch:/home/pi/ros2_iron/install/launch/lib/python3.11/site-packages:/home/pi/ros2_iron/build/osrf_pycommon:/home/pi/ros2_iron/install/osrf_pycommon/lib/python3.11/site-packages:/home/pi/ros2_iron/install/ament_cmake_google_benchmark/lib/python3.11/site-packages:/home/pi/ros2_iron/build/domain_coordinator:/home/pi/ros2_iron/install/domain_coordinator/lib/python3.11/site-packages:/home/pi/ros2_iron/build/ament_xmllint:/home/pi/ros2_iron/install/ament_xmllint/lib/python3.11/site-packages:/home/pi/ros2_iron/build/ament_pyflakes:/home/pi/ros2_iron/install/ament_pyflakes/lib/python3.11/site-packages:/home/pi/ros2_iron/build/ament_pycodestyle:/home/pi/ros2_iron/install/ament_pycodestyle/lib/python3.11/site-packages:/home/pi/ros2_iron/build/ament_pep257:/home/pi/ros2_iron/install/ament_pep257/lib/python3.11/site-packages:/home/pi/ros2_iron/build/ament_pclint:/home/pi/ros2_iron/install/ament_pclint/lib/python3.11/site-packages:/home/pi/ros2_iron/install/ament_cmake_test/lib/python3.11/site-packages:/home/pi/ros2_iron/build/ament_package:/home/pi/ros2_iron/install/ament_package/lib/python3.11/site-packages:/home/pi/ros2_iron/build/ament_mypy:/home/pi/ros2_iron/install/ament_mypy/lib/python3.11/site-packages:/home/pi/ros2_iron/build/ament_lint_cmake:/home/pi/ros2_iron/install/ament_lint_cmake/lib/python3.11/site-packages:/home/pi/ros2_iron/build/ament_flake8:/home/pi/ros2_iron/install/ament_flake8/lib/python3.11/site-packages:/home/pi/ros2_iron/build/ament_copyright:/home/pi/ros2_iron/install/ament_copyright/lib/python3.11/site-packages:/home/pi/ros2_iron/build/ament_lint:/home/pi/ros2_iron/install/ament_lint/lib/python3.11/site-packages:/home/pi/ros2_iron/build/ament_index_python:/home/pi/ros2_iron/install/ament_index_python/lib/python3.11/site-packages:/home/pi/ros2_iron/build/ament_cpplint:/home/pi/ros2_iron/install/ament_cpplint/lib/python3.11/site-packages:/home/pi/ros2_iron/build/ament_cppcheck:/home/pi/ros2_iron/install/ament_cppcheck/lib/python3.11/site-packages:/home/pi/ros2_iron/build/ament_clang_tidy:/home/pi/ros2_iron/install/ament_clang_tidy/lib/python3.11/site-packages:/home/pi/ros2_iron/build/ament_clang_format:/home/pi/ros2_iron/install/ament_clang_format/lib/python3.11/site-packages /usr/bin/python3 setup.py develop --editable --build-directory /home/pi/test_ws/build/nmea_navsat_driver/build --no-deps install_data
[5.685s] Level 1:colcon.colcon_core.shell:create_environment_hook('nmea_navsat_driver', 'pythonpath_develop')
[5.686s] INFO:colcon.colcon_core.shell:Creating environment descriptor '/home/pi/test_ws/build/nmea_navsat_driver/src/share/nmea_navsat_driver/hook/pythonpath_develop.dsv'
[5.686s] DEBUG:colcon.colcon_core.event_handler.log_command:Invoked command in '/home/pi/test_ws/build/nmea_navsat_driver' returned '0': CMAKE_PREFIX_PATH=/home/pi/test_ws/install/nmea_msgs:/home/pi/wow_ws/install/spacenav:/home/pi/wow_ws/install/diagnostics:/home/pi/wow_ws/install/self_test:/home/pi/wow_ws/install/joy:/home/pi/wow_ws/install/sdl2_vendor:/home/pi/wow_ws/install/imu_tools:/home/pi/wow_ws/install/rviz_imu_plugin:/home/pi/wow_ws/install/ntrip_client_node:/home/pi/wow_ws/install/rtcm_msgs:/home/pi/wow_ws/install/robot_localization:/home/pi/wow_ws/install/nmea_msgs:/home/pi/wow_ws/install/joy_linux:/home/pi/wow_ws/install/imu_filter_madgwick:/home/pi/wow_ws/install/imu_complementary_filter:/home/pi/wow_ws/install/gps_umd:/home/pi/wow_ws/install/gpsd_client:/home/pi/wow_ws/install/gps_tools:/home/pi/wow_ws/install/gps_msgs:/home/pi/wow_ws/install/geographic_info:/home/pi/wow_ws/install/geodesy:/home/pi/wow_ws/install/geographic_msgs:/home/pi/wow_ws/install/foxglove_bridge:/home/pi/wow_ws/install/diagnostic_common_diagnostics:/home/pi/wow_ws/install/diagnostic_updater:/home/pi/wow_ws/install/diagnostic_aggregator:/home/pi/test_ws/install/ublox:/home/pi/test_ws/install/ublox_gps:/home/pi/test_ws/install/ublox_msgs:/home/pi/test_ws/install/ublox_serialization:/home/pi/ros2_iron/install/rosbag2:/home/pi/ros2_iron/install/rosbag2_storage_default_plugins:/home/pi/ros2_iron/install/rosbag2_storage_mcap:/home/pi/ros2_iron/install/rosbag2_compression_zstd:/home/pi/ros2_iron/install/mcap_vendor:/home/pi/ros2_iron/install/zstd_vendor:/home/pi/ros2_iron/install/rviz_visual_testing_framework:/home/pi/ros2_iron/install/rviz2:/home/pi/ros2_iron/install/rviz_default_plugins:/home/pi/ros2_iron/install/rviz_common:/home/pi/ros2_iron/install/rosbag2_py:/home/pi/ros2_iron/install/rosbag2_transport:/home/pi/ros2_iron/install/rosbag2_storage_sqlite3:/home/pi/ros2_iron/install/rosbag2_examples_cpp:/home/pi/ros2_iron/install/rosbag2_compression:/home/pi/ros2_iron/install/rosbag2_cpp:/home/pi/ros2_iron/install/rosbag2_storage:/home/pi/ros2_iron/install/image_common:/home/pi/ros2_iron/install/camera_info_manager:/home/pi/ros2_iron/install/camera_calibration_parsers:/home/pi/ros2_iron/install/yaml_cpp_vendor:/home/pi/ros2_iron/install/interactive_markers:/home/pi/ros2_iron/install/common_interfaces:/home/pi/ros2_iron/install/visualization_msgs:/home/pi/ros2_iron/install/dummy_robot_bringup:/home/pi/ros2_iron/install/robot_state_publisher:/home/pi/ros2_iron/install/kdl_parser:/home/pi/ros2_iron/install/urdf:/home/pi/ros2_iron/install/urdfdom:/home/pi/ros2_iron/install/urdf_parser_plugin:/home/pi/ros2_iron/install/urdfdom_headers:/home/pi/ros2_iron/install/turtlesim:/home/pi/ros2_iron/install/trajectory_msgs:/home/pi/ros2_iron/install/topic_statistics_demo:/home/pi/ros2_iron/install/pendulum_control:/home/pi/ros2_iron/install/tlsf_cpp:/home/pi/ros2_iron/install/geometry2:/home/pi/ros2_iron/install/tf2_sensor_msgs:/home/pi/ros2_iron/install/test_tf2:/home/pi/ros2_iron/install/tf2_kdl:/home/pi/ros2_iron/install/tf2_geometry_msgs:/home/pi/ros2_iron/install/tf2_eigen:/home/pi/ros2_iron/install/tf2_bullet:/home/pi/ros2_iron/install/tf2_ros:/home/pi/ros2_iron/install/tf2_py:/home/pi/ros2_iron/install/tf2_msgs:/home/pi/ros2_iron/install/tf2_eigen_kdl:/home/pi/ros2_iron/install/laser_geometry:/home/pi/ros2_iron/install/tf2:/home/pi/ros2_iron/install/test_tracetools:/home/pi/ros2_iron/install/test_msgs:/home/pi/ros2_iron/install/test_communication:/home/pi/ros2_iron/install/stereo_msgs:/home/pi/ros2_iron/install/std_srvs:/home/pi/ros2_iron/install/shape_msgs:/home/pi/ros2_iron/install/quality_of_service_demo_cpp:/home/pi/ros2_iron/install/map_msgs:/home/pi/ros2_iron/install/intra_process_demo:/home/pi/ros2_iron/install/image_transport:/home/pi/ros2_iron/install/image_tools:/home/pi/ros2_iron/install/dummy_sensors:/home/pi/ros2_iron/install/sensor_msgs:/home/pi/ros2_iron/install/ros2cli_common_extensions:/home/pi/ros2_iron/install/dummy_map_server:/home/pi/ros2_iron/install/nav_msgs:/home/pi/ros2_iron/install/logging_demo:/home/pi/ros2_iron/install/lifecycle:/home/pi/ros2_iron/install/diagnostic_msgs:/home/pi/ros2_iron/install/geometry_msgs:/home/pi/ros2_iron/install/examples_rclcpp_wait_set:/home/pi/ros2_iron/install/examples_rclcpp_multithreaded_executor:/home/pi/ros2_iron/install/examples_rclcpp_minimal_subscriber:/home/pi/ros2_iron/install/examples_rclcpp_minimal_publisher:/home/pi/ros2_iron/install/examples_rclcpp_minimal_composition:/home/pi/ros2_iron/install/examples_rclcpp_cbg_executor:/home/pi/ros2_iron/install/demo_nodes_cpp_native:/home/pi/ros2_iron/install/demo_nodes_cpp:/home/pi/ros2_iron/install/composition:/home/pi/ros2_iron/install/actionlib_msgs:/home/pi/ros2_iron/install/std_msgs:/home/pi/ros2_iron/install/rqt_gui_cpp:/home/pi/ros2_iron/install/rosbag2_test_common:/home/pi/ros2_iron/install/ros2lifecycle_test_fixtures:/home/pi/ros2_iron/install/rclcpp_lifecycle:/home/pi/ros2_iron/install/action_tutorials_cpp:/home/pi/ros2_iron/install/rclcpp_components:/home/pi/ros2_iron/install/examples_rclcpp_minimal_action_server:/home/pi/ros2_iron/install/examples_rclcpp_minimal_action_client:/home/pi/ros2_iron/install/rclcpp_action:/home/pi/ros2_iron/install/message_filters:/home/pi/ros2_iron/install/examples_rclcpp_minimal_timer:/home/pi/ros2_iron/install/examples_rclcpp_minimal_service:/home/pi/ros2_iron/install/examples_rclcpp_minimal_client:/home/pi/ros2_iron/install/examples_rclcpp_async_client:/home/pi/ros2_iron/install/rclcpp:/home/pi/ros2_iron/install/libstatistics_collector:/home/pi/ros2_iron/install/statistics_msgs:/home/pi/ros2_iron/install/sros2_cmake:/home/pi/ros2_iron/install/rqt_py_common:/home/pi/ros2_iron/install/ros_testing:/home/pi/ros2_iron/install/rclpy:/home/pi/ros2_iron/install/rosgraph_msgs:/home/pi/ros2_iron/install/rosbag2_interfaces:/home/pi/ros2_iron/install/ros2cli_test_interfaces:/home/pi/ros2_iron/install/rcl_lifecycle:/home/pi/ros2_iron/install/rcl_action:/home/pi/ros2_iron/install/rcl:/home/pi/ros2_iron/install/rmw_implementation:/home/pi/ros2_iron/install/rmw_fastrtps_dynamic_cpp:/home/pi/ros2_iron/install/rmw_fastrtps_cpp:/home/pi/ros2_iron/install/rmw_fastrtps_shared_cpp:/home/pi/ros2_iron/install/rmw_cyclonedds_cpp:/home/pi/ros2_iron/install/rmw_connextddsmicro:/home/pi/ros2_iron/install/rmw_connextdds:/home/pi/ros2_iron/install/rmw_connextdds_common:/home/pi/ros2_iron/install/rmw_dds_common:/home/pi/ros2_iron/install/composition_interfaces:/home/pi/ros2_iron/install/rcl_interfaces:/home/pi/ros2_iron/install/pendulum_msgs:/home/pi/ros2_iron/install/lifecycle_msgs:/home/pi/ros2_iron/install/example_interfaces:/home/pi/ros2_iron/install/action_tutorials_interfaces:/home/pi/ros2_iron/install/rosidl_default_runtime:/home/pi/ros2_iron/install/rosidl_default_generators:/home/pi/ros2_iron/install/action_msgs:/home/pi/ros2_iron/install/unique_identifier_msgs:/home/pi/ros2_iron/install/ament_lint_common:/home/pi/ros2_iron/install/ament_cmake_uncrustify:/home/pi/ros2_iron/install/uncrustify_vendor:/home/pi/ros2_iron/install/type_description_interfaces:/home/pi/ros2_iron/install/tracetools:/home/pi/ros2_iron/install/tlsf:/home/pi/ros2_iron/install/tinyxml_vendor:/home/pi/ros2_iron/install/qt_gui_core:/home/pi/ros2_iron/install/qt_gui_cpp:/home/pi/ros2_iron/install/pluginlib:/home/pi/ros2_iron/install/tinyxml2_vendor:/home/pi/ros2_iron/install/test_security:/home/pi/ros2_iron/install/test_rmw_implementation:/home/pi/ros2_iron/install/test_rclcpp:/home/pi/ros2_iron/install/test_quality_of_service:/home/pi/ros2_iron/install/test_launch_testing:/home/pi/ros2_iron/install/test_interface_files:/home/pi/ros2_iron/install/test_cli_remapping:/home/pi/ros2_iron/install/test_cli:/home/pi/ros2_iron/install/qt_gui_app:/home/pi/ros2_iron/install/qt_gui:/home/pi/ros2_iron/install/tango_icons_vendor:/home/pi/ros2_iron/install/sqlite3_vendor:/home/pi/ros2_iron/install/rcl_logging_spdlog:/home/pi/ros2_iron/install/spdlog_vendor:/home/pi/ros2_iron/install/shared_queues_vendor:/home/pi/ros2_iron/install/service_msgs:/home/pi/ros2_iron/install/rviz_rendering_tests:/home/pi/ros2_iron/install/rviz_rendering:/home/pi/ros2_iron/install/rviz_ogre_vendor:/home/pi/ros2_iron/install/rviz_assimp_vendor:/home/pi/ros2_iron/install/rttest:/home/pi/ros2_iron/install/rti_connext_dds_cmake_module:/home/pi/ros2_iron/install/builtin_interfaces:/home/pi/ros2_iron/install/rosidl_core_runtime:/home/pi/ros2_iron/install/rosidl_core_generators:/home/pi/ros2_iron/install/rosidl_generator_py:/home/pi/ros2_iron/install/rosidl_typesupport_tests:/home/pi/ros2_iron/install/rosidl_typesupport_introspection_tests:/home/pi/ros2_iron/install/rosidl_typesupport_cpp:/home/pi/ros2_iron/install/rosidl_typesupport_introspection_cpp:/home/pi/ros2_iron/install/rosidl_typesupport_c:/home/pi/ros2_iron/install/rosidl_typesupport_introspection_c:/home/pi/ros2_iron/install/rosidl_typesupport_fastrtps_c:/home/pi/ros2_iron/install/rosidl_typesupport_fastrtps_cpp:/home/pi/ros2_iron/install/rosidl_generator_cpp:/home/pi/ros2_iron/install/rosidl_runtime_cpp:/home/pi/ros2_iron/install/rosidl_dynamic_typesupport_fastrtps:/home/pi/ros2_iron/install/rcl_yaml_param_parser:/home/pi/ros2_iron/install/rmw:/home/pi/ros2_iron/install/rosidl_dynamic_typesupport:/home/pi/ros2_iron/install/rosidl_runtime_c:/home/pi/ros2_iron/install/rosidl_generator_c:/home/pi/ros2_iron/install/rosidl_typesupport_interface:/home/pi/ros2_iron/install/rosidl_generator_dds_idl:/home/pi/ros2_iron/install/rosidl_cmake:/home/pi/ros2_iron/install/rosidl_generator_type_description:/home/pi/ros2_iron/install/rosidl_parser:/home/pi/ros2_iron/install/rosidl_generator_tests:/home/pi/ros2_iron/install/rosidl_adapter:/home/pi/ros2_iron/install/rosbag2_tests:/home/pi/ros2_iron/install/rosbag2_test_msgdefs:/home/pi/ros2_iron/install/ros_environment:/home/pi/ros2_iron/install/rmw_implementation_cmake:/home/pi/ros2_iron/install/resource_retriever:/home/pi/ros2_iron/install/class_loader:/home/pi/ros2_iron/install/rcpputils:/home/pi/ros2_iron/install/rcl_logging_noop:/home/pi/ros2_iron/install/rcl_logging_interface:/home/pi/ros2_iron/install/rcutils:/home/pi/ros2_iron/install/qt_gui_py_common:/home/pi/ros2_iron/install/qt_dotgraph:/home/pi/ros2_iron/install/python_qt_binding:/home/pi/ros2_iron/install/python_orocos_kdl_vendor:/home/pi/ros2_iron/install/launch_testing_ament_cmake:/home/pi/ros2_iron/install/python_cmake_module:/home/pi/ros2_iron/install/pybind11_vendor:/home/pi/ros2_iron/install/performance_test_fixture:/home/pi/ros2_iron/install/osrf_testing_tools_cpp:/home/pi/ros2_iron/install/orocos_kdl_vendor:/home/pi/ros2_iron/install/mimick_vendor:/home/pi/ros2_iron/install/libyaml_vendor:/home/pi/ros2_iron/install/libcurl_vendor:/home/pi/ros2_iron/install/keyboard_handler:/home/pi/ros2_iron/install/iceoryx_introspection:/home/pi/ros2_iron/install/cyclonedds:/home/pi/ros2_iron/install/iceoryx_posh:/home/pi/ros2_iron/install/iceoryx_hoofs:/home/pi/ros2_iron/install/iceoryx_binding_c:/home/pi/ros2_iron/install/ament_cmake_ros:/home/pi/ros2_iron/install/ament_cmake_gmock:/home/pi/ros2_iron/install/gmock_vendor:/home/pi/ros2_iron/install/ament_cmake_auto:/home/pi/ros2_iron/install/ament_cmake_gtest:/home/pi/ros2_iron/install/gtest_vendor:/home/pi/ros2_iron/install/ament_cmake_google_benchmark:/home/pi/ros2_iron/install/google_benchmark_vendor:/home/pi/ros2_iron/install/fastrtps:/home/pi/ros2_iron/install/foonathan_memory_vendor:/home/pi/ros2_iron/install/fastrtps_cmake_module:/home/pi/ros2_iron/install/fastcdr:/home/pi/ros2_iron/install/eigen3_cmake_module:/home/pi/ros2_iron/install/console_bridge_vendor:/home/pi/ros2_iron/install/ament_cmake_xmllint:/home/pi/ros2_iron/install/ament_cmake_pyflakes:/home/pi/ros2_iron/install/ament_cmake_pycodestyle:/home/pi/ros2_iron/install/ament_cmake_pep257:/home/pi/ros2_iron/install/ament_cmake_pclint:/home/pi/ros2_iron/install/ament_lint_auto:/home/pi/ros2_iron/install/ament_cmake:/home/pi/ros2_iron/install/ament_cmake_version:/home/pi/ros2_iron/install/ament_cmake_vendor_package:/home/pi/ros2_iron/install/ament_cmake_pytest:/home/pi/ros2_iron/install/ament_cmake_mypy:/home/pi/ros2_iron/install/ament_cmake_lint_cmake:/home/pi/ros2_iron/install/ament_cmake_flake8:/home/pi/ros2_iron/install/ament_cmake_cpplint:/home/pi/ros2_iron/install/ament_cmake_cppcheck:/home/pi/ros2_iron/install/ament_cmake_copyright:/home/pi/ros2_iron/install/ament_cmake_clang_tidy:/home/pi/ros2_iron/install/ament_cmake_clang_format:/home/pi/ros2_iron/install/ament_cmake_test:/home/pi/ros2_iron/install/ament_cmake_target_dependencies:/home/pi/ros2_iron/install/ament_cmake_python:/home/pi/ros2_iron/install/ament_cmake_export_dependencies:/home/pi/ros2_iron/install/ament_cmake_libraries:/home/pi/ros2_iron/install/ament_cmake_include_directories:/home/pi/ros2_iron/install/ament_cmake_gen_version_h:/home/pi/ros2_iron/install/ament_cmake_export_targets:/home/pi/ros2_iron/install/ament_cmake_export_link_flags:/home/pi/ros2_iron/install/ament_cmake_export_interfaces:/home/pi/ros2_iron/install/ament_cmake_export_libraries:/home/pi/ros2_iron/install/ament_cmake_export_include_directories:/home/pi/ros2_iron/install/ament_cmake_export_definitions:/home/pi/ros2_iron/install/ament_cmake_core:/home/pi/ros2_iron/install/ament_index_cpp LD_LIBRARY_PATH=/home/pi/test_ws/install/nmea_msgs/lib:/home/pi/wow_ws/install/spacenav/lib:/home/pi/wow_ws/install/joy/lib:/home/pi/wow_ws/install/sdl2_vendor/lib:/home/pi/wow_ws/install/rviz_imu_plugin/lib:/home/pi/wow_ws/install/ntrip_client_node/lib:/home/pi/wow_ws/install/rtcm_msgs/lib:/home/pi/wow_ws/install/robot_localization/lib:/home/pi/wow_ws/install/nmea_msgs/lib:/home/pi/wow_ws/install/imu_filter_madgwick/lib:/home/pi/wow_ws/install/imu_complementary_filter/lib:/home/pi/wow_ws/install/gpsd_client/lib:/home/pi/wow_ws/install/gps_tools/lib:/home/pi/wow_ws/install/gps_msgs/lib:/home/pi/wow_ws/install/geodesy/lib:/home/pi/wow_ws/install/geographic_msgs/lib:/home/pi/wow_ws/install/foxglove_bridge/lib:/home/pi/wow_ws/install/diagnostic_updater/lib:/home/pi/wow_ws/install/diagnostic_aggregator/lib:/home/pi/test_ws/install/ublox_gps/lib:/home/pi/test_ws/install/ublox_msgs/lib:/home/pi/ros2_iron/install/rosbag2_storage_mcap/lib:/home/pi/ros2_iron/install/rosbag2_compression_zstd/lib:/home/pi/ros2_iron/install/mcap_vendor/lib:/home/pi/ros2_iron/install/rviz_default_plugins/lib:/home/pi/ros2_iron/install/rviz_common/lib:/home/pi/ros2_iron/install/rosbag2_transport/lib:/home/pi/ros2_iron/install/rosbag2_storage_sqlite3/lib:/home/pi/ros2_iron/install/rosbag2_compression/lib:/home/pi/ros2_iron/install/rosbag2_cpp/lib:/home/pi/ros2_iron/install/rosbag2_storage/lib:/home/pi/ros2_iron/install/camera_info_manager/lib:/home/pi/ros2_iron/install/camera_calibration_parsers/lib:/home/pi/ros2_iron/install/interactive_markers/lib:/home/pi/ros2_iron/install/visualization_msgs/lib:/home/pi/ros2_iron/install/robot_state_publisher/lib:/home/pi/ros2_iron/install/kdl_parser/lib:/home/pi/ros2_iron/install/urdf/lib:/home/pi/ros2_iron/install/urdfdom/lib:/home/pi/ros2_iron/install/turtlesim/lib:/home/pi/ros2_iron/install/trajectory_msgs/lib:/home/pi/ros2_iron/install/tf2_ros/lib:/home/pi/ros2_iron/install/tf2_msgs/lib:/home/pi/ros2_iron/install/tf2_eigen_kdl/lib:/home/pi/ros2_iron/install/laser_geometry/lib:/home/pi/ros2_iron/install/tf2/lib:/home/pi/ros2_iron/install/test_msgs/lib:/home/pi/ros2_iron/install/stereo_msgs/lib:/home/pi/ros2_iron/install/std_srvs/lib:/home/pi/ros2_iron/install/shape_msgs/lib:/home/pi/ros2_iron/install/quality_of_service_demo_cpp/lib:/home/pi/ros2_iron/install/map_msgs/lib:/home/pi/ros2_iron/install/image_transport/lib:/home/pi/ros2_iron/install/image_tools/lib:/home/pi/ros2_iron/install/sensor_msgs/lib:/home/pi/ros2_iron/install/nav_msgs/lib:/home/pi/ros2_iron/install/logging_demo/lib:/home/pi/ros2_iron/install/diagnostic_msgs/lib:/home/pi/ros2_iron/install/geometry_msgs/lib:/home/pi/ros2_iron/install/examples_rclcpp_wait_set/lib:/home/pi/ros2_iron/install/examples_rclcpp_minimal_subscriber/lib:/home/pi/ros2_iron/install/examples_rclcpp_minimal_composition/lib:/home/pi/ros2_iron/install/demo_nodes_cpp_native/lib:/home/pi/ros2_iron/install/demo_nodes_cpp/lib:/home/pi/ros2_iron/install/composition/lib:/home/pi/ros2_iron/install/actionlib_msgs/lib:/home/pi/ros2_iron/install/std_msgs/lib:/home/pi/ros2_iron/install/rqt_gui_cpp/lib:/home/pi/ros2_iron/install/rclcpp_lifecycle/lib:/home/pi/ros2_iron/install/action_tutorials_cpp/lib:/home/pi/ros2_iron/install/rclcpp_components/lib:/home/pi/ros2_iron/install/rclcpp_action/lib:/home/pi/ros2_iron/install/message_filters/lib:/home/pi/ros2_iron/install/rclcpp/lib:/home/pi/ros2_iron/install/libstatistics_collector/lib:/home/pi/ros2_iron/install/statistics_msgs/lib:/home/pi/ros2_iron/install/rclpy/lib:/home/pi/ros2_iron/install/rosgraph_msgs/lib:/home/pi/ros2_iron/install/rosbag2_interfaces/lib:/home/pi/ros2_iron/install/ros2cli_test_interfaces/lib:/home/pi/ros2_iron/install/rcl_lifecycle/lib:/home/pi/ros2_iron/install/rcl_action/lib:/home/pi/ros2_iron/install/rcl/lib:/home/pi/ros2_iron/install/rmw_implementation/lib:/home/pi/ros2_iron/install/rmw_fastrtps_dynamic_cpp/lib:/home/pi/ros2_iron/install/rmw_fastrtps_cpp/lib:/home/pi/ros2_iron/install/rmw_fastrtps_shared_cpp/lib:/home/pi/ros2_iron/install/rmw_cyclonedds_cpp/lib:/home/pi/ros2_iron/install/rmw_dds_common/lib:/home/pi/ros2_iron/install/composition_interfaces/lib:/home/pi/ros2_iron/install/rcl_interfaces/lib:/home/pi/ros2_iron/install/pendulum_msgs/lib:/home/pi/ros2_iron/install/lifecycle_msgs/lib:/home/pi/ros2_iron/install/example_interfaces/lib:/home/pi/ros2_iron/install/action_tutorials_interfaces/lib:/home/pi/ros2_iron/install/action_msgs/lib:/home/pi/ros2_iron/install/unique_identifier_msgs/lib:/home/pi/ros2_iron/install/type_description_interfaces/lib:/home/pi/ros2_iron/install/tracetools/lib:/home/pi/ros2_iron/install/qt_gui_cpp/lib:/home/pi/ros2_iron/install/rcl_logging_spdlog/lib:/home/pi/ros2_iron/install/service_msgs/lib:/home/pi/ros2_iron/install/rviz_rendering/lib:/home/pi/ros2_iron/install/rviz_ogre_vendor/opt/rviz_ogre_vendor/lib:/home/pi/ros2_iron/install/rttest/lib:/home/pi/ros2_iron/install/builtin_interfaces/lib:/home/pi/ros2_iron/install/rosidl_typesupport_cpp/lib:/home/pi/ros2_iron/install/rosidl_typesupport_introspection_cpp/lib:/home/pi/ros2_iron/install/rosidl_typesupport_c/lib:/home/pi/ros2_iron/install/rosidl_typesupport_introspection_c/lib:/home/pi/ros2_iron/install/rosidl_typesupport_fastrtps_c/lib:/home/pi/ros2_iron/install/rosidl_typesupport_fastrtps_cpp/lib:/home/pi/ros2_iron/install/rosidl_dynamic_typesupport_fastrtps/lib:/home/pi/ros2_iron/install/rcl_yaml_param_parser/lib:/home/pi/ros2_iron/install/rmw/lib:/home/pi/ros2_iron/install/rosidl_dynamic_typesupport/lib:/home/pi/ros2_iron/install/rosidl_runtime_c/lib:/home/pi/ros2_iron/install/rosbag2_test_msgdefs/lib:/home/pi/ros2_iron/install/resource_retriever/lib:/home/pi/ros2_iron/install/class_loader/lib:/home/pi/ros2_iron/install/rcpputils/lib:/home/pi/ros2_iron/install/rcl_logging_noop/lib:/home/pi/ros2_iron/install/rcl_logging_interface/lib:/home/pi/ros2_iron/install/rcutils/lib:/home/pi/ros2_iron/install/performance_test_fixture/lib:/home/pi/ros2_iron/install/osrf_testing_tools_cpp/lib:/home/pi/ros2_iron/install/mimick_vendor/lib:/home/pi/ros2_iron/install/keyboard_handler/lib:/home/pi/ros2_iron/install/iceoryx_introspection/lib:/home/pi/ros2_iron/install/cyclonedds/lib:/home/pi/ros2_iron/install/iceoryx_posh/lib:/home/pi/ros2_iron/install/iceoryx_hoofs/lib:/home/pi/ros2_iron/install/iceoryx_binding_c/lib:/home/pi/ros2_iron/install/google_benchmark_vendor/lib:/home/pi/ros2_iron/install/fastrtps/lib:/home/pi/ros2_iron/install/fastcdr/lib:/home/pi/ros2_iron/install/ament_index_cpp/lib PYTHONPATH=/home/pi/test_ws/build/nmea_navsat_driver/prefix_override:/home/pi/test_ws/install/nmea_navsat_driver/lib/python3.11/site-packages:/home/pi/test_ws/install/nmea_msgs/lib/python3.11/site-packages:/home/pi/wow_ws/build/ntrip_client/src:/home/pi/wow_ws/install/ntrip_client/lib/python3.11/site-packages:/home/pi/wow_ws/install/rtcm_msgs/lib/python3.11/site-packages:/home/pi/wow_ws/install/robot_localization/lib/python3.11/site-packages:/home/pi/wow_ws/install/nmea_msgs/lib/python3.11/site-packages:/home/pi/wow_ws/install/gps_tools/lib/python3.11/site-packages:/home/pi/wow_ws/install/gps_msgs/lib/python3.11/site-packages:/home/pi/wow_ws/install/geodesy/lib/python3.11/site-packages:/home/pi/wow_ws/install/geographic_msgs/lib/python3.11/site-packages:/home/pi/wow_ws/install/diagnostic_common_diagnostics/lib/python3.11/site-packages:/home/pi/wow_ws/install/diagnostic_updater/lib/python3.11/site-packages:/home/pi/wow_ws/install/diagnostic_aggregator/lib/python3.11/site-packages:/home/pi/wow_ws/build/bno055:/home/pi/wow_ws/install/bno055/lib/python3.11/site-packages:/home/pi/wow_ws/build/ICM20948:/home/pi/wow_ws/install/ICM20948/lib/python3.11/site-packages:/home/pi/test_ws/build/urdf_wow_monk:/home/pi/test_ws/install/urdf_wow_monk/lib/python3.11/site-packages:/home/pi/test_ws/install/ublox_msgs/lib/python3.11/site-packages:/home/pi/test_ws/build/ntrip_client/src:/home/pi/test_ws/install/ntrip_client/lib/python3.11/site-packages:/home/pi/test_ws/build/nmea_navsat_driver/src:/home/pi/test_ws/install/nmea_navsat_driver/lib/python3.11/site-packages:/home/pi/test_ws/build/gps_publisher:/home/pi/test_ws/install/gps_publisher/lib/python3.11/site-packages:/home/pi/ros2_iron/build/rqt_bag_plugins/src:/home/pi/ros2_iron/install/rqt_bag_plugins/lib/python3.11/site-packages:/home/pi/ros2_iron/install/rosbag2_storage_mcap/lib/python3.11/site-packages:/home/pi/ros2_iron/build/rqt_bag/src:/home/pi/ros2_iron/install/rqt_bag/lib/python3.11/site-packages:/home/pi/ros2_iron/build/rosbag2_examples_py:/home/pi/ros2_iron/install/rosbag2_examples_py/lib/python3.11/site-packages:/home/pi/ros2_iron/build/launch_testing_examples:/home/pi/ros2_iron/install/launch_testing_examples/lib/python3.11/site-packages:/home/pi/ros2_iron/build/ros2bag:/home/pi/ros2_iron/install/ros2bag/lib/python3.11/site-packages:/home/pi/ros2_iron/install/rosbag2_py/lib/python3.11/site-packages:/home/pi/ros2_iron/install/rosbag2_storage_sqlite3/lib/python3.11/site-packages:/home/pi/ros2_iron/install/interactive_markers/lib/python3.11/site-packages:/home/pi/ros2_iron/install/visualization_msgs/lib/python3.11/site-packages:/home/pi/ros2_iron/install/turtlesim/lib/python3.11/site-packages:/home/pi/ros2_iron/install/trajectory_msgs/lib/python3.11/site-packages:/home/pi/ros2_iron/build/tracetools_test:/home/pi/ros2_iron/install/tracetools_test/lib/python3.11/site-packages:/home/pi/ros2_iron/build/tracetools_launch:/home/pi/ros2_iron/install/tracetools_launch/lib/python3.11/site-packages:/home/pi/ros2_iron/build/topic_monitor:/home/pi/ros2_iron/install/topic_monitor/lib/python3.11/site-packages:/home/pi/ros2_iron/build/tf2_tools:/home/pi/ros2_iron/install/tf2_tools/lib/python3.11/site-packages:/home/pi/ros2_iron/install/tf2_sensor_msgs/lib/python3.11/site-packages:/home/pi/ros2_iron/install/tf2_kdl/lib/python3.11/site-packages:/home/pi/ros2_iron/install/tf2_geometry_msgs/lib/python3.11/site-packages:/home/pi/ros2_iron/build/examples_tf2_py:/home/pi/ros2_iron/install/examples_tf2_py/lib/python3.11/site-packages:/home/pi/ros2_iron/build/tf2_ros_py:/home/pi/ros2_iron/install/tf2_ros_py/lib/python3.11/site-packages:/home/pi/ros2_iron/install/tf2_py/lib/python3.11/site-packages:/home/pi/ros2_iron/install/tf2_msgs/lib/python3.11/site-packages:/home/pi/ros2_iron/install/laser_geometry/lib/python3.11/site-packages:/home/pi/ros2_iron/install/test_msgs/lib/python3.11/site-packages:/home/pi/ros2_iron/install/stereo_msgs/lib/python3.11/site-packages:/home/pi/ros2_iron/install/std_srvs/lib/python3.11/site-packages:/home/pi/ros2_iron/install/shape_msgs/lib/python3.11/site-packages:/home/pi/ros2_iron/build/examples_rclpy_pointcloud_publisher:/home/pi/ros2_iron/install/examples_rclpy_pointcloud_publisher/lib/python3.11/site-packages:/home/pi/ros2_iron/build/sensor_msgs_py:/home/pi/ros2_iron/install/sensor_msgs_py/lib/python3.11/site-packages:/home/pi/ros2_iron/build/quality_of_service_demo_py:/home/pi/ros2_iron/install/quality_of_service_demo_py/lib/python3.11/site-packages:/home/pi/ros2_iron/install/map_msgs/lib/python3.11/site-packages:/home/pi/ros2_iron/install/sensor_msgs/lib/python3.11/site-packages:/home/pi/ros2_iron/build/rqt_plot/src:/home/pi/ros2_iron/install/rqt_plot/lib/python3.11/site-packages:/home/pi/ros2_iron/build/ros2doctor:/home/pi/ros2_iron/install/ros2doctor/lib/python3.11/site-packages:/home/pi/ros2_iron/install/nav_msgs/lib/python3.11/site-packages:/home/pi/ros2_iron/install/logging_demo/lib/python3.11/site-packages:/home/pi/ros2_iron/build/lifecycle_py:/home/pi/ros2_iron/install/lifecycle_py/lib/python3.11/site-packages:/home/pi/ros2_iron/install/diagnostic_msgs/lib/python3.11/site-packages:/home/pi/ros2_iron/install/geometry_msgs/lib/python3.11/site-packages:/home/pi/ros2_iron/build/examples_rclpy_minimal_subscriber:/home/pi/ros2_iron/install/examples_rclpy_minimal_subscriber/lib/python3.11/site-packages:/home/pi/ros2_iron/build/examples_rclpy_minimal_service:/home/pi/ros2_iron/install/examples_rclpy_minimal_service/lib/python3.11/site-packages:/home/pi/ros2_iron/build/examples_rclpy_minimal_publisher:/home/pi/ros2_iron/install/examples_rclpy_minimal_publisher/lib/python3.11/site-packages:/home/pi/ros2_iron/build/examples_rclpy_minimal_client:/home/pi/ros2_iron/install/examples_rclpy_minimal_client/lib/python3.11/site-packages:/home/pi/ros2_iron/build/examples_rclpy_executors:/home/pi/ros2_iron/install/examples_rclpy_executors/lib/python3.11/site-packages:/home/pi/ros2_iron/build/demo_nodes_py:/home/pi/ros2_iron/install/demo_nodes_py/lib/python3.11/site-packages:/home/pi/ros2_iron/install/actionlib_msgs/lib/python3.11/site-packages:/home/pi/ros2_iron/install/std_msgs/lib/python3.11/site-packages:/home/pi/ros2_iron/build/rqt:/home/pi/ros2_iron/install/rqt/lib/python3.11/site-packages:/home/pi/ros2_iron/install/rosbag2_test_common/lib/python3.11/site-packages:/home/pi/ros2_iron/build/ros2component:/home/pi/ros2_iron/install/ros2component/lib/python3.11/site-packages:/home/pi/ros2_iron/install/message_filters/lib/python3.11/site-packages:/home/pi/ros2_iron/install/statistics_msgs/lib/python3.11/site-packages:/home/pi/ros2_iron/build/sros2:/home/pi/ros2_iron/install/sros2/lib/python3.11/site-packages:/home/pi/ros2_iron/build/rqt_topic/src:/home/pi/ros2_iron/install/rqt_topic/lib/python3.11/site-packages:/home/pi/ros2_iron/build/rqt_srv/src:/home/pi/ros2_iron/install/rqt_srv/lib/python3.11/site-packages:/home/pi/ros2_iron/build/rqt_shell/src:/home/pi/ros2_iron/install/rqt_shell/lib/python3.11/site-packages:/home/pi/ros2_iron/build/rqt_service_caller/src:/home/pi/ros2_iron/install/rqt_service_caller/lib/python3.11/site-packages:/home/pi/ros2_iron/build/rqt_reconfigure/src:/home/pi/ros2_iron/install/rqt_reconfigure/lib/python3.11/site-packages:/home/pi/ros2_iron/build/rqt_py_console/src:/home/pi/ros2_iron/install/rqt_py_console/lib/python3.11/site-packages:/home/pi/ros2_iron/build/rqt_publisher/src:/home/pi/ros2_iron/install/rqt_publisher/lib/python3.11/site-packages:/home/pi/ros2_iron/build/rqt_action/src:/home/pi/ros2_iron/install/rqt_action/lib/python3.11/site-packages:/home/pi/ros2_iron/build/rqt_msg/src:/home/pi/ros2_iron/install/rqt_msg/lib/python3.11/site-packages:/home/pi/ros2_iron/build/rqt_console/src:/home/pi/ros2_iron/install/rqt_console/lib/python3.11/site-packages:/home/pi/ros2_iron/install/rqt_py_common/lib/python3.11/site-packages:/home/pi/ros2_iron/build/rqt_graph/src:/home/pi/ros2_iron/install/rqt_graph/lib/python3.11/site-packages:/home/pi/ros2_iron/build/rqt_gui_py/src:/home/pi/ros2_iron/install/rqt_gui_py/lib/python3.11/site-packages:/home/pi/ros2_iron/build/rqt_gui/src:/home/pi/ros2_iron/install/rqt_gui/lib/python3.11/site-packages:/home/pi/ros2_iron/build/ros2trace:/home/pi/ros2_iron/install/ros2trace/lib/python3.11/site-packages:/home/pi/ros2_iron/build/ros2topic:/home/pi/ros2_iron/install/ros2topic/lib/python3.11/site-packages:/home/pi/ros2_iron/build/ros2test:/home/pi/ros2_iron/install/ros2test/lib/python3.11/site-packages:/home/pi/ros2_iron/build/ros2param:/home/pi/ros2_iron/install/ros2param/lib/python3.11/site-packages:/home/pi/ros2_iron/build/ros2lifecycle:/home/pi/ros2_iron/install/ros2lifecycle/lib/python3.11/site-packages:/home/pi/ros2_iron/build/ros2service:/home/pi/ros2_iron/install/ros2service/lib/python3.11/site-packages:/home/pi/ros2_iron/build/ros2run:/home/pi/ros2_iron/install/ros2run/lib/python3.11/site-packages:/home/pi/ros2_iron/build/ros2launch:/home/pi/ros2_iron/install/ros2launch/lib/python3.11/site-packages:/home/pi/ros2_iron/build/ros2pkg:/home/pi/ros2_iron/install/ros2pkg/lib/python3.11/site-packages:/home/pi/ros2_iron/build/ros2node:/home/pi/ros2_iron/install/ros2node/lib/python3.11/site-packages:/home/pi/ros2_iron/build/ros2multicast:/home/pi/ros2_iron/install/ros2multicast/lib/python3.11/site-packages:/home/pi/ros2_iron/build/ros2interface:/home/pi/ros2_iron/install/ros2interface/lib/python3.11/site-packages:/home/pi/ros2_iron/build/ros2action:/home/pi/ros2_iron/install/ros2action/lib/python3.11/site-packages:/home/pi/ros2_iron/build/ros2cli:/home/pi/ros2_iron/install/ros2cli/lib/python3.11/site-packages:/home/pi/ros2_iron/build/launch_testing_ros:/home/pi/ros2_iron/install/launch_testing_ros/lib/python3.11/site-packages:/home/pi/ros2_iron/build/launch_ros:/home/pi/ros2_iron/install/launch_ros/lib/python3.11/site-packages:/home/pi/ros2_iron/build/examples_rclpy_minimal_action_server:/home/pi/ros2_iron/install/examples_rclpy_minimal_action_server/lib/python3.11/site-packages:/home/pi/ros2_iron/build/examples_rclpy_minimal_action_client:/home/pi/ros2_iron/install/examples_rclpy_minimal_action_client/lib/python3.11/site-packages:/home/pi/ros2_iron/build/examples_rclpy_guard_conditions:/home/pi/ros2_iron/install/examples_rclpy_guard_conditions/lib/python3.11/site-packages:/home/pi/ros2_iron/build/action_tutorials_py:/home/pi/ros2_iron/install/action_tutorials_py/lib/python3.11/site-packages:/home/pi/ros2_iron/install/rclpy/lib/python3.11/site-packages:/home/pi/ros2_iron/install/rosgraph_msgs/lib/python3.11/site-packages:/home/pi/ros2_iron/install/rosbag2_interfaces/lib/python3.11/site-packages:/home/pi/ros2_iron/install/ros2cli_test_interfaces/lib/python3.11/site-packages:/home/pi/ros2_iron/install/rmw_dds_common/lib/python3.11/site-packages:/home/pi/ros2_iron/install/composition_interfaces/lib/python3.11/site-packages:/home/pi/ros2_iron/install/rcl_interfaces/lib/python3.11/site-packages:/home/pi/ros2_iron/install/pendulum_msgs/lib/python3.11/site-packages:/home/pi/ros2_iron/install/lifecycle_msgs/lib/python3.11/site-packages:/home/pi/ros2_iron/install/example_interfaces/lib/python3.11/site-packages:/home/pi/ros2_iron/install/action_tutorials_interfaces/lib/python3.11/site-packages:/home/pi/ros2_iron/install/action_msgs/lib/python3.11/site-packages:/home/pi/ros2_iron/install/unique_identifier_msgs/lib/python3.11/site-packages:/home/pi/ros2_iron/build/ament_uncrustify:/home/pi/ros2_iron/install/ament_uncrustify/lib/python3.11/site-packages:/home/pi/ros2_iron/install/type_description_interfaces/lib/python3.11/site-packages:/home/pi/ros2_iron/build/tracetools_trace:/home/pi/ros2_iron/install/tracetools_trace/lib/python3.11/site-packages:/home/pi/ros2_iron/build/tracetools_read:/home/pi/ros2_iron/install/tracetools_read/lib/python3.11/site-packages:/home/pi/ros2_iron/install/qt_gui_cpp/lib/python3.11/site-packages:/home/pi/ros2_iron/build/test_tracetools_launch:/home/pi/ros2_iron/install/test_tracetools_launch/lib/python3.11/site-packages:/home/pi/ros2_iron/build/test_ros2trace:/home/pi/ros2_iron/install/test_ros2trace/lib/python3.11/site-packages:/home/pi/ros2_iron/build/test_launch_ros:/home/pi/ros2_iron/install/test_launch_ros/lib/python3.11/site-packages:/home/pi/ros2_iron/install/qt_gui/lib/python3.11/site-packages:/home/pi/ros2_iron/install/service_msgs/lib/python3.11/site-packages:/home/pi/ros2_iron/install/builtin_interfaces/lib/python3.11/site-packages:/home/pi/ros2_iron/install/rosidl_generator_py/lib/python3.11/site-packages:/home/pi/ros2_iron/build/rpyutils:/home/pi/ros2_iron/install/rpyutils/lib/python3.11/site-packages:/home/pi/ros2_iron/install/rosidl_typesupport_cpp/lib/python3.11/site-packages:/home/pi/ros2_iron/install/rosidl_typesupport_introspection_cpp/lib/python3.11/site-packages:/home/pi/ros2_iron/install/rosidl_typesupport_c/lib/python3.11/site-packages:/home/pi/ros2_iron/install/rosidl_typesupport_introspection_c/lib/python3.11/site-packages:/home/pi/ros2_iron/install/rosidl_typesupport_fastrtps_c/lib/python3.11/site-packages:/home/pi/ros2_iron/install/rosidl_typesupport_fastrtps_cpp/lib/python3.11/site-packages:/home/pi/ros2_iron/install/rosidl_generator_cpp/lib/python3.11/site-packages:/home/pi/ros2_iron/install/rosidl_generator_c/lib/python3.11/site-packages:/home/pi/ros2_iron/build/rosidl_runtime_py:/home/pi/ros2_iron/install/rosidl_runtime_py/lib/python3.11/site-packages:/home/pi/ros2_iron/install/rosidl_generator_dds_idl/lib/python3.11/site-packages:/home/pi/ros2_iron/install/rosidl_cmake/lib/python3.11/site-packages:/home/pi/ros2_iron/build/rosidl_pycommon:/home/pi/ros2_iron/install/rosidl_pycommon/lib/python3.11/site-packages:/home/pi/ros2_iron/install/rosidl_generator_type_description/lib/python3.11/site-packages:/home/pi/ros2_iron/install/rosidl_parser/lib/python3.11/site-packages:/home/pi/ros2_iron/install/rosidl_adapter/lib/python3.11/site-packages:/home/pi/ros2_iron/build/rosidl_cli:/home/pi/ros2_iron/install/rosidl_cli/lib/python3.11/site-packages:/home/pi/ros2_iron/install/rosbag2_test_msgdefs/lib/python3.11/site-packages:/home/pi/ros2_iron/install/resource_retriever/lib/python3.11/site-packages:/home/pi/ros2_iron/install/rcutils/lib/python3.11/site-packages:/home/pi/ros2_iron/install/qt_gui_py_common/lib/python3.11/site-packages:/home/pi/ros2_iron/install/qt_dotgraph/lib/python3.11/site-packages:/home/pi/ros2_iron/install/python_qt_binding/lib/python3.11/site-packages:/home/pi/ros2_iron/build/launch_pytest:/home/pi/ros2_iron/install/launch_pytest/lib/python3.11/site-packages:/home/pi/ros2_iron/build/launch_testing:/home/pi/ros2_iron/install/launch_testing/lib/python3.11/site-packages:/home/pi/ros2_iron/build/launch_yaml:/home/pi/ros2_iron/install/launch_yaml/lib/python3.11/site-packages:/home/pi/ros2_iron/build/launch_xml:/home/pi/ros2_iron/install/launch_xml/lib/python3.11/site-packages:/home/pi/ros2_iron/build/launch:/home/pi/ros2_iron/install/launch/lib/python3.11/site-packages:/home/pi/ros2_iron/build/osrf_pycommon:/home/pi/ros2_iron/install/osrf_pycommon/lib/python3.11/site-packages:/home/pi/ros2_iron/install/ament_cmake_google_benchmark/lib/python3.11/site-packages:/home/pi/ros2_iron/build/domain_coordinator:/home/pi/ros2_iron/install/domain_coordinator/lib/python3.11/site-packages:/home/pi/ros2_iron/build/ament_xmllint:/home/pi/ros2_iron/install/ament_xmllint/lib/python3.11/site-packages:/home/pi/ros2_iron/build/ament_pyflakes:/home/pi/ros2_iron/install/ament_pyflakes/lib/python3.11/site-packages:/home/pi/ros2_iron/build/ament_pycodestyle:/home/pi/ros2_iron/install/ament_pycodestyle/lib/python3.11/site-packages:/home/pi/ros2_iron/build/ament_pep257:/home/pi/ros2_iron/install/ament_pep257/lib/python3.11/site-packages:/home/pi/ros2_iron/build/ament_pclint:/home/pi/ros2_iron/install/ament_pclint/lib/python3.11/site-packages:/home/pi/ros2_iron/install/ament_cmake_test/lib/python3.11/site-packages:/home/pi/ros2_iron/build/ament_package:/home/pi/ros2_iron/install/ament_package/lib/python3.11/site-packages:/home/pi/ros2_iron/build/ament_mypy:/home/pi/ros2_iron/install/ament_mypy/lib/python3.11/site-packages:/home/pi/ros2_iron/build/ament_lint_cmake:/home/pi/ros2_iron/install/ament_lint_cmake/lib/python3.11/site-packages:/home/pi/ros2_iron/build/ament_flake8:/home/pi/ros2_iron/install/ament_flake8/lib/python3.11/site-packages:/home/pi/ros2_iron/build/ament_copyright:/home/pi/ros2_iron/install/ament_copyright/lib/python3.11/site-packages:/home/pi/ros2_iron/build/ament_lint:/home/pi/ros2_iron/install/ament_lint/lib/python3.11/site-packages:/home/pi/ros2_iron/build/ament_index_python:/home/pi/ros2_iron/install/ament_index_python/lib/python3.11/site-packages:/home/pi/ros2_iron/build/ament_cpplint:/home/pi/ros2_iron/install/ament_cpplint/lib/python3.11/site-packages:/home/pi/ros2_iron/build/ament_cppcheck:/home/pi/ros2_iron/install/ament_cppcheck/lib/python3.11/site-packages:/home/pi/ros2_iron/build/ament_clang_tidy:/home/pi/ros2_iron/install/ament_clang_tidy/lib/python3.11/site-packages:/home/pi/ros2_iron/build/ament_clang_format:/home/pi/ros2_iron/install/ament_clang_format/lib/python3.11/site-packages /usr/bin/python3 setup.py develop --editable --build-directory /home/pi/test_ws/build/nmea_navsat_driver/build --no-deps install_data
[5.687s] INFO:colcon.colcon_core.shell:Creating environment hook '/home/pi/test_ws/build/nmea_navsat_driver/src/share/nmea_navsat_driver/hook/pythonpath_develop.sh'
[5.696s] Level 1:colcon.colcon_core.environment:checking '/home/pi/test_ws/install/nmea_navsat_driver' for CMake module files
[5.696s] Level 1:colcon.colcon_core.environment:checking '/home/pi/test_ws/install/nmea_navsat_driver' for CMake config files
[5.697s] Level 1:colcon.colcon_core.environment:checking '/home/pi/test_ws/install/nmea_navsat_driver/lib'
[5.697s] Level 1:colcon.colcon_core.environment:checking '/home/pi/test_ws/install/nmea_navsat_driver/bin'
[5.697s] Level 1:colcon.colcon_core.environment:checking '/home/pi/test_ws/install/nmea_navsat_driver/lib/pkgconfig/nmea_navsat_driver.pc'
[5.698s] Level 1:colcon.colcon_core.environment:checking '/home/pi/test_ws/install/nmea_navsat_driver/lib/python3.11/site-packages'
[5.698s] Level 1:colcon.colcon_core.shell:create_environment_hook('nmea_navsat_driver', 'pythonpath')
[5.698s] INFO:colcon.colcon_core.shell:Creating environment descriptor '/home/pi/test_ws/install/nmea_navsat_driver/share/nmea_navsat_driver/hook/pythonpath.dsv'
[5.699s] INFO:colcon.colcon_core.shell:Creating environment hook '/home/pi/test_ws/install/nmea_navsat_driver/share/nmea_navsat_driver/hook/pythonpath.sh'
[5.700s] Level 1:colcon.colcon_core.environment:checking '/home/pi/test_ws/install/nmea_navsat_driver/bin'
[5.700s] Level 1:colcon.colcon_core.environment:create_environment_scripts_only(nmea_navsat_driver)
[5.701s] INFO:colcon.colcon_core.shell:Creating package descriptor '/home/pi/test_ws/install/nmea_navsat_driver/share/nmea_navsat_driver/package.dsv'
[5.702s] INFO:colcon.colcon_core.shell:Creating package script '/home/pi/test_ws/install/nmea_navsat_driver/share/nmea_navsat_driver/package.sh'
[5.702s] INFO:colcon.colcon_core.shell:Creating package script '/home/pi/test_ws/install/nmea_navsat_driver/share/nmea_navsat_driver/package.bash'
[5.703s] INFO:colcon.colcon_core.shell:Creating package script '/home/pi/test_ws/install/nmea_navsat_driver/share/nmea_navsat_driver/package.zsh'
[5.704s] Level 1:colcon.colcon_core.environment:create_file_with_runtime_dependencies(/home/pi/test_ws/install/nmea_navsat_driver/share/colcon-core/packages/nmea_navsat_driver)
[5.706s] DEBUG:colcon.colcon_parallel_executor.executor.parallel:closing loop
[5.706s] DEBUG:colcon.colcon_parallel_executor.executor.parallel:loop closed
[5.706s] DEBUG:colcon.colcon_parallel_executor.executor.parallel:run_until_complete finished with '0'
[5.706s] DEBUG:colcon.colcon_core.event_reactor:joining thread
[5.723s] INFO:colcon.colcon_core.plugin_system:Skipping extension 'colcon_notification.desktop_notification.notify_send': Could not find 'notify-send'
[5.723s] INFO:colcon.colcon_core.plugin_system:Skipping extension 'colcon_notification.desktop_notification.terminal_notifier': Not used on non-Darwin systems
[5.723s] INFO:colcon.colcon_core.plugin_system:Skipping extension 'colcon_notification.desktop_notification.win32': Not used on non-Windows systems
[5.723s] INFO:colcon.colcon_notification.desktop_notification:Sending desktop notification using 'notify2'
[5.724s] DEBUG:colcon.colcon_notification.desktop_notification.notify2:Failed to initialize notify2: org.freedesktop.DBus.Error.ServiceUnknown: The name org.freedesktop.Notifications was not provided by any .service files
[5.724s] DEBUG:colcon.colcon_core.event_reactor:joined thread
[5.725s] INFO:colcon.colcon_core.shell:Creating prefix script '/home/pi/test_ws/install/local_setup.sh'
[5.726s] INFO:colcon.colcon_core.shell:Creating prefix util module '/home/pi/test_ws/install/_local_setup_util_sh.py'
[5.727s] INFO:colcon.colcon_core.shell:Creating prefix chain script '/home/pi/test_ws/install/setup.sh'
[5.740s] INFO:colcon.colcon_core.shell:Creating prefix script '/home/pi/test_ws/install/local_setup.bash'
[5.742s] INFO:colcon.colcon_core.shell:Creating prefix chain script '/home/pi/test_ws/install/setup.bash'
[5.755s] INFO:colcon.colcon_core.shell:Creating prefix script '/home/pi/test_ws/install/local_setup.zsh'
[5.757s] INFO:colcon.colcon_core.shell:Creating prefix chain script '/home/pi/test_ws/install/setup.zsh'
