[5.367s] Invoking command in '/home/pi/test_ws/build/tf_transformations': PYTHONPATH=/home/pi/test_ws/build/tf_transformations/prefix_override:/home/pi/test_ws/install/tf_transformations/lib/python3.11/site-packages:${PYTHONPATH} /usr/bin/python3 setup.py develop --editable --build-directory /home/pi/test_ws/build/tf_transformations/build --no-deps install_data
[7.051s] running develop
[7.051s] /usr/lib/python3/dist-packages/setuptools/command/easy_install.py:146: EasyInstallDeprecationWarning: easy_install command is deprecated. Use build and pip and other standards-based tools.
[7.051s]   warnings.warn(
[7.182s] /usr/lib/python3/dist-packages/setuptools/command/install.py:34: SetuptoolsDeprecationWarning: setup.py install is deprecated. Use build and pip and other standards-based tools.
[7.182s]   warnings.warn(
[8.141s] running egg_info
[8.142s] creating tf_transformations.egg-info
[8.205s] writing tf_transformations.egg-info/PKG-INFO
[8.206s] writing dependency_links to tf_transformations.egg-info/dependency_links.txt
[8.206s] writing requirements to tf_transformations.egg-info/requires.txt
[8.207s] writing top-level names to tf_transformations.egg-info/top_level.txt
[8.210s] writing manifest file 'tf_transformations.egg-info/SOURCES.txt'
[8.454s] reading manifest file 'tf_transformations.egg-info/SOURCES.txt'
[8.454s] writing manifest file 'tf_transformations.egg-info/SOURCES.txt'
[8.538s] running build_ext
[8.539s] Creating /home/pi/test_ws/install/tf_transformations/lib/python3.11/site-packages/tf-transformations.egg-link (link to .)
[8.540s] 
[8.541s] Installed /home/pi/test_ws/build/tf_transformations
[8.541s] running install_data
[8.541s] creating /home/pi/test_ws/install/tf_transformations/share/ament_index
[8.542s] creating /home/pi/test_ws/install/tf_transformations/share/ament_index/resource_index
[8.542s] creating /home/pi/test_ws/install/tf_transformations/share/ament_index/resource_index/packages
[8.542s] copying resource/tf_transformations -> /home/pi/test_ws/install/tf_transformations/share/ament_index/resource_index/packages
[8.543s] copying package.xml -> /home/pi/test_ws/install/tf_transformations/share/tf_transformations
[8.974s] Invoked command in '/home/pi/test_ws/build/tf_transformations' returned '0': PYTHONPATH=/home/pi/test_ws/build/tf_transformations/prefix_override:/home/pi/test_ws/install/tf_transformations/lib/python3.11/site-packages:${PYTHONPATH} /usr/bin/python3 setup.py develop --editable --build-directory /home/pi/test_ws/build/tf_transformations/build --no-deps install_data
