[3.219s] Invoking command in '/home/pi/test_ws/build/urdf_wow_monk': PYTHONPATH=/home/pi/test_ws/build/urdf_wow_monk/prefix_override:/home/pi/test_ws/install/urdf_wow_monk/lib/python3.11/site-packages:${PYTHONPATH} /usr/bin/python3 setup.py develop --editable --build-directory /home/pi/test_ws/build/urdf_wow_monk/build --no-deps install_data
[4.305s] running develop
[4.306s] /usr/lib/python3/dist-packages/setuptools/command/easy_install.py:146: EasyInstallDeprecationWarning: easy_install command is deprecated. Use build and pip and other standards-based tools.
[4.306s]   warnings.warn(
[4.402s] /usr/lib/python3/dist-packages/setuptools/command/install.py:34: SetuptoolsDeprecationWarning: setup.py install is deprecated. Use build and pip and other standards-based tools.
[4.402s]   warnings.warn(
[4.858s] running egg_info
[4.903s] writing urdf_wow_monk.egg-info/PKG-INFO
[4.903s] writing dependency_links to urdf_wow_monk.egg-info/dependency_links.txt
[4.905s] writing entry points to urdf_wow_monk.egg-info/entry_points.txt
[4.906s] writing requirements to urdf_wow_monk.egg-info/requires.txt
[4.907s] writing top-level names to urdf_wow_monk.egg-info/top_level.txt
[4.997s] reading manifest file 'urdf_wow_monk.egg-info/SOURCES.txt'
[4.998s] writing manifest file 'urdf_wow_monk.egg-info/SOURCES.txt'
[5.051s] running build_ext
[5.051s] Creating /home/pi/test_ws/install/urdf_wow_monk/lib/python3.11/site-packages/urdf-wow-monk.egg-link (link to .)
[5.052s] Installing state_publisher script to /home/pi/test_ws/install/urdf_wow_monk/lib/urdf_wow_monk
[5.053s] 
[5.053s] Installed /home/pi/test_ws/build/urdf_wow_monk
[5.053s] running install_data
[5.053s] copying launch/demo_launch.py -> /home/pi/test_ws/install/urdf_wow_monk/share/urdf_wow_monk/launch
[5.053s] copying urdf/wow_monk.urdf.xml -> /home/pi/test_ws/install/urdf_wow_monk/share/urdf_wow_monk
[5.239s] Invoked command in '/home/pi/test_ws/build/urdf_wow_monk' returned '0': PYTHONPATH=/home/pi/test_ws/build/urdf_wow_monk/prefix_override:/home/pi/test_ws/install/urdf_wow_monk/lib/python3.11/site-packages:${PYTHONPATH} /usr/bin/python3 setup.py develop --editable --build-directory /home/pi/test_ws/build/urdf_wow_monk/build --no-deps install_data
