[0.171s] Invoking command in '/home/pi/test_ws/build/nmea_msgs': CMAKE_PREFIX_PATH=${CMAKE_PREFIX_PATH}:/home/pi/wow_ws/install/ntrip_client:/home/pi/wow_ws/install/bno055:/home/pi/wow_ws/install/ICM20948:/home/pi/test_ws/install/urdf_wow_monk:/home/pi/test_ws/install/ntrip_client:/home/pi/test_ws/install/nmea_navsat_driver:/home/pi/test_ws/install/gps_publisher:/home/pi/ros2_iron/install/rqt_bag_plugins:/home/pi/ros2_iron/install/rqt_bag:/home/pi/ros2_iron/install/rosbag2_examples_py:/home/pi/ros2_iron/install/launch_testing_examples:/home/pi/ros2_iron/install/ros2bag:/home/pi/ros2_iron/install/tracetools_test:/home/pi/ros2_iron/install/tracetools_launch:/home/pi/ros2_iron/install/topic_monitor:/home/pi/ros2_iron/install/tf2_tools:/home/pi/ros2_iron/install/examples_tf2_py:/home/pi/ros2_iron/install/tf2_ros_py:/home/pi/ros2_iron/install/examples_rclpy_pointcloud_publisher:/home/pi/ros2_iron/install/sensor_msgs_py:/home/pi/ros2_iron/install/quality_of_service_demo_py:/home/pi/ros2_iron/install/rqt_plot:/home/pi/ros2_iron/install/ros2doctor:/home/pi/ros2_iron/install/lifecycle_py:/home/pi/ros2_iron/install/examples_rclpy_minimal_subscriber:/home/pi/ros2_iron/install/examples_rclpy_minimal_service:/home/pi/ros2_iron/install/examples_rclpy_minimal_publisher:/home/pi/ros2_iron/install/examples_rclpy_minimal_client:/home/pi/ros2_iron/install/examples_rclpy_executors:/home/pi/ros2_iron/install/demo_nodes_py:/home/pi/ros2_iron/install/rqt:/home/pi/ros2_iron/install/ros2component:/home/pi/ros2_iron/install/sros2:/home/pi/ros2_iron/install/rqt_topic:/home/pi/ros2_iron/install/rqt_srv:/home/pi/ros2_iron/install/rqt_shell:/home/pi/ros2_iron/install/rqt_service_caller:/home/pi/ros2_iron/install/rqt_reconfigure:/home/pi/ros2_iron/install/rqt_py_console:/home/pi/ros2_iron/install/rqt_publisher:/home/pi/ros2_iron/install/rqt_action:/home/pi/ros2_iron/install/rqt_msg:/home/pi/ros2_iron/install/rqt_console:/home/pi/ros2_iron/install/rqt_graph:/home/pi/ros2_iron/install/rqt_gui_py:/home/pi/ros2_iron/install/rqt_gui:/home/pi/ros2_iron/install/ros2trace:/home/pi/ros2_iron/install/ros2topic:/home/pi/ros2_iron/install/ros2test:/home/pi/ros2_iron/install/ros2param:/home/pi/ros2_iron/install/ros2lifecycle:/home/pi/ros2_iron/install/ros2service:/home/pi/ros2_iron/install/ros2run:/home/pi/ros2_iron/install/ros2launch:/home/pi/ros2_iron/install/ros2pkg:/home/pi/ros2_iron/install/ros2node:/home/pi/ros2_iron/install/ros2multicast:/home/pi/ros2_iron/install/ros2interface:/home/pi/ros2_iron/install/ros2action:/home/pi/ros2_iron/install/ros2cli:/home/pi/ros2_iron/install/launch_testing_ros:/home/pi/ros2_iron/install/launch_ros:/home/pi/ros2_iron/install/examples_rclpy_minimal_action_server:/home/pi/ros2_iron/install/examples_rclpy_minimal_action_client:/home/pi/ros2_iron/install/examples_rclpy_guard_conditions:/home/pi/ros2_iron/install/action_tutorials_py:/home/pi/ros2_iron/install/ament_uncrustify:/home/pi/ros2_iron/install/tracetools_trace:/home/pi/ros2_iron/install/tracetools_read:/home/pi/ros2_iron/install/test_tracetools_launch:/home/pi/ros2_iron/install/test_ros2trace:/home/pi/ros2_iron/install/test_launch_ros:/home/pi/ros2_iron/install/rpyutils:/home/pi/ros2_iron/install/rosidl_runtime_py:/home/pi/ros2_iron/install/rosidl_pycommon:/home/pi/ros2_iron/install/rosidl_cli:/home/pi/ros2_iron/install/launch_pytest:/home/pi/ros2_iron/install/launch_testing:/home/pi/ros2_iron/install/launch_yaml:/home/pi/ros2_iron/install/launch_xml:/home/pi/ros2_iron/install/launch:/home/pi/ros2_iron/install/osrf_pycommon:/home/pi/ros2_iron/install/domain_coordinator:/home/pi/ros2_iron/install/ament_xmllint:/home/pi/ros2_iron/install/ament_pyflakes:/home/pi/ros2_iron/install/ament_pycodestyle:/home/pi/ros2_iron/install/ament_pep257:/home/pi/ros2_iron/install/ament_pclint:/home/pi/ros2_iron/install/ament_package:/home/pi/ros2_iron/install/ament_mypy:/home/pi/ros2_iron/install/ament_lint_cmake:/home/pi/ros2_iron/install/ament_flake8:/home/pi/ros2_iron/install/ament_copyright:/home/pi/ros2_iron/install/ament_lint:/home/pi/ros2_iron/install/ament_index_python:/home/pi/ros2_iron/install/ament_cpplint:/home/pi/ros2_iron/install/ament_cppcheck:/home/pi/ros2_iron/install/ament_clang_tidy:/home/pi/ros2_iron/install/ament_clang_format /usr/bin/cmake --build /home/pi/test_ws/build/nmea_msgs -- -j4 -l4
[1.663s] [  1%] Built target nmea_msgs__rosidl_generator_type_description
[1.664s] [  1%] Built target ament_cmake_python_symlink_nmea_msgs
[1.664s] [  1%] Built target nmea_msgs__cpp
[1.664s] [ 27%] Built target nmea_msgs__rosidl_generator_c
[1.664s] [ 37%] Built target nmea_msgs__rosidl_typesupport_fastrtps_c
[1.664s] [ 47%] Built target nmea_msgs__rosidl_typesupport_c
[1.664s] [ 57%] Built target nmea_msgs__rosidl_typesupport_introspection_c
[1.664s] [ 67%] Built target nmea_msgs__rosidl_typesupport_introspection_cpp
[1.664s] [ 76%] Built target nmea_msgs__rosidl_typesupport_fastrtps_cpp
[1.664s] [ 85%] Built target nmea_msgs__rosidl_typesupport_cpp
[1.664s] [ 85%] Built target nmea_msgs
[1.664s] [ 86%] Built target nmea_msgs__py
[1.664s] [ 94%] Built target nmea_msgs__rosidl_generator_py
[1.664s] [ 96%] Built target nmea_msgs__rosidl_typesupport_introspection_c__pyext
[1.664s] [ 98%] Built target nmea_msgs__rosidl_typesupport_c__pyext
[1.664s] [100%] Built target nmea_msgs__rosidl_typesupport_fastrtps_c__pyext
[1.793s] running egg_info
[1.834s] writing nmea_msgs.egg-info/PKG-INFO
[1.834s] writing dependency_links to nmea_msgs.egg-info/dependency_links.txt
[1.835s] writing top-level names to nmea_msgs.egg-info/top_level.txt
[1.956s] reading manifest file 'nmea_msgs.egg-info/SOURCES.txt'
[1.957s] writing manifest file 'nmea_msgs.egg-info/SOURCES.txt'
[2.149s] [100%] Built target ament_cmake_python_build_nmea_msgs_egg
[2.761s] Invoked command in '/home/pi/test_ws/build/nmea_msgs' returned '0': CMAKE_PREFIX_PATH=${CMAKE_PREFIX_PATH}:/home/pi/wow_ws/install/ntrip_client:/home/pi/wow_ws/install/bno055:/home/pi/wow_ws/install/ICM20948:/home/pi/test_ws/install/urdf_wow_monk:/home/pi/test_ws/install/ntrip_client:/home/pi/test_ws/install/nmea_navsat_driver:/home/pi/test_ws/install/gps_publisher:/home/pi/ros2_iron/install/rqt_bag_plugins:/home/pi/ros2_iron/install/rqt_bag:/home/pi/ros2_iron/install/rosbag2_examples_py:/home/pi/ros2_iron/install/launch_testing_examples:/home/pi/ros2_iron/install/ros2bag:/home/pi/ros2_iron/install/tracetools_test:/home/pi/ros2_iron/install/tracetools_launch:/home/pi/ros2_iron/install/topic_monitor:/home/pi/ros2_iron/install/tf2_tools:/home/pi/ros2_iron/install/examples_tf2_py:/home/pi/ros2_iron/install/tf2_ros_py:/home/pi/ros2_iron/install/examples_rclpy_pointcloud_publisher:/home/pi/ros2_iron/install/sensor_msgs_py:/home/pi/ros2_iron/install/quality_of_service_demo_py:/home/pi/ros2_iron/install/rqt_plot:/home/pi/ros2_iron/install/ros2doctor:/home/pi/ros2_iron/install/lifecycle_py:/home/pi/ros2_iron/install/examples_rclpy_minimal_subscriber:/home/pi/ros2_iron/install/examples_rclpy_minimal_service:/home/pi/ros2_iron/install/examples_rclpy_minimal_publisher:/home/pi/ros2_iron/install/examples_rclpy_minimal_client:/home/pi/ros2_iron/install/examples_rclpy_executors:/home/pi/ros2_iron/install/demo_nodes_py:/home/pi/ros2_iron/install/rqt:/home/pi/ros2_iron/install/ros2component:/home/pi/ros2_iron/install/sros2:/home/pi/ros2_iron/install/rqt_topic:/home/pi/ros2_iron/install/rqt_srv:/home/pi/ros2_iron/install/rqt_shell:/home/pi/ros2_iron/install/rqt_service_caller:/home/pi/ros2_iron/install/rqt_reconfigure:/home/pi/ros2_iron/install/rqt_py_console:/home/pi/ros2_iron/install/rqt_publisher:/home/pi/ros2_iron/install/rqt_action:/home/pi/ros2_iron/install/rqt_msg:/home/pi/ros2_iron/install/rqt_console:/home/pi/ros2_iron/install/rqt_graph:/home/pi/ros2_iron/install/rqt_gui_py:/home/pi/ros2_iron/install/rqt_gui:/home/pi/ros2_iron/install/ros2trace:/home/pi/ros2_iron/install/ros2topic:/home/pi/ros2_iron/install/ros2test:/home/pi/ros2_iron/install/ros2param:/home/pi/ros2_iron/install/ros2lifecycle:/home/pi/ros2_iron/install/ros2service:/home/pi/ros2_iron/install/ros2run:/home/pi/ros2_iron/install/ros2launch:/home/pi/ros2_iron/install/ros2pkg:/home/pi/ros2_iron/install/ros2node:/home/pi/ros2_iron/install/ros2multicast:/home/pi/ros2_iron/install/ros2interface:/home/pi/ros2_iron/install/ros2action:/home/pi/ros2_iron/install/ros2cli:/home/pi/ros2_iron/install/launch_testing_ros:/home/pi/ros2_iron/install/launch_ros:/home/pi/ros2_iron/install/examples_rclpy_minimal_action_server:/home/pi/ros2_iron/install/examples_rclpy_minimal_action_client:/home/pi/ros2_iron/install/examples_rclpy_guard_conditions:/home/pi/ros2_iron/install/action_tutorials_py:/home/pi/ros2_iron/install/ament_uncrustify:/home/pi/ros2_iron/install/tracetools_trace:/home/pi/ros2_iron/install/tracetools_read:/home/pi/ros2_iron/install/test_tracetools_launch:/home/pi/ros2_iron/install/test_ros2trace:/home/pi/ros2_iron/install/test_launch_ros:/home/pi/ros2_iron/install/rpyutils:/home/pi/ros2_iron/install/rosidl_runtime_py:/home/pi/ros2_iron/install/rosidl_pycommon:/home/pi/ros2_iron/install/rosidl_cli:/home/pi/ros2_iron/install/launch_pytest:/home/pi/ros2_iron/install/launch_testing:/home/pi/ros2_iron/install/launch_yaml:/home/pi/ros2_iron/install/launch_xml:/home/pi/ros2_iron/install/launch:/home/pi/ros2_iron/install/osrf_pycommon:/home/pi/ros2_iron/install/domain_coordinator:/home/pi/ros2_iron/install/ament_xmllint:/home/pi/ros2_iron/install/ament_pyflakes:/home/pi/ros2_iron/install/ament_pycodestyle:/home/pi/ros2_iron/install/ament_pep257:/home/pi/ros2_iron/install/ament_pclint:/home/pi/ros2_iron/install/ament_package:/home/pi/ros2_iron/install/ament_mypy:/home/pi/ros2_iron/install/ament_lint_cmake:/home/pi/ros2_iron/install/ament_flake8:/home/pi/ros2_iron/install/ament_copyright:/home/pi/ros2_iron/install/ament_lint:/home/pi/ros2_iron/install/ament_index_python:/home/pi/ros2_iron/install/ament_cpplint:/home/pi/ros2_iron/install/ament_cppcheck:/home/pi/ros2_iron/install/ament_clang_tidy:/home/pi/ros2_iron/install/ament_clang_format /usr/bin/cmake --build /home/pi/test_ws/build/nmea_msgs -- -j4 -l4
[4.032s] Invoking command in '/home/pi/test_ws/build/nmea_msgs': CMAKE_PREFIX_PATH=${CMAKE_PREFIX_PATH}:/home/pi/wow_ws/install/ntrip_client:/home/pi/wow_ws/install/bno055:/home/pi/wow_ws/install/ICM20948:/home/pi/test_ws/install/urdf_wow_monk:/home/pi/test_ws/install/ntrip_client:/home/pi/test_ws/install/nmea_navsat_driver:/home/pi/test_ws/install/gps_publisher:/home/pi/ros2_iron/install/rqt_bag_plugins:/home/pi/ros2_iron/install/rqt_bag:/home/pi/ros2_iron/install/rosbag2_examples_py:/home/pi/ros2_iron/install/launch_testing_examples:/home/pi/ros2_iron/install/ros2bag:/home/pi/ros2_iron/install/tracetools_test:/home/pi/ros2_iron/install/tracetools_launch:/home/pi/ros2_iron/install/topic_monitor:/home/pi/ros2_iron/install/tf2_tools:/home/pi/ros2_iron/install/examples_tf2_py:/home/pi/ros2_iron/install/tf2_ros_py:/home/pi/ros2_iron/install/examples_rclpy_pointcloud_publisher:/home/pi/ros2_iron/install/sensor_msgs_py:/home/pi/ros2_iron/install/quality_of_service_demo_py:/home/pi/ros2_iron/install/rqt_plot:/home/pi/ros2_iron/install/ros2doctor:/home/pi/ros2_iron/install/lifecycle_py:/home/pi/ros2_iron/install/examples_rclpy_minimal_subscriber:/home/pi/ros2_iron/install/examples_rclpy_minimal_service:/home/pi/ros2_iron/install/examples_rclpy_minimal_publisher:/home/pi/ros2_iron/install/examples_rclpy_minimal_client:/home/pi/ros2_iron/install/examples_rclpy_executors:/home/pi/ros2_iron/install/demo_nodes_py:/home/pi/ros2_iron/install/rqt:/home/pi/ros2_iron/install/ros2component:/home/pi/ros2_iron/install/sros2:/home/pi/ros2_iron/install/rqt_topic:/home/pi/ros2_iron/install/rqt_srv:/home/pi/ros2_iron/install/rqt_shell:/home/pi/ros2_iron/install/rqt_service_caller:/home/pi/ros2_iron/install/rqt_reconfigure:/home/pi/ros2_iron/install/rqt_py_console:/home/pi/ros2_iron/install/rqt_publisher:/home/pi/ros2_iron/install/rqt_action:/home/pi/ros2_iron/install/rqt_msg:/home/pi/ros2_iron/install/rqt_console:/home/pi/ros2_iron/install/rqt_graph:/home/pi/ros2_iron/install/rqt_gui_py:/home/pi/ros2_iron/install/rqt_gui:/home/pi/ros2_iron/install/ros2trace:/home/pi/ros2_iron/install/ros2topic:/home/pi/ros2_iron/install/ros2test:/home/pi/ros2_iron/install/ros2param:/home/pi/ros2_iron/install/ros2lifecycle:/home/pi/ros2_iron/install/ros2service:/home/pi/ros2_iron/install/ros2run:/home/pi/ros2_iron/install/ros2launch:/home/pi/ros2_iron/install/ros2pkg:/home/pi/ros2_iron/install/ros2node:/home/pi/ros2_iron/install/ros2multicast:/home/pi/ros2_iron/install/ros2interface:/home/pi/ros2_iron/install/ros2action:/home/pi/ros2_iron/install/ros2cli:/home/pi/ros2_iron/install/launch_testing_ros:/home/pi/ros2_iron/install/launch_ros:/home/pi/ros2_iron/install/examples_rclpy_minimal_action_server:/home/pi/ros2_iron/install/examples_rclpy_minimal_action_client:/home/pi/ros2_iron/install/examples_rclpy_guard_conditions:/home/pi/ros2_iron/install/action_tutorials_py:/home/pi/ros2_iron/install/ament_uncrustify:/home/pi/ros2_iron/install/tracetools_trace:/home/pi/ros2_iron/install/tracetools_read:/home/pi/ros2_iron/install/test_tracetools_launch:/home/pi/ros2_iron/install/test_ros2trace:/home/pi/ros2_iron/install/test_launch_ros:/home/pi/ros2_iron/install/rpyutils:/home/pi/ros2_iron/install/rosidl_runtime_py:/home/pi/ros2_iron/install/rosidl_pycommon:/home/pi/ros2_iron/install/rosidl_cli:/home/pi/ros2_iron/install/launch_pytest:/home/pi/ros2_iron/install/launch_testing:/home/pi/ros2_iron/install/launch_yaml:/home/pi/ros2_iron/install/launch_xml:/home/pi/ros2_iron/install/launch:/home/pi/ros2_iron/install/osrf_pycommon:/home/pi/ros2_iron/install/domain_coordinator:/home/pi/ros2_iron/install/ament_xmllint:/home/pi/ros2_iron/install/ament_pyflakes:/home/pi/ros2_iron/install/ament_pycodestyle:/home/pi/ros2_iron/install/ament_pep257:/home/pi/ros2_iron/install/ament_pclint:/home/pi/ros2_iron/install/ament_package:/home/pi/ros2_iron/install/ament_mypy:/home/pi/ros2_iron/install/ament_lint_cmake:/home/pi/ros2_iron/install/ament_flake8:/home/pi/ros2_iron/install/ament_copyright:/home/pi/ros2_iron/install/ament_lint:/home/pi/ros2_iron/install/ament_index_python:/home/pi/ros2_iron/install/ament_cpplint:/home/pi/ros2_iron/install/ament_cppcheck:/home/pi/ros2_iron/install/ament_clang_tidy:/home/pi/ros2_iron/install/ament_clang_format /usr/bin/cmake --install /home/pi/test_ws/build/nmea_msgs
[4.064s] -- Install configuration: ""
[4.066s] -- Execute custom install script
[4.067s] -- Up-to-date symlink: /home/pi/test_ws/install/nmea_msgs/share/ament_index/resource_index/rosidl_interfaces/nmea_msgs
[4.068s] -- Up-to-date symlink: /home/pi/test_ws/install/nmea_msgs/share/nmea_msgs/msg/Sentence.json
[4.068s] -- Up-to-date symlink: /home/pi/test_ws/install/nmea_msgs/share/nmea_msgs/msg/Gpgga.json
[4.069s] -- Up-to-date symlink: /home/pi/test_ws/install/nmea_msgs/share/nmea_msgs/msg/Gpgsa.json
[4.069s] -- Up-to-date symlink: /home/pi/test_ws/install/nmea_msgs/share/nmea_msgs/msg/Gpgst.json
[4.070s] -- Up-to-date symlink: /home/pi/test_ws/install/nmea_msgs/share/nmea_msgs/msg/Gpgsv.json
[4.071s] -- Up-to-date symlink: /home/pi/test_ws/install/nmea_msgs/share/nmea_msgs/msg/GpgsvSatellite.json
[4.071s] -- Up-to-date symlink: /home/pi/test_ws/install/nmea_msgs/share/nmea_msgs/msg/Gprmc.json
[4.071s] -- Up-to-date symlink: /home/pi/test_ws/install/nmea_msgs/share/nmea_msgs/msg/Gpvtg.json
[4.072s] -- Up-to-date symlink: /home/pi/test_ws/install/nmea_msgs/share/nmea_msgs/msg/Gpzda.json
[4.075s] -- Up-to-date symlink: /home/pi/test_ws/install/nmea_msgs/include/nmea_msgs/nmea_msgs/msg/detail/gpgga__functions.h
[4.075s] -- Up-to-date symlink: /home/pi/test_ws/install/nmea_msgs/include/nmea_msgs/nmea_msgs/msg/detail/gpgga__struct.h
[4.075s] -- Up-to-date symlink: /home/pi/test_ws/install/nmea_msgs/include/nmea_msgs/nmea_msgs/msg/detail/gpgga__type_support.h
[4.076s] -- Up-to-date symlink: /home/pi/test_ws/install/nmea_msgs/include/nmea_msgs/nmea_msgs/msg/detail/gpgsa__functions.h
[4.076s] -- Up-to-date symlink: /home/pi/test_ws/install/nmea_msgs/include/nmea_msgs/nmea_msgs/msg/detail/gpgsa__struct.h
[4.076s] -- Up-to-date symlink: /home/pi/test_ws/install/nmea_msgs/include/nmea_msgs/nmea_msgs/msg/detail/gpgsa__type_support.h
[4.077s] -- Up-to-date symlink: /home/pi/test_ws/install/nmea_msgs/include/nmea_msgs/nmea_msgs/msg/detail/gpgst__functions.h
[4.077s] -- Up-to-date symlink: /home/pi/test_ws/install/nmea_msgs/include/nmea_msgs/nmea_msgs/msg/detail/gpgst__struct.h
[4.079s] -- Up-to-date symlink: /home/pi/test_ws/install/nmea_msgs/include/nmea_msgs/nmea_msgs/msg/detail/gpgst__type_support.h
[4.079s] -- Up-to-date symlink: /home/pi/test_ws/install/nmea_msgs/include/nmea_msgs/nmea_msgs/msg/detail/gpgsv__functions.h
[4.080s] -- Up-to-date symlink: /home/pi/test_ws/install/nmea_msgs/include/nmea_msgs/nmea_msgs/msg/detail/gpgsv__struct.h
[4.080s] -- Up-to-date symlink: /home/pi/test_ws/install/nmea_msgs/include/nmea_msgs/nmea_msgs/msg/detail/gpgsv__type_support.h
[4.081s] -- Up-to-date symlink: /home/pi/test_ws/install/nmea_msgs/include/nmea_msgs/nmea_msgs/msg/detail/gpgsv_satellite__functions.h
[4.081s] -- Up-to-date symlink: /home/pi/test_ws/install/nmea_msgs/include/nmea_msgs/nmea_msgs/msg/detail/gpgsv_satellite__struct.h
[4.082s] -- Up-to-date symlink: /home/pi/test_ws/install/nmea_msgs/include/nmea_msgs/nmea_msgs/msg/detail/gpgsv_satellite__type_support.h
[4.082s] -- Up-to-date symlink: /home/pi/test_ws/install/nmea_msgs/include/nmea_msgs/nmea_msgs/msg/detail/gprmc__functions.h
[4.082s] -- Up-to-date symlink: /home/pi/test_ws/install/nmea_msgs/include/nmea_msgs/nmea_msgs/msg/detail/gprmc__struct.h
[4.083s] -- Up-to-date symlink: /home/pi/test_ws/install/nmea_msgs/include/nmea_msgs/nmea_msgs/msg/detail/gprmc__type_support.h
[4.083s] -- Up-to-date symlink: /home/pi/test_ws/install/nmea_msgs/include/nmea_msgs/nmea_msgs/msg/detail/gpvtg__functions.h
[4.083s] -- Up-to-date symlink: /home/pi/test_ws/install/nmea_msgs/include/nmea_msgs/nmea_msgs/msg/detail/gpvtg__struct.h
[4.084s] -- Up-to-date symlink: /home/pi/test_ws/install/nmea_msgs/include/nmea_msgs/nmea_msgs/msg/detail/gpvtg__type_support.h
[4.084s] -- Up-to-date symlink: /home/pi/test_ws/install/nmea_msgs/include/nmea_msgs/nmea_msgs/msg/detail/gpzda__functions.h
[4.085s] -- Up-to-date symlink: /home/pi/test_ws/install/nmea_msgs/include/nmea_msgs/nmea_msgs/msg/detail/gpzda__struct.h
[4.085s] -- Up-to-date symlink: /home/pi/test_ws/install/nmea_msgs/include/nmea_msgs/nmea_msgs/msg/detail/gpzda__type_support.h
[4.086s] -- Up-to-date symlink: /home/pi/test_ws/install/nmea_msgs/include/nmea_msgs/nmea_msgs/msg/detail/sentence__functions.h
[4.086s] -- Up-to-date symlink: /home/pi/test_ws/install/nmea_msgs/include/nmea_msgs/nmea_msgs/msg/detail/sentence__struct.h
[4.087s] -- Up-to-date symlink: /home/pi/test_ws/install/nmea_msgs/include/nmea_msgs/nmea_msgs/msg/detail/sentence__type_support.h
[4.087s] -- Up-to-date symlink: /home/pi/test_ws/install/nmea_msgs/include/nmea_msgs/nmea_msgs/msg/gpgga.h
[4.088s] -- Up-to-date symlink: /home/pi/test_ws/install/nmea_msgs/include/nmea_msgs/nmea_msgs/msg/gpgsa.h
[4.088s] -- Up-to-date symlink: /home/pi/test_ws/install/nmea_msgs/include/nmea_msgs/nmea_msgs/msg/gpgst.h
[4.088s] -- Up-to-date symlink: /home/pi/test_ws/install/nmea_msgs/include/nmea_msgs/nmea_msgs/msg/gpgsv.h
[4.089s] -- Up-to-date symlink: /home/pi/test_ws/install/nmea_msgs/include/nmea_msgs/nmea_msgs/msg/gpgsv_satellite.h
[4.089s] -- Up-to-date symlink: /home/pi/test_ws/install/nmea_msgs/include/nmea_msgs/nmea_msgs/msg/gprmc.h
[4.090s] -- Up-to-date symlink: /home/pi/test_ws/install/nmea_msgs/include/nmea_msgs/nmea_msgs/msg/gpvtg.h
[4.090s] -- Up-to-date symlink: /home/pi/test_ws/install/nmea_msgs/include/nmea_msgs/nmea_msgs/msg/gpzda.h
[4.091s] -- Up-to-date symlink: /home/pi/test_ws/install/nmea_msgs/include/nmea_msgs/nmea_msgs/msg/rosidl_generator_c__visibility_control.h
[4.093s] -- Up-to-date symlink: /home/pi/test_ws/install/nmea_msgs/include/nmea_msgs/nmea_msgs/msg/sentence.h
[4.093s] -- Up-to-date symlink: /home/pi/test_ws/install/nmea_msgs/share/nmea_msgs/environment/library_path.sh
[4.093s] -- Up-to-date symlink: /home/pi/test_ws/install/nmea_msgs/share/nmea_msgs/environment/library_path.dsv
[4.094s] -- Up-to-date symlink: /home/pi/test_ws/install/nmea_msgs/include/nmea_msgs/nmea_msgs/msg/detail/gpgga__rosidl_typesupport_introspection_c.h
[4.094s] -- Up-to-date symlink: /home/pi/test_ws/install/nmea_msgs/include/nmea_msgs/nmea_msgs/msg/detail/gpgsa__rosidl_typesupport_introspection_c.h
[4.095s] -- Up-to-date symlink: /home/pi/test_ws/install/nmea_msgs/include/nmea_msgs/nmea_msgs/msg/detail/gpgst__rosidl_typesupport_introspection_c.h
[4.095s] -- Up-to-date symlink: /home/pi/test_ws/install/nmea_msgs/include/nmea_msgs/nmea_msgs/msg/detail/gpgsv__rosidl_typesupport_introspection_c.h
[4.096s] -- Up-to-date symlink: /home/pi/test_ws/install/nmea_msgs/include/nmea_msgs/nmea_msgs/msg/detail/gpgsv_satellite__rosidl_typesupport_introspection_c.h
[4.096s] -- Up-to-date symlink: /home/pi/test_ws/install/nmea_msgs/include/nmea_msgs/nmea_msgs/msg/detail/gprmc__rosidl_typesupport_introspection_c.h
[4.097s] -- Up-to-date symlink: /home/pi/test_ws/install/nmea_msgs/include/nmea_msgs/nmea_msgs/msg/detail/gpvtg__rosidl_typesupport_introspection_c.h
[4.097s] -- Up-to-date symlink: /home/pi/test_ws/install/nmea_msgs/include/nmea_msgs/nmea_msgs/msg/detail/gpzda__rosidl_typesupport_introspection_c.h
[4.098s] -- Up-to-date symlink: /home/pi/test_ws/install/nmea_msgs/include/nmea_msgs/nmea_msgs/msg/detail/sentence__rosidl_typesupport_introspection_c.h
[4.100s] -- Up-to-date symlink: /home/pi/test_ws/install/nmea_msgs/include/nmea_msgs/nmea_msgs/msg/rosidl_typesupport_introspection_c__visibility_control.h
[4.101s] -- Up-to-date symlink: /home/pi/test_ws/install/nmea_msgs/include/nmea_msgs/nmea_msgs/msg/detail/gpgga__rosidl_typesupport_fastrtps_c.h
[4.102s] -- Up-to-date symlink: /home/pi/test_ws/install/nmea_msgs/include/nmea_msgs/nmea_msgs/msg/detail/gpgsa__rosidl_typesupport_fastrtps_c.h
[4.103s] -- Up-to-date symlink: /home/pi/test_ws/install/nmea_msgs/include/nmea_msgs/nmea_msgs/msg/detail/gpgst__rosidl_typesupport_fastrtps_c.h
[4.103s] -- Up-to-date symlink: /home/pi/test_ws/install/nmea_msgs/include/nmea_msgs/nmea_msgs/msg/detail/gpgsv__rosidl_typesupport_fastrtps_c.h
[4.104s] -- Up-to-date symlink: /home/pi/test_ws/install/nmea_msgs/include/nmea_msgs/nmea_msgs/msg/detail/gpgsv_satellite__rosidl_typesupport_fastrtps_c.h
[4.104s] -- Up-to-date symlink: /home/pi/test_ws/install/nmea_msgs/include/nmea_msgs/nmea_msgs/msg/detail/gprmc__rosidl_typesupport_fastrtps_c.h
[4.105s] -- Up-to-date symlink: /home/pi/test_ws/install/nmea_msgs/include/nmea_msgs/nmea_msgs/msg/detail/gpvtg__rosidl_typesupport_fastrtps_c.h
[4.105s] -- Up-to-date symlink: /home/pi/test_ws/install/nmea_msgs/include/nmea_msgs/nmea_msgs/msg/detail/gpzda__rosidl_typesupport_fastrtps_c.h
[4.106s] -- Up-to-date symlink: /home/pi/test_ws/install/nmea_msgs/include/nmea_msgs/nmea_msgs/msg/detail/sentence__rosidl_typesupport_fastrtps_c.h
[4.107s] -- Up-to-date symlink: /home/pi/test_ws/install/nmea_msgs/include/nmea_msgs/nmea_msgs/msg/rosidl_typesupport_fastrtps_c__visibility_control.h
[4.108s] -- Up-to-date symlink: /home/pi/test_ws/install/nmea_msgs/include/nmea_msgs/nmea_msgs/msg/detail/gpgga__builder.hpp
[4.108s] -- Up-to-date symlink: /home/pi/test_ws/install/nmea_msgs/include/nmea_msgs/nmea_msgs/msg/detail/gpgga__struct.hpp
[4.110s] -- Up-to-date symlink: /home/pi/test_ws/install/nmea_msgs/include/nmea_msgs/nmea_msgs/msg/detail/gpgga__traits.hpp
[4.110s] -- Up-to-date symlink: /home/pi/test_ws/install/nmea_msgs/include/nmea_msgs/nmea_msgs/msg/detail/gpgsa__builder.hpp
[4.110s] -- Up-to-date symlink: /home/pi/test_ws/install/nmea_msgs/include/nmea_msgs/nmea_msgs/msg/detail/gpgsa__struct.hpp
[4.110s] -- Up-to-date symlink: /home/pi/test_ws/install/nmea_msgs/include/nmea_msgs/nmea_msgs/msg/detail/gpgsa__traits.hpp
[4.111s] -- Up-to-date symlink: /home/pi/test_ws/install/nmea_msgs/include/nmea_msgs/nmea_msgs/msg/detail/gpgst__builder.hpp
[4.112s] -- Up-to-date symlink: /home/pi/test_ws/install/nmea_msgs/include/nmea_msgs/nmea_msgs/msg/detail/gpgst__struct.hpp
[4.112s] -- Up-to-date symlink: /home/pi/test_ws/install/nmea_msgs/include/nmea_msgs/nmea_msgs/msg/detail/gpgst__traits.hpp
[4.114s] -- Up-to-date symlink: /home/pi/test_ws/install/nmea_msgs/include/nmea_msgs/nmea_msgs/msg/detail/gpgsv__builder.hpp
[4.114s] -- Up-to-date symlink: /home/pi/test_ws/install/nmea_msgs/include/nmea_msgs/nmea_msgs/msg/detail/gpgsv__struct.hpp
[4.114s] -- Up-to-date symlink: /home/pi/test_ws/install/nmea_msgs/include/nmea_msgs/nmea_msgs/msg/detail/gpgsv__traits.hpp
[4.115s] -- Up-to-date symlink: /home/pi/test_ws/install/nmea_msgs/include/nmea_msgs/nmea_msgs/msg/detail/gpgsv_satellite__builder.hpp
[4.116s] -- Up-to-date symlink: /home/pi/test_ws/install/nmea_msgs/include/nmea_msgs/nmea_msgs/msg/detail/gpgsv_satellite__struct.hpp
[4.116s] -- Up-to-date symlink: /home/pi/test_ws/install/nmea_msgs/include/nmea_msgs/nmea_msgs/msg/detail/gpgsv_satellite__traits.hpp
[4.116s] -- Up-to-date symlink: /home/pi/test_ws/install/nmea_msgs/include/nmea_msgs/nmea_msgs/msg/detail/gprmc__builder.hpp
[4.117s] -- Up-to-date symlink: /home/pi/test_ws/install/nmea_msgs/include/nmea_msgs/nmea_msgs/msg/detail/gprmc__struct.hpp
[4.118s] -- Up-to-date symlink: /home/pi/test_ws/install/nmea_msgs/include/nmea_msgs/nmea_msgs/msg/detail/gprmc__traits.hpp
[4.118s] -- Up-to-date symlink: /home/pi/test_ws/install/nmea_msgs/include/nmea_msgs/nmea_msgs/msg/detail/gpvtg__builder.hpp
[4.119s] -- Up-to-date symlink: /home/pi/test_ws/install/nmea_msgs/include/nmea_msgs/nmea_msgs/msg/detail/gpvtg__struct.hpp
[4.120s] -- Up-to-date symlink: /home/pi/test_ws/install/nmea_msgs/include/nmea_msgs/nmea_msgs/msg/detail/gpvtg__traits.hpp
[4.120s] -- Up-to-date symlink: /home/pi/test_ws/install/nmea_msgs/include/nmea_msgs/nmea_msgs/msg/detail/gpzda__builder.hpp
[4.120s] -- Up-to-date symlink: /home/pi/test_ws/install/nmea_msgs/include/nmea_msgs/nmea_msgs/msg/detail/gpzda__struct.hpp
[4.121s] -- Up-to-date symlink: /home/pi/test_ws/install/nmea_msgs/include/nmea_msgs/nmea_msgs/msg/detail/gpzda__traits.hpp
[4.121s] -- Up-to-date symlink: /home/pi/test_ws/install/nmea_msgs/include/nmea_msgs/nmea_msgs/msg/detail/sentence__builder.hpp
[4.122s] -- Up-to-date symlink: /home/pi/test_ws/install/nmea_msgs/include/nmea_msgs/nmea_msgs/msg/detail/sentence__struct.hpp
[4.123s] -- Up-to-date symlink: /home/pi/test_ws/install/nmea_msgs/include/nmea_msgs/nmea_msgs/msg/detail/sentence__traits.hpp
[4.123s] -- Up-to-date symlink: /home/pi/test_ws/install/nmea_msgs/include/nmea_msgs/nmea_msgs/msg/gpgga.hpp
[4.123s] -- Up-to-date symlink: /home/pi/test_ws/install/nmea_msgs/include/nmea_msgs/nmea_msgs/msg/gpgsa.hpp
[4.124s] -- Up-to-date symlink: /home/pi/test_ws/install/nmea_msgs/include/nmea_msgs/nmea_msgs/msg/gpgst.hpp
[4.124s] -- Up-to-date symlink: /home/pi/test_ws/install/nmea_msgs/include/nmea_msgs/nmea_msgs/msg/gpgsv.hpp
[4.125s] -- Up-to-date symlink: /home/pi/test_ws/install/nmea_msgs/include/nmea_msgs/nmea_msgs/msg/gpgsv_satellite.hpp
[4.125s] -- Up-to-date symlink: /home/pi/test_ws/install/nmea_msgs/include/nmea_msgs/nmea_msgs/msg/gprmc.hpp
[4.126s] -- Up-to-date symlink: /home/pi/test_ws/install/nmea_msgs/include/nmea_msgs/nmea_msgs/msg/gpvtg.hpp
[4.126s] -- Up-to-date symlink: /home/pi/test_ws/install/nmea_msgs/include/nmea_msgs/nmea_msgs/msg/gpzda.hpp
[4.126s] -- Up-to-date symlink: /home/pi/test_ws/install/nmea_msgs/include/nmea_msgs/nmea_msgs/msg/sentence.hpp
[4.128s] -- Up-to-date symlink: /home/pi/test_ws/install/nmea_msgs/include/nmea_msgs/nmea_msgs/msg/detail/gpgga__rosidl_typesupport_introspection_cpp.hpp
[4.128s] -- Up-to-date symlink: /home/pi/test_ws/install/nmea_msgs/include/nmea_msgs/nmea_msgs/msg/detail/gpgsa__rosidl_typesupport_introspection_cpp.hpp
[4.128s] -- Up-to-date symlink: /home/pi/test_ws/install/nmea_msgs/include/nmea_msgs/nmea_msgs/msg/detail/gpgst__rosidl_typesupport_introspection_cpp.hpp
[4.129s] -- Up-to-date symlink: /home/pi/test_ws/install/nmea_msgs/include/nmea_msgs/nmea_msgs/msg/detail/gpgsv__rosidl_typesupport_introspection_cpp.hpp
[4.130s] -- Up-to-date symlink: /home/pi/test_ws/install/nmea_msgs/include/nmea_msgs/nmea_msgs/msg/detail/gpgsv_satellite__rosidl_typesupport_introspection_cpp.hpp
[4.130s] -- Up-to-date symlink: /home/pi/test_ws/install/nmea_msgs/include/nmea_msgs/nmea_msgs/msg/detail/gprmc__rosidl_typesupport_introspection_cpp.hpp
[4.131s] -- Up-to-date symlink: /home/pi/test_ws/install/nmea_msgs/include/nmea_msgs/nmea_msgs/msg/detail/gpvtg__rosidl_typesupport_introspection_cpp.hpp
[4.131s] -- Up-to-date symlink: /home/pi/test_ws/install/nmea_msgs/include/nmea_msgs/nmea_msgs/msg/detail/gpzda__rosidl_typesupport_introspection_cpp.hpp
[4.133s] -- Up-to-date symlink: /home/pi/test_ws/install/nmea_msgs/include/nmea_msgs/nmea_msgs/msg/detail/sentence__rosidl_typesupport_introspection_cpp.hpp
[4.133s] -- Up-to-date symlink: /home/pi/test_ws/install/nmea_msgs/include/nmea_msgs/nmea_msgs/msg/detail/gpgga__rosidl_typesupport_fastrtps_cpp.hpp
[4.133s] -- Up-to-date symlink: /home/pi/test_ws/install/nmea_msgs/include/nmea_msgs/nmea_msgs/msg/detail/gpgsa__rosidl_typesupport_fastrtps_cpp.hpp
[4.134s] -- Up-to-date symlink: /home/pi/test_ws/install/nmea_msgs/include/nmea_msgs/nmea_msgs/msg/detail/gpgst__rosidl_typesupport_fastrtps_cpp.hpp
[4.135s] -- Up-to-date symlink: /home/pi/test_ws/install/nmea_msgs/include/nmea_msgs/nmea_msgs/msg/detail/gpgsv__rosidl_typesupport_fastrtps_cpp.hpp
[4.135s] -- Up-to-date symlink: /home/pi/test_ws/install/nmea_msgs/include/nmea_msgs/nmea_msgs/msg/detail/gpgsv_satellite__rosidl_typesupport_fastrtps_cpp.hpp
[4.135s] -- Up-to-date symlink: /home/pi/test_ws/install/nmea_msgs/include/nmea_msgs/nmea_msgs/msg/detail/gprmc__rosidl_typesupport_fastrtps_cpp.hpp
[4.136s] -- Up-to-date symlink: /home/pi/test_ws/install/nmea_msgs/include/nmea_msgs/nmea_msgs/msg/detail/gpvtg__rosidl_typesupport_fastrtps_cpp.hpp
[4.136s] -- Up-to-date symlink: /home/pi/test_ws/install/nmea_msgs/include/nmea_msgs/nmea_msgs/msg/detail/gpzda__rosidl_typesupport_fastrtps_cpp.hpp
[4.136s] -- Up-to-date symlink: /home/pi/test_ws/install/nmea_msgs/include/nmea_msgs/nmea_msgs/msg/detail/sentence__rosidl_typesupport_fastrtps_cpp.hpp
[4.137s] -- Up-to-date symlink: /home/pi/test_ws/install/nmea_msgs/include/nmea_msgs/nmea_msgs/msg/rosidl_typesupport_fastrtps_cpp__visibility_control.h
[4.137s] -- Up-to-date symlink: /home/pi/test_ws/install/nmea_msgs/share/nmea_msgs/environment/pythonpath.sh
[4.138s] -- Up-to-date symlink: /home/pi/test_ws/install/nmea_msgs/share/nmea_msgs/environment/pythonpath.dsv
[4.139s] -- Up-to-date symlink: /home/pi/test_ws/install/nmea_msgs/lib/python3.11/site-packages/nmea_msgs-2.1.0-py3.11.egg-info/PKG-INFO
[4.140s] -- Up-to-date symlink: /home/pi/test_ws/install/nmea_msgs/lib/python3.11/site-packages/nmea_msgs-2.1.0-py3.11.egg-info/SOURCES.txt
[4.141s] -- Up-to-date symlink: /home/pi/test_ws/install/nmea_msgs/lib/python3.11/site-packages/nmea_msgs-2.1.0-py3.11.egg-info/dependency_links.txt
[4.142s] -- Up-to-date symlink: /home/pi/test_ws/install/nmea_msgs/lib/python3.11/site-packages/nmea_msgs-2.1.0-py3.11.egg-info/top_level.txt
[4.142s] -- Up-to-date symlink: /home/pi/test_ws/install/nmea_msgs/lib/python3.11/site-packages/nmea_msgs/__init__.py
[4.143s] -- Up-to-date symlink: /home/pi/test_ws/install/nmea_msgs/lib/python3.11/site-packages/nmea_msgs/_nmea_msgs_s.ep.rosidl_typesupport_c.c
[4.143s] -- Up-to-date symlink: /home/pi/test_ws/install/nmea_msgs/lib/python3.11/site-packages/nmea_msgs/_nmea_msgs_s.ep.rosidl_typesupport_fastrtps_c.c
[4.144s] -- Up-to-date symlink: /home/pi/test_ws/install/nmea_msgs/lib/python3.11/site-packages/nmea_msgs/_nmea_msgs_s.ep.rosidl_typesupport_introspection_c.c
[4.144s] -- Up-to-date symlink: /home/pi/test_ws/install/nmea_msgs/lib/python3.11/site-packages/nmea_msgs/libnmea_msgs__rosidl_generator_py.so
[4.144s] -- Up-to-date symlink: /home/pi/test_ws/install/nmea_msgs/lib/python3.11/site-packages/nmea_msgs/msg/__init__.py
[4.145s] -- Up-to-date symlink: /home/pi/test_ws/install/nmea_msgs/lib/python3.11/site-packages/nmea_msgs/msg/_gpgga.py
[4.145s] -- Up-to-date symlink: /home/pi/test_ws/install/nmea_msgs/lib/python3.11/site-packages/nmea_msgs/msg/_gpgga_s.c
[4.145s] -- Up-to-date symlink: /home/pi/test_ws/install/nmea_msgs/lib/python3.11/site-packages/nmea_msgs/msg/_gpgsa.py
[4.146s] -- Up-to-date symlink: /home/pi/test_ws/install/nmea_msgs/lib/python3.11/site-packages/nmea_msgs/msg/_gpgsa_s.c
[4.146s] -- Up-to-date symlink: /home/pi/test_ws/install/nmea_msgs/lib/python3.11/site-packages/nmea_msgs/msg/_gpgst.py
[4.147s] -- Up-to-date symlink: /home/pi/test_ws/install/nmea_msgs/lib/python3.11/site-packages/nmea_msgs/msg/_gpgst_s.c
[4.147s] -- Up-to-date symlink: /home/pi/test_ws/install/nmea_msgs/lib/python3.11/site-packages/nmea_msgs/msg/_gpgsv.py
[4.148s] -- Up-to-date symlink: /home/pi/test_ws/install/nmea_msgs/lib/python3.11/site-packages/nmea_msgs/msg/_gpgsv_s.c
[4.149s] -- Up-to-date symlink: /home/pi/test_ws/install/nmea_msgs/lib/python3.11/site-packages/nmea_msgs/msg/_gpgsv_satellite.py
[4.149s] -- Up-to-date symlink: /home/pi/test_ws/install/nmea_msgs/lib/python3.11/site-packages/nmea_msgs/msg/_gpgsv_satellite_s.c
[4.149s] -- Up-to-date symlink: /home/pi/test_ws/install/nmea_msgs/lib/python3.11/site-packages/nmea_msgs/msg/_gprmc.py
[4.150s] -- Up-to-date symlink: /home/pi/test_ws/install/nmea_msgs/lib/python3.11/site-packages/nmea_msgs/msg/_gprmc_s.c
[4.150s] -- Up-to-date symlink: /home/pi/test_ws/install/nmea_msgs/lib/python3.11/site-packages/nmea_msgs/msg/_gpvtg.py
[4.151s] -- Up-to-date symlink: /home/pi/test_ws/install/nmea_msgs/lib/python3.11/site-packages/nmea_msgs/msg/_gpvtg_s.c
[4.151s] -- Up-to-date symlink: /home/pi/test_ws/install/nmea_msgs/lib/python3.11/site-packages/nmea_msgs/msg/_gpzda.py
[4.151s] -- Up-to-date symlink: /home/pi/test_ws/install/nmea_msgs/lib/python3.11/site-packages/nmea_msgs/msg/_gpzda_s.c
[4.152s] -- Up-to-date symlink: /home/pi/test_ws/install/nmea_msgs/lib/python3.11/site-packages/nmea_msgs/msg/_sentence.py
[4.153s] -- Up-to-date symlink: /home/pi/test_ws/install/nmea_msgs/lib/python3.11/site-packages/nmea_msgs/msg/_sentence_s.c
[4.153s] -- Up-to-date symlink: /home/pi/test_ws/install/nmea_msgs/lib/python3.11/site-packages/nmea_msgs/nmea_msgs_s__rosidl_typesupport_c.cpython-311-aarch64-linux-gnu.so
[4.154s] -- Up-to-date symlink: /home/pi/test_ws/install/nmea_msgs/lib/python3.11/site-packages/nmea_msgs/nmea_msgs_s__rosidl_typesupport_fastrtps_c.cpython-311-aarch64-linux-gnu.so
[4.154s] -- Up-to-date symlink: /home/pi/test_ws/install/nmea_msgs/lib/python3.11/site-packages/nmea_msgs/nmea_msgs_s__rosidl_typesupport_introspection_c.cpython-311-aarch64-linux-gnu.so
[4.155s] -- Up-to-date symlink: /home/pi/test_ws/install/nmea_msgs/lib/python3.11/site-packages/nmea_msgs/nmea_msgs_s__rosidl_typesupport_introspection_c.cpython-311-aarch64-linux-gnu.so
[4.156s] -- Up-to-date symlink: /home/pi/test_ws/install/nmea_msgs/lib/python3.11/site-packages/nmea_msgs/nmea_msgs_s__rosidl_typesupport_fastrtps_c.cpython-311-aarch64-linux-gnu.so
[4.157s] -- Up-to-date symlink: /home/pi/test_ws/install/nmea_msgs/lib/python3.11/site-packages/nmea_msgs/nmea_msgs_s__rosidl_typesupport_c.cpython-311-aarch64-linux-gnu.so
[4.157s] -- Up-to-date symlink: /home/pi/test_ws/install/nmea_msgs/share/nmea_msgs/msg/Sentence.idl
[4.158s] -- Up-to-date symlink: /home/pi/test_ws/install/nmea_msgs/share/nmea_msgs/msg/Gpgga.idl
[4.159s] -- Up-to-date symlink: /home/pi/test_ws/install/nmea_msgs/share/nmea_msgs/msg/Gpgsa.idl
[4.160s] -- Up-to-date symlink: /home/pi/test_ws/install/nmea_msgs/share/nmea_msgs/msg/Gpgst.idl
[4.161s] -- Up-to-date symlink: /home/pi/test_ws/install/nmea_msgs/share/nmea_msgs/msg/Gpgsv.idl
[4.162s] -- Up-to-date symlink: /home/pi/test_ws/install/nmea_msgs/share/nmea_msgs/msg/GpgsvSatellite.idl
[4.163s] -- Up-to-date symlink: /home/pi/test_ws/install/nmea_msgs/share/nmea_msgs/msg/Gprmc.idl
[4.163s] -- Up-to-date symlink: /home/pi/test_ws/install/nmea_msgs/share/nmea_msgs/msg/Gpvtg.idl
[4.164s] -- Up-to-date symlink: /home/pi/test_ws/install/nmea_msgs/share/nmea_msgs/msg/Gpzda.idl
[4.164s] -- Up-to-date symlink: /home/pi/test_ws/install/nmea_msgs/share/nmea_msgs/msg/Sentence.msg
[4.164s] -- Up-to-date symlink: /home/pi/test_ws/install/nmea_msgs/share/nmea_msgs/msg/Gpgga.msg
[4.165s] -- Up-to-date symlink: /home/pi/test_ws/install/nmea_msgs/share/nmea_msgs/msg/Gpgsa.msg
[4.165s] -- Up-to-date symlink: /home/pi/test_ws/install/nmea_msgs/share/nmea_msgs/msg/Gpgst.msg
[4.166s] -- Up-to-date symlink: /home/pi/test_ws/install/nmea_msgs/share/nmea_msgs/msg/Gpgsv.msg
[4.166s] -- Up-to-date symlink: /home/pi/test_ws/install/nmea_msgs/share/nmea_msgs/msg/GpgsvSatellite.msg
[4.166s] -- Up-to-date symlink: /home/pi/test_ws/install/nmea_msgs/share/nmea_msgs/msg/Gprmc.msg
[4.167s] -- Up-to-date symlink: /home/pi/test_ws/install/nmea_msgs/share/nmea_msgs/msg/Gpvtg.msg
[4.167s] -- Up-to-date symlink: /home/pi/test_ws/install/nmea_msgs/share/nmea_msgs/msg/Gpzda.msg
[4.169s] -- Up-to-date symlink: /home/pi/test_ws/install/nmea_msgs/share/ament_index/resource_index/package_run_dependencies/nmea_msgs
[4.170s] -- Up-to-date symlink: /home/pi/test_ws/install/nmea_msgs/share/ament_index/resource_index/parent_prefix_path/nmea_msgs
[4.171s] -- Up-to-date symlink: /home/pi/test_ws/install/nmea_msgs/share/nmea_msgs/environment/ament_prefix_path.sh
[4.171s] -- Up-to-date symlink: /home/pi/test_ws/install/nmea_msgs/share/nmea_msgs/environment/ament_prefix_path.dsv
[4.172s] -- Up-to-date symlink: /home/pi/test_ws/install/nmea_msgs/share/nmea_msgs/environment/path.sh
[4.172s] -- Up-to-date symlink: /home/pi/test_ws/install/nmea_msgs/share/nmea_msgs/environment/path.dsv
[4.173s] -- Up-to-date symlink: /home/pi/test_ws/install/nmea_msgs/share/nmea_msgs/local_setup.bash
[4.173s] -- Up-to-date symlink: /home/pi/test_ws/install/nmea_msgs/share/nmea_msgs/local_setup.sh
[4.174s] -- Up-to-date symlink: /home/pi/test_ws/install/nmea_msgs/share/nmea_msgs/local_setup.zsh
[4.175s] -- Up-to-date symlink: /home/pi/test_ws/install/nmea_msgs/share/nmea_msgs/local_setup.dsv
[4.175s] -- Symlinking: /home/pi/test_ws/install/nmea_msgs/share/nmea_msgs/package.dsv
[4.205s] -- Up-to-date symlink: /home/pi/test_ws/install/nmea_msgs/share/ament_index/resource_index/packages/nmea_msgs
[4.210s] -- Up-to-date symlink: /home/pi/test_ws/install/nmea_msgs/share/nmea_msgs/cmake/rosidl_cmake-extras.cmake
[4.211s] -- Up-to-date symlink: /home/pi/test_ws/install/nmea_msgs/share/nmea_msgs/cmake/ament_cmake_export_dependencies-extras.cmake
[4.212s] -- Up-to-date symlink: /home/pi/test_ws/install/nmea_msgs/share/nmea_msgs/cmake/ament_cmake_export_include_directories-extras.cmake
[4.213s] -- Up-to-date symlink: /home/pi/test_ws/install/nmea_msgs/share/nmea_msgs/cmake/ament_cmake_export_libraries-extras.cmake
[4.213s] -- Up-to-date symlink: /home/pi/test_ws/install/nmea_msgs/share/nmea_msgs/cmake/ament_cmake_export_targets-extras.cmake
[4.215s] -- Up-to-date symlink: /home/pi/test_ws/install/nmea_msgs/share/nmea_msgs/cmake/rosidl_cmake_export_typesupport_targets-extras.cmake
[4.216s] -- Up-to-date symlink: /home/pi/test_ws/install/nmea_msgs/share/nmea_msgs/cmake/rosidl_cmake_export_typesupport_libraries-extras.cmake
[4.216s] -- Up-to-date symlink: /home/pi/test_ws/install/nmea_msgs/share/nmea_msgs/cmake/nmea_msgsConfig.cmake
[4.217s] -- Up-to-date symlink: /home/pi/test_ws/install/nmea_msgs/share/nmea_msgs/cmake/nmea_msgsConfig-version.cmake
[4.217s] -- Up-to-date symlink: /home/pi/test_ws/install/nmea_msgs/share/nmea_msgs/package.xml
[4.217s] -- Up-to-date: /home/pi/test_ws/install/nmea_msgs/lib/libnmea_msgs__rosidl_generator_c.so
[4.220s] -- Up-to-date: /home/pi/test_ws/install/nmea_msgs/lib/libnmea_msgs__rosidl_typesupport_introspection_c.so
[4.221s] -- Up-to-date: /home/pi/test_ws/install/nmea_msgs/lib/libnmea_msgs__rosidl_typesupport_fastrtps_c.so
[4.225s] -- Up-to-date: /home/pi/test_ws/install/nmea_msgs/lib/libnmea_msgs__rosidl_typesupport_c.so
[4.225s] -- Up-to-date: /home/pi/test_ws/install/nmea_msgs/lib/libnmea_msgs__rosidl_typesupport_introspection_cpp.so
[4.225s] -- Up-to-date: /home/pi/test_ws/install/nmea_msgs/lib/libnmea_msgs__rosidl_typesupport_fastrtps_cpp.so
[4.226s] -- Up-to-date: /home/pi/test_ws/install/nmea_msgs/lib/libnmea_msgs__rosidl_typesupport_cpp.so
[4.460s] Listing '/home/pi/test_ws/install/nmea_msgs/lib/python3.11/site-packages/nmea_msgs'...
[4.460s] Listing '/home/pi/test_ws/install/nmea_msgs/lib/python3.11/site-packages/nmea_msgs/msg'...
[4.517s] -- Up-to-date: /home/pi/test_ws/install/nmea_msgs/lib/libnmea_msgs__rosidl_generator_py.so
[4.521s] -- Up-to-date: /home/pi/test_ws/install/nmea_msgs/share/nmea_msgs/cmake/export_nmea_msgs__rosidl_generator_cExport.cmake
[4.522s] -- Up-to-date: /home/pi/test_ws/install/nmea_msgs/share/nmea_msgs/cmake/export_nmea_msgs__rosidl_generator_cExport-noconfig.cmake
[4.528s] -- Up-to-date: /home/pi/test_ws/install/nmea_msgs/share/nmea_msgs/cmake/nmea_msgs__rosidl_typesupport_introspection_cExport.cmake
[4.528s] -- Up-to-date: /home/pi/test_ws/install/nmea_msgs/share/nmea_msgs/cmake/nmea_msgs__rosidl_typesupport_introspection_cExport-noconfig.cmake
[4.530s] -- Up-to-date: /home/pi/test_ws/install/nmea_msgs/share/nmea_msgs/cmake/export_nmea_msgs__rosidl_typesupport_fastrtps_cExport.cmake
[4.534s] -- Up-to-date: /home/pi/test_ws/install/nmea_msgs/share/nmea_msgs/cmake/export_nmea_msgs__rosidl_typesupport_fastrtps_cExport-noconfig.cmake
[4.538s] -- Up-to-date: /home/pi/test_ws/install/nmea_msgs/share/nmea_msgs/cmake/nmea_msgs__rosidl_typesupport_cExport.cmake
[4.539s] -- Up-to-date: /home/pi/test_ws/install/nmea_msgs/share/nmea_msgs/cmake/nmea_msgs__rosidl_typesupport_cExport-noconfig.cmake
[4.543s] -- Up-to-date: /home/pi/test_ws/install/nmea_msgs/share/nmea_msgs/cmake/export_nmea_msgs__rosidl_generator_cppExport.cmake
[4.546s] -- Up-to-date: /home/pi/test_ws/install/nmea_msgs/share/nmea_msgs/cmake/nmea_msgs__rosidl_typesupport_introspection_cppExport.cmake
[4.547s] -- Up-to-date: /home/pi/test_ws/install/nmea_msgs/share/nmea_msgs/cmake/nmea_msgs__rosidl_typesupport_introspection_cppExport-noconfig.cmake
[4.550s] -- Up-to-date: /home/pi/test_ws/install/nmea_msgs/share/nmea_msgs/cmake/export_nmea_msgs__rosidl_typesupport_fastrtps_cppExport.cmake
[4.551s] -- Up-to-date: /home/pi/test_ws/install/nmea_msgs/share/nmea_msgs/cmake/export_nmea_msgs__rosidl_typesupport_fastrtps_cppExport-noconfig.cmake
[4.556s] -- Up-to-date: /home/pi/test_ws/install/nmea_msgs/share/nmea_msgs/cmake/nmea_msgs__rosidl_typesupport_cppExport.cmake
[4.556s] -- Up-to-date: /home/pi/test_ws/install/nmea_msgs/share/nmea_msgs/cmake/nmea_msgs__rosidl_typesupport_cppExport-noconfig.cmake
[4.562s] -- Up-to-date: /home/pi/test_ws/install/nmea_msgs/share/nmea_msgs/cmake/export_nmea_msgs__rosidl_generator_pyExport.cmake
[4.563s] -- Up-to-date: /home/pi/test_ws/install/nmea_msgs/share/nmea_msgs/cmake/export_nmea_msgs__rosidl_generator_pyExport-noconfig.cmake
[4.568s] Invoked command in '/home/pi/test_ws/build/nmea_msgs' returned '0': CMAKE_PREFIX_PATH=${CMAKE_PREFIX_PATH}:/home/pi/wow_ws/install/ntrip_client:/home/pi/wow_ws/install/bno055:/home/pi/wow_ws/install/ICM20948:/home/pi/test_ws/install/urdf_wow_monk:/home/pi/test_ws/install/ntrip_client:/home/pi/test_ws/install/nmea_navsat_driver:/home/pi/test_ws/install/gps_publisher:/home/pi/ros2_iron/install/rqt_bag_plugins:/home/pi/ros2_iron/install/rqt_bag:/home/pi/ros2_iron/install/rosbag2_examples_py:/home/pi/ros2_iron/install/launch_testing_examples:/home/pi/ros2_iron/install/ros2bag:/home/pi/ros2_iron/install/tracetools_test:/home/pi/ros2_iron/install/tracetools_launch:/home/pi/ros2_iron/install/topic_monitor:/home/pi/ros2_iron/install/tf2_tools:/home/pi/ros2_iron/install/examples_tf2_py:/home/pi/ros2_iron/install/tf2_ros_py:/home/pi/ros2_iron/install/examples_rclpy_pointcloud_publisher:/home/pi/ros2_iron/install/sensor_msgs_py:/home/pi/ros2_iron/install/quality_of_service_demo_py:/home/pi/ros2_iron/install/rqt_plot:/home/pi/ros2_iron/install/ros2doctor:/home/pi/ros2_iron/install/lifecycle_py:/home/pi/ros2_iron/install/examples_rclpy_minimal_subscriber:/home/pi/ros2_iron/install/examples_rclpy_minimal_service:/home/pi/ros2_iron/install/examples_rclpy_minimal_publisher:/home/pi/ros2_iron/install/examples_rclpy_minimal_client:/home/pi/ros2_iron/install/examples_rclpy_executors:/home/pi/ros2_iron/install/demo_nodes_py:/home/pi/ros2_iron/install/rqt:/home/pi/ros2_iron/install/ros2component:/home/pi/ros2_iron/install/sros2:/home/pi/ros2_iron/install/rqt_topic:/home/pi/ros2_iron/install/rqt_srv:/home/pi/ros2_iron/install/rqt_shell:/home/pi/ros2_iron/install/rqt_service_caller:/home/pi/ros2_iron/install/rqt_reconfigure:/home/pi/ros2_iron/install/rqt_py_console:/home/pi/ros2_iron/install/rqt_publisher:/home/pi/ros2_iron/install/rqt_action:/home/pi/ros2_iron/install/rqt_msg:/home/pi/ros2_iron/install/rqt_console:/home/pi/ros2_iron/install/rqt_graph:/home/pi/ros2_iron/install/rqt_gui_py:/home/pi/ros2_iron/install/rqt_gui:/home/pi/ros2_iron/install/ros2trace:/home/pi/ros2_iron/install/ros2topic:/home/pi/ros2_iron/install/ros2test:/home/pi/ros2_iron/install/ros2param:/home/pi/ros2_iron/install/ros2lifecycle:/home/pi/ros2_iron/install/ros2service:/home/pi/ros2_iron/install/ros2run:/home/pi/ros2_iron/install/ros2launch:/home/pi/ros2_iron/install/ros2pkg:/home/pi/ros2_iron/install/ros2node:/home/pi/ros2_iron/install/ros2multicast:/home/pi/ros2_iron/install/ros2interface:/home/pi/ros2_iron/install/ros2action:/home/pi/ros2_iron/install/ros2cli:/home/pi/ros2_iron/install/launch_testing_ros:/home/pi/ros2_iron/install/launch_ros:/home/pi/ros2_iron/install/examples_rclpy_minimal_action_server:/home/pi/ros2_iron/install/examples_rclpy_minimal_action_client:/home/pi/ros2_iron/install/examples_rclpy_guard_conditions:/home/pi/ros2_iron/install/action_tutorials_py:/home/pi/ros2_iron/install/ament_uncrustify:/home/pi/ros2_iron/install/tracetools_trace:/home/pi/ros2_iron/install/tracetools_read:/home/pi/ros2_iron/install/test_tracetools_launch:/home/pi/ros2_iron/install/test_ros2trace:/home/pi/ros2_iron/install/test_launch_ros:/home/pi/ros2_iron/install/rpyutils:/home/pi/ros2_iron/install/rosidl_runtime_py:/home/pi/ros2_iron/install/rosidl_pycommon:/home/pi/ros2_iron/install/rosidl_cli:/home/pi/ros2_iron/install/launch_pytest:/home/pi/ros2_iron/install/launch_testing:/home/pi/ros2_iron/install/launch_yaml:/home/pi/ros2_iron/install/launch_xml:/home/pi/ros2_iron/install/launch:/home/pi/ros2_iron/install/osrf_pycommon:/home/pi/ros2_iron/install/domain_coordinator:/home/pi/ros2_iron/install/ament_xmllint:/home/pi/ros2_iron/install/ament_pyflakes:/home/pi/ros2_iron/install/ament_pycodestyle:/home/pi/ros2_iron/install/ament_pep257:/home/pi/ros2_iron/install/ament_pclint:/home/pi/ros2_iron/install/ament_package:/home/pi/ros2_iron/install/ament_mypy:/home/pi/ros2_iron/install/ament_lint_cmake:/home/pi/ros2_iron/install/ament_flake8:/home/pi/ros2_iron/install/ament_copyright:/home/pi/ros2_iron/install/ament_lint:/home/pi/ros2_iron/install/ament_index_python:/home/pi/ros2_iron/install/ament_cpplint:/home/pi/ros2_iron/install/ament_cppcheck:/home/pi/ros2_iron/install/ament_clang_tidy:/home/pi/ros2_iron/install/ament_clang_format /usr/bin/cmake --install /home/pi/test_ws/build/nmea_msgs
