[2.759s] Invoking command in '/home/pi/test_ws/build/urdf_wow_monk': PYTHONPATH=/home/pi/test_ws/build/urdf_wow_monk/prefix_override:/home/pi/test_ws/install/urdf_wow_monk/lib/python3.11/site-packages:${PYTHONPATH} /usr/bin/python3 setup.py develop --editable --build-directory /home/pi/test_ws/build/urdf_wow_monk/build --no-deps install_data
[3.716s] running develop
[3.717s] /usr/lib/python3/dist-packages/setuptools/command/easy_install.py:146: EasyInstallDeprecationWarning: easy_install command is deprecated. Use build and pip and other standards-based tools.
[3.717s]   warnings.warn(
[3.796s] /usr/lib/python3/dist-packages/setuptools/command/install.py:34: SetuptoolsDeprecationWarning: setup.py install is deprecated. Use build and pip and other standards-based tools.
[3.796s]   warnings.warn(
[4.361s] running egg_info
[4.441s] writing urdf_wow_monk.egg-info/PKG-INFO
[4.442s] writing dependency_links to urdf_wow_monk.egg-info/dependency_links.txt
[4.443s] writing entry points to urdf_wow_monk.egg-info/entry_points.txt
[4.445s] writing requirements to urdf_wow_monk.egg-info/requires.txt
[4.449s] writing top-level names to urdf_wow_monk.egg-info/top_level.txt
[4.625s] reading manifest file 'urdf_wow_monk.egg-info/SOURCES.txt'
[4.627s] writing manifest file 'urdf_wow_monk.egg-info/SOURCES.txt'
[4.730s] running build_ext
[4.730s] Creating /home/pi/test_ws/install/urdf_wow_monk/lib/python3.11/site-packages/urdf-wow-monk.egg-link (link to .)
[4.731s] Installing state_publisher script to /home/pi/test_ws/install/urdf_wow_monk/lib/urdf_wow_monk
[4.733s] 
[4.733s] Installed /home/pi/test_ws/build/urdf_wow_monk
[4.733s] running install_data
[4.734s] copying launch/demo_launch.py -> /home/pi/test_ws/install/urdf_wow_monk/share/urdf_wow_monk/launch
[4.981s] Invoked command in '/home/pi/test_ws/build/urdf_wow_monk' returned '0': PYTHONPATH=/home/pi/test_ws/build/urdf_wow_monk/prefix_override:/home/pi/test_ws/install/urdf_wow_monk/lib/python3.11/site-packages:${PYTHONPATH} /usr/bin/python3 setup.py develop --editable --build-directory /home/pi/test_ws/build/urdf_wow_monk/build --no-deps install_data
