[6.165s] Invoking command in '/home/pi/test_ws/build/urdf_wow_monk': PYTHONPATH=/home/pi/test_ws/build/urdf_wow_monk/prefix_override:/home/pi/test_ws/install/urdf_wow_monk/lib/python3.11/site-packages:${PYTHONPATH} /usr/bin/python3 setup.py develop --editable --build-directory /home/pi/test_ws/build/urdf_wow_monk/build --no-deps install_data
[7.491s] running develop
[7.491s] /usr/lib/python3/dist-packages/setuptools/command/easy_install.py:146: EasyInstallDeprecationWarning: easy_install command is deprecated. Use build and pip and other standards-based tools.
[7.491s]   warnings.warn(
[7.588s] /usr/lib/python3/dist-packages/setuptools/command/install.py:34: SetuptoolsDeprecationWarning: setup.py install is deprecated. Use build and pip and other standards-based tools.
[7.588s]   warnings.warn(
[8.116s] running egg_info
[8.159s] writing urdf_wow_monk.egg-info/PKG-INFO
[8.160s] writing dependency_links to urdf_wow_monk.egg-info/dependency_links.txt
[8.162s] writing entry points to urdf_wow_monk.egg-info/entry_points.txt
[8.163s] writing requirements to urdf_wow_monk.egg-info/requires.txt
[8.165s] writing top-level names to urdf_wow_monk.egg-info/top_level.txt
[8.263s] reading manifest file 'urdf_wow_monk.egg-info/SOURCES.txt'
[8.265s] writing manifest file 'urdf_wow_monk.egg-info/SOURCES.txt'
[8.327s] running build_ext
[8.327s] Creating /home/pi/test_ws/install/urdf_wow_monk/lib/python3.11/site-packages/urdf-wow-monk.egg-link (link to .)
[8.331s] Installing state_publisher script to /home/pi/test_ws/install/urdf_wow_monk/lib/urdf_wow_monk
[8.331s] 
[8.331s] Installed /home/pi/test_ws/build/urdf_wow_monk
[8.331s] running install_data
[8.652s] Invoked command in '/home/pi/test_ws/build/urdf_wow_monk' returned '0': PYTHONPATH=/home/pi/test_ws/build/urdf_wow_monk/prefix_override:/home/pi/test_ws/install/urdf_wow_monk/lib/python3.11/site-packages:${PYTHONPATH} /usr/bin/python3 setup.py develop --editable --build-directory /home/pi/test_ws/build/urdf_wow_monk/build --no-deps install_data
