[5.961s] Invoking command in '/home/pi/test_ws/build/gps_publisher': PYTHONPATH=/home/pi/test_ws/build/gps_publisher/prefix_override:/home/pi/test_ws/install/gps_publisher/lib/python3.11/site-packages:${PYTHONPATH} /usr/bin/python3 setup.py develop --editable --build-directory /home/pi/test_ws/build/gps_publisher/build --no-deps install_data
[7.362s] running develop
[7.366s] /usr/lib/python3/dist-packages/setuptools/command/easy_install.py:146: EasyInstallDeprecationWarning: easy_install command is deprecated. Use build and pip and other standards-based tools.
[7.366s]   warnings.warn(
[7.472s] /usr/lib/python3/dist-packages/setuptools/command/install.py:34: SetuptoolsDeprecationWarning: setup.py install is deprecated. Use build and pip and other standards-based tools.
[7.472s]   warnings.warn(
[8.050s] running egg_info
[8.098s] writing gps_publisher.egg-info/PKG-INFO
[8.098s] writing dependency_links to gps_publisher.egg-info/dependency_links.txt
[8.099s] writing entry points to gps_publisher.egg-info/entry_points.txt
[8.099s] writing requirements to gps_publisher.egg-info/requires.txt
[8.099s] writing top-level names to gps_publisher.egg-info/top_level.txt
[8.195s] reading manifest file 'gps_publisher.egg-info/SOURCES.txt'
[8.198s] writing manifest file 'gps_publisher.egg-info/SOURCES.txt'
[8.257s] running build_ext
[8.257s] Creating /home/pi/test_ws/install/gps_publisher/lib/python3.11/site-packages/gps-publisher.egg-link (link to .)
[8.257s] Installing gps_node script to /home/pi/test_ws/install/gps_publisher/lib/gps_publisher
[8.257s] 
[8.257s] Installed /home/pi/test_ws/build/gps_publisher
[8.257s] running install_data
[8.504s] Invoked command in '/home/pi/test_ws/build/gps_publisher' returned '0': PYTHONPATH=/home/pi/test_ws/build/gps_publisher/prefix_override:/home/pi/test_ws/install/gps_publisher/lib/python3.11/site-packages:${PYTHONPATH} /usr/bin/python3 setup.py develop --editable --build-directory /home/pi/test_ws/build/gps_publisher/build --no-deps install_data
