[3.948s] Invoking command in '/home/pi/test_ws/build/urdf_wow_monk': PYTHONPATH=/home/pi/test_ws/build/urdf_wow_monk/prefix_override:/home/pi/test_ws/install/urdf_wow_monk/lib/python3.11/site-packages:${PYTHONPATH} /usr/bin/python3 setup.py develop --editable --build-directory /home/pi/test_ws/build/urdf_wow_monk/build --no-deps install_data
[5.202s] running develop
[5.202s] /usr/lib/python3/dist-packages/setuptools/command/easy_install.py:146: EasyInstallDeprecationWarning: easy_install command is deprecated. Use build and pip and other standards-based tools.
[5.203s]   warnings.warn(
[5.301s] /usr/lib/python3/dist-packages/setuptools/command/install.py:34: SetuptoolsDeprecationWarning: setup.py install is deprecated. Use build and pip and other standards-based tools.
[5.301s]   warnings.warn(
[5.825s] running egg_info
[5.884s] writing urdf_wow_monk.egg-info/PKG-INFO
[5.886s] writing dependency_links to urdf_wow_monk.egg-info/dependency_links.txt
[5.887s] writing entry points to urdf_wow_monk.egg-info/entry_points.txt
[5.892s] writing requirements to urdf_wow_monk.egg-info/requires.txt
[5.893s] writing top-level names to urdf_wow_monk.egg-info/top_level.txt
[6.014s] reading manifest file 'urdf_wow_monk.egg-info/SOURCES.txt'
[6.017s] writing manifest file 'urdf_wow_monk.egg-info/SOURCES.txt'
[6.072s] running build_ext
[6.073s] Creating /home/pi/test_ws/install/urdf_wow_monk/lib/python3.11/site-packages/urdf-wow-monk.egg-link (link to .)
[6.075s] Installing state_publisher script to /home/pi/test_ws/install/urdf_wow_monk/lib/urdf_wow_monk
[6.075s] 
[6.075s] Installed /home/pi/test_ws/build/urdf_wow_monk
[6.075s] running install_data
[6.307s] Invoked command in '/home/pi/test_ws/build/urdf_wow_monk' returned '0': PYTHONPATH=/home/pi/test_ws/build/urdf_wow_monk/prefix_override:/home/pi/test_ws/install/urdf_wow_monk/lib/python3.11/site-packages:${PYTHONPATH} /usr/bin/python3 setup.py develop --editable --build-directory /home/pi/test_ws/build/urdf_wow_monk/build --no-deps install_data
