[7.015s] Invoking command in '/home/pi/test_ws/build/gps_publisher': PYTHONPATH=/home/pi/test_ws/build/gps_publisher/prefix_override:/home/pi/test_ws/install/gps_publisher/lib/python3.11/site-packages:${PYTHONPATH} /usr/bin/python3 setup.py develop --editable --build-directory /home/pi/test_ws/build/gps_publisher/build --no-deps install_data
[8.346s] running develop
[8.347s] /usr/lib/python3/dist-packages/setuptools/command/easy_install.py:146: EasyInstallDeprecationWarning: easy_install command is deprecated. Use build and pip and other standards-based tools.
[8.347s]   warnings.warn(
[8.460s] /usr/lib/python3/dist-packages/setuptools/command/install.py:34: SetuptoolsDeprecationWarning: setup.py install is deprecated. Use build and pip and other standards-based tools.
[8.461s]   warnings.warn(
[9.077s] running egg_info
[9.124s] writing gps_publisher.egg-info/PKG-INFO
[9.124s] writing dependency_links to gps_publisher.egg-info/dependency_links.txt
[9.126s] writing entry points to gps_publisher.egg-info/entry_points.txt
[9.127s] writing requirements to gps_publisher.egg-info/requires.txt
[9.127s] writing top-level names to gps_publisher.egg-info/top_level.txt
[9.234s] reading manifest file 'gps_publisher.egg-info/SOURCES.txt'
[9.235s] writing manifest file 'gps_publisher.egg-info/SOURCES.txt'
[9.310s] running build_ext
[9.311s] Creating /home/pi/test_ws/install/gps_publisher/lib/python3.11/site-packages/gps-publisher.egg-link (link to .)
[9.311s] Installing gps_node script to /home/pi/test_ws/install/gps_publisher/lib/gps_publisher
[9.311s] 
[9.312s] Installed /home/pi/test_ws/build/gps_publisher
[9.312s] running install_data
[9.651s] Invoked command in '/home/pi/test_ws/build/gps_publisher' returned '0': PYTHONPATH=/home/pi/test_ws/build/gps_publisher/prefix_override:/home/pi/test_ws/install/gps_publisher/lib/python3.11/site-packages:${PYTHONPATH} /usr/bin/python3 setup.py develop --editable --build-directory /home/pi/test_ws/build/gps_publisher/build --no-deps install_data
