[3.951s] Invoking command in '/home/pi/test_ws/build/urdf_wow_monk': PYTHONPATH=/home/pi/test_ws/build/urdf_wow_monk/prefix_override:/home/pi/test_ws/install/urdf_wow_monk/lib/python3.11/site-packages:${PYTHONPATH} /usr/bin/python3 setup.py develop --editable --build-directory /home/pi/test_ws/build/urdf_wow_monk/build --no-deps install_data
[5.311s] running develop
[5.312s] /usr/lib/python3/dist-packages/setuptools/command/easy_install.py:146: EasyInstallDeprecationWarning: easy_install command is deprecated. Use build and pip and other standards-based tools.
[5.312s]   warnings.warn(
[5.436s] /usr/lib/python3/dist-packages/setuptools/command/install.py:34: SetuptoolsDeprecationWarning: setup.py install is deprecated. Use build and pip and other standards-based tools.
[5.436s]   warnings.warn(
[5.970s] running egg_info
[6.013s] writing urdf_wow_monk.egg-info/PKG-INFO
[6.013s] writing dependency_links to urdf_wow_monk.egg-info/dependency_links.txt
[6.014s] writing entry points to urdf_wow_monk.egg-info/entry_points.txt
[6.014s] writing requirements to urdf_wow_monk.egg-info/requires.txt
[6.014s] writing top-level names to urdf_wow_monk.egg-info/top_level.txt
[6.104s] reading manifest file 'urdf_wow_monk.egg-info/SOURCES.txt'
[6.106s] writing manifest file 'urdf_wow_monk.egg-info/SOURCES.txt'
[6.156s] running build_ext
[6.156s] Creating /home/pi/test_ws/install/urdf_wow_monk/lib/python3.11/site-packages/urdf-wow-monk.egg-link (link to .)
[6.157s] Installing state_publisher script to /home/pi/test_ws/install/urdf_wow_monk/lib/urdf_wow_monk
[6.157s] 
[6.157s] Installed /home/pi/test_ws/build/urdf_wow_monk
[6.157s] running install_data
[6.338s] Invoked command in '/home/pi/test_ws/build/urdf_wow_monk' returned '0': PYTHONPATH=/home/pi/test_ws/build/urdf_wow_monk/prefix_override:/home/pi/test_ws/install/urdf_wow_monk/lib/python3.11/site-packages:${PYTHONPATH} /usr/bin/python3 setup.py develop --editable --build-directory /home/pi/test_ws/build/urdf_wow_monk/build --no-deps install_data
