[2.737s] Invoking command in '/home/pi/test_ws/build/gps_publisher': PYTHONPATH=/home/pi/test_ws/build/gps_publisher/prefix_override:/home/pi/test_ws/install/gps_publisher/lib/python3.11/site-packages:${PYTHONPATH} /usr/bin/python3 setup.py develop --editable --build-directory /home/pi/test_ws/build/gps_publisher/build --no-deps install_data
[3.689s] running develop
[3.689s] /usr/lib/python3/dist-packages/setuptools/command/easy_install.py:146: EasyInstallDeprecationWarning: easy_install command is deprecated. Use build and pip and other standards-based tools.
[3.689s]   warnings.warn(
[3.769s] /usr/lib/python3/dist-packages/setuptools/command/install.py:34: SetuptoolsDeprecationWarning: setup.py install is deprecated. Use build and pip and other standards-based tools.
[3.769s]   warnings.warn(
[4.173s] running egg_info
[4.211s] writing gps_publisher.egg-info/PKG-INFO
[4.211s] writing dependency_links to gps_publisher.egg-info/dependency_links.txt
[4.212s] writing entry points to gps_publisher.egg-info/entry_points.txt
[4.214s] writing requirements to gps_publisher.egg-info/requires.txt
[4.215s] writing top-level names to gps_publisher.egg-info/top_level.txt
[4.293s] reading manifest file 'gps_publisher.egg-info/SOURCES.txt'
[4.294s] writing manifest file 'gps_publisher.egg-info/SOURCES.txt'
[4.339s] running build_ext
[4.339s] Creating /home/pi/test_ws/install/gps_publisher/lib/python3.11/site-packages/gps-publisher.egg-link (link to .)
[4.340s] Installing gps_node script to /home/pi/test_ws/install/gps_publisher/lib/gps_publisher
[4.340s] 
[4.341s] Installed /home/pi/test_ws/build/gps_publisher
[4.341s] running install_data
[4.508s] Invoked command in '/home/pi/test_ws/build/gps_publisher' returned '0': PYTHONPATH=/home/pi/test_ws/build/gps_publisher/prefix_override:/home/pi/test_ws/install/gps_publisher/lib/python3.11/site-packages:${PYTHONPATH} /usr/bin/python3 setup.py develop --editable --build-directory /home/pi/test_ws/build/gps_publisher/build --no-deps install_data
